<?xml version="1.0" encoding="UTF-8"?>
<coverage generated="1726603212378" clover="3.2.0">
  <project timestamp="1726603212379" name="All files">
    <metrics statements="1061" coveredstatements="935" conditionals="258" coveredconditionals="192" methods="104" coveredmethods="99" elements="1423" coveredelements="1226" complexity="0" loc="1061" ncloc="1061" packages="3" files="3" classes="3"/>
    <package name="LGS">
      <metrics statements="305" coveredstatements="284" conditionals="66" coveredconditionals="56" methods="28" coveredmethods="27"/>
      <file name="scriptLGS.js" path="C:\Users\I550880\Documents\5. Semester\Numerik\Numerikprojekt\LGS\scriptLGS.js">
        <metrics statements="305" coveredstatements="284" conditionals="66" coveredconditionals="56" methods="28" coveredmethods="27"/>
        <line num="1" count="1" type="stmt"/>
        <line num="2" count="0" type="stmt"/>
        <line num="3" count="0" type="stmt"/>
        <line num="4" count="0" type="stmt"/>
        <line num="5" count="0" type="stmt"/>
        <line num="6" count="0" type="stmt"/>
        <line num="7" count="0" type="stmt"/>
        <line num="8" count="0" type="stmt"/>
        <line num="9" count="0" type="stmt"/>
        <line num="10" count="0" type="stmt"/>
        <line num="11" count="0" type="stmt"/>
        <line num="12" count="0" type="stmt"/>
        <line num="13" count="0" type="stmt"/>
        <line num="15" count="0" type="stmt"/>
        <line num="19" count="5" type="stmt"/>
        <line num="20" count="5" type="stmt"/>
        <line num="21" count="5" type="stmt"/>
        <line num="22" count="5" type="stmt"/>
        <line num="23" count="5" type="stmt"/>
        <line num="24" count="5" type="cond" truecount="2" falsecount="0"/>
        <line num="25" count="4" type="stmt"/>
        <line num="26" count="4" type="stmt"/>
        <line num="27" count="4" type="stmt"/>
        <line num="29" count="5" type="cond" truecount="2" falsecount="0"/>
        <line num="30" count="4" type="stmt"/>
        <line num="31" count="4" type="stmt"/>
        <line num="32" count="4" type="stmt"/>
        <line num="35" count="5" type="stmt"/>
        <line num="39" count="12" type="stmt"/>
        <line num="40" count="12" type="stmt"/>
        <line num="41" count="12" type="stmt"/>
        <line num="42" count="12" type="stmt"/>
        <line num="43" count="12" type="cond" truecount="2" falsecount="0"/>
        <line num="44" count="11" type="stmt"/>
        <line num="45" count="11" type="stmt"/>
        <line num="46" count="61" type="stmt"/>
        <line num="47" count="61" type="stmt"/>
        <line num="48" count="61" type="stmt"/>
        <line num="49" count="61" type="stmt"/>
        <line num="51" count="11" type="stmt"/>
        <line num="52" count="11" type="stmt"/>
        <line num="53" count="11" type="stmt"/>
        <line num="54" count="11" type="stmt"/>
        <line num="55" count="11" type="stmt"/>
        <line num="56" count="11" type="stmt"/>
        <line num="57" count="11" type="stmt"/>
        <line num="59" count="12" type="cond" truecount="2" falsecount="0"/>
        <line num="60" count="10" type="stmt"/>
        <line num="61" count="51" type="stmt"/>
        <line num="62" count="51" type="stmt"/>
        <line num="63" count="51" type="stmt"/>
        <line num="64" count="51" type="stmt"/>
        <line num="66" count="10" type="stmt"/>
        <line num="72" count="5" type="stmt"/>
        <line num="73" count="5" type="stmt"/>
        <line num="74" count="5" type="stmt"/>
        <line num="75" count="5" type="stmt"/>
        <line num="76" count="5" type="stmt"/>
        <line num="77" count="5" type="cond" truecount="1" falsecount="1"/>
        <line num="78" count="5" type="stmt"/>
        <line num="81" count="5" type="stmt"/>
        <line num="82" count="5" type="stmt"/>
        <line num="83" count="5" type="stmt"/>
        <line num="84" count="5" type="stmt"/>
        <line num="85" count="5" type="stmt"/>
        <line num="86" count="5" type="stmt"/>
        <line num="88" count="5" type="stmt"/>
        <line num="90" count="5" type="stmt"/>
        <line num="91" count="5" type="stmt"/>
        <line num="93" count="5" type="stmt"/>
        <line num="94" count="30" type="cond" truecount="1" falsecount="1"/>
        <line num="95" count="0" type="stmt"/>
        <line num="97" count="30" type="stmt"/>
        <line num="101" count="5" type="stmt"/>
        <line num="102" count="10" type="cond" truecount="1" falsecount="1"/>
        <line num="103" count="0" type="stmt"/>
        <line num="105" count="10" type="stmt"/>
        <line num="108" count="5" type="stmt"/>
        <line num="109" count="5" type="stmt"/>
        <line num="111" count="5" type="stmt"/>
        <line num="114" count="5" type="stmt"/>
        <line num="115" count="5" type="stmt"/>
        <line num="116" count="5" type="stmt"/>
        <line num="117" count="10" type="stmt"/>
        <line num="118" count="10" type="stmt"/>
        <line num="119" count="30" type="stmt"/>
        <line num="120" count="30" type="cond" truecount="2" falsecount="0"/>
        <line num="121" count="20" type="stmt"/>
        <line num="123" count="10" type="stmt"/>
        <line num="126" count="10" type="stmt"/>
        <line num="130" count="5" type="stmt"/>
        <line num="131" count="5" type="stmt"/>
        <line num="132" count="10" type="stmt"/>
        <line num="133" count="20" type="stmt"/>
        <line num="134" count="20" type="stmt"/>
        <line num="135" count="20" type="cond" truecount="2" falsecount="0"/>
        <line num="136" count="10" type="stmt"/>
        <line num="138" count="10" type="stmt"/>
        <line num="142" count="5" type="stmt"/>
        <line num="145" count="5" type="stmt"/>
        <line num="146" count="5" type="stmt"/>
        <line num="147" count="10" type="stmt"/>
        <line num="148" count="10" type="stmt"/>
        <line num="149" count="10" type="cond" truecount="2" falsecount="0"/>
        <line num="150" count="5" type="stmt"/>
        <line num="153" count="5" type="stmt"/>
        <line num="156" count="5" type="stmt"/>
        <line num="157" count="5" type="stmt"/>
        <line num="158" count="10" type="stmt"/>
        <line num="159" count="10" type="cond" truecount="2" falsecount="0"/>
        <line num="160" count="5" type="stmt"/>
        <line num="163" count="5" type="stmt"/>
        <line num="166" count="5" type="stmt"/>
        <line num="169" count="5" type="stmt"/>
        <line num="170" count="5" type="stmt"/>
        <line num="171" count="5" type="stmt"/>
        <line num="174" count="5" type="stmt"/>
        <line num="175" count="10" type="stmt"/>
        <line num="176" count="10" type="stmt"/>
        <line num="177" count="10" type="stmt"/>
        <line num="178" count="10" type="stmt"/>
        <line num="179" count="20" type="cond" truecount="2" falsecount="0"/>
        <line num="180" count="10" type="stmt"/>
        <line num="181" count="10" type="stmt"/>
        <line num="182" count="10" type="stmt"/>
        <line num="183" count="10" type="cond" truecount="2" falsecount="0"/>
        <line num="184" count="5" type="stmt"/>
        <line num="185" count="5" type="stmt"/>
        <line num="186" count="5" type="stmt"/>
        <line num="188" count="5" type="stmt"/>
        <line num="189" count="5" type="stmt"/>
        <line num="190" count="5" type="stmt"/>
        <line num="195" count="5" type="stmt"/>
        <line num="196" count="5" type="stmt"/>
        <line num="198" count="5" type="stmt"/>
        <line num="199" count="9" type="stmt"/>
        <line num="200" count="9" type="stmt"/>
        <line num="201" count="17" type="cond" truecount="2" falsecount="0"/>
        <line num="202" count="9" type="cond" truecount="2" falsecount="0"/>
        <line num="204" count="8" type="stmt"/>
        <line num="207" count="1" type="stmt"/>
        <line num="208" count="1" type="stmt"/>
        <line num="211" count="8" type="stmt"/>
        <line num="216" count="4" type="stmt"/>
        <line num="219" count="5" type="stmt"/>
        <line num="223" count="19" type="stmt"/>
        <line num="224" count="19" type="stmt"/>
        <line num="225" count="38" type="stmt"/>
        <line num="226" count="76" type="stmt"/>
        <line num="227" count="76" type="cond" truecount="2" falsecount="0"/>
        <line num="228" count="38" type="stmt"/>
        <line num="231" count="38" type="cond" truecount="2" falsecount="0"/>
        <line num="232" count="19" type="stmt"/>
        <line num="235" count="19" type="stmt"/>
        <line num="236" count="19" type="stmt"/>
        <line num="239" count="5" type="stmt"/>
        <line num="240" count="5" type="stmt"/>
        <line num="241" count="5" type="stmt"/>
        <line num="243" count="5" type="stmt"/>
        <line num="244" count="5" type="stmt"/>
        <line num="245" count="5" type="stmt"/>
        <line num="246" count="5" type="stmt"/>
        <line num="248" count="5" type="stmt"/>
        <line num="249" count="5" type="cond" truecount="1" falsecount="1"/>
        <line num="250" count="0" type="stmt"/>
        <line num="253" count="5" type="cond" truecount="4" falsecount="0"/>
        <line num="255" count="4" type="stmt"/>
        <line num="259" count="25" type="stmt"/>
        <line num="260" count="25" type="stmt"/>
        <line num="261" count="50" type="stmt"/>
        <line num="262" count="100" type="stmt"/>
        <line num="264" count="50" type="stmt"/>
        <line num="266" count="25" type="stmt"/>
        <line num="271" count="50" type="stmt"/>
        <line num="276" count="50" type="stmt"/>
        <line num="279" count="4" type="stmt"/>
        <line num="280" count="4" type="stmt"/>
        <line num="281" count="25" type="stmt"/>
        <line num="282" count="25" type="stmt"/>
        <line num="283" count="50" type="stmt"/>
        <line num="284" count="50" type="cond" truecount="2" falsecount="0"/>
        <line num="285" count="25" type="stmt"/>
        <line num="288" count="25" type="stmt"/>
        <line num="290" count="100" type="stmt"/>
        <line num="293" count="25" type="stmt"/>
        <line num="296" count="25" type="stmt"/>
        <line num="299" count="25" type="stmt"/>
        <line num="300" count="25" type="stmt"/>
        <line num="301" count="25" type="stmt"/>
        <line num="302" count="50" type="stmt"/>
        <line num="303" count="50" type="cond" truecount="2" falsecount="0"/>
        <line num="304" count="25" type="stmt"/>
        <line num="307" count="25" type="stmt"/>
        <line num="308" count="25" type="stmt"/>
        <line num="309" count="25" type="stmt"/>
        <line num="310" count="25" type="cond" truecount="1" falsecount="1"/>
        <line num="311" count="0" type="stmt"/>
        <line num="312" count="0" type="stmt"/>
        <line num="314" count="25" type="stmt"/>
        <line num="315" count="25" type="cond" truecount="1" falsecount="1"/>
        <line num="316" count="0" type="stmt"/>
        <line num="317" count="0" type="stmt"/>
        <line num="321" count="8" type="stmt"/>
        <line num="322" count="8" type="stmt"/>
        <line num="323" count="16" type="stmt"/>
        <line num="325" count="8" type="stmt"/>
        <line num="328" count="4" type="stmt"/>
        <line num="329" count="4" type="stmt"/>
        <line num="330" count="4" type="stmt"/>
        <line num="331" count="4" type="stmt"/>
        <line num="333" count="16" type="stmt"/>
        <line num="337" count="8" type="stmt"/>
        <line num="341" count="4" type="stmt"/>
        <line num="342" count="4" type="stmt"/>
        <line num="343" count="4" type="stmt"/>
        <line num="344" count="4" type="stmt"/>
        <line num="345" count="4" type="stmt"/>
        <line num="348" count="4" type="stmt"/>
        <line num="349" count="4" type="stmt"/>
        <line num="352" count="5" type="stmt"/>
        <line num="353" count="5" type="stmt"/>
        <line num="354" count="5" type="stmt"/>
        <line num="358" count="1" type="stmt"/>
        <line num="359" count="1" type="stmt"/>
        <line num="360" count="1" type="stmt"/>
        <line num="361" count="2" type="stmt"/>
        <line num="362" count="2" type="stmt"/>
        <line num="364" count="1" type="stmt"/>
        <line num="365" count="4" type="stmt"/>
        <line num="367" count="1" type="stmt"/>
        <line num="371" count="32" type="stmt"/>
        <line num="372" count="32" type="stmt"/>
        <line num="373" count="129" type="stmt"/>
        <line num="374" count="129" type="stmt"/>
        <line num="375" count="827" type="stmt"/>
        <line num="376" count="827" type="cond" truecount="2" falsecount="0"/>
        <line num="377" count="545" type="stmt"/>
        <line num="379" count="827" type="cond" truecount="2" falsecount="0"/>
        <line num="380" count="129" type="stmt"/>
        <line num="381" count="129" type="stmt"/>
        <line num="382" count="698" type="cond" truecount="2" falsecount="0"/>
        <line num="383" count="569" type="stmt"/>
        <line num="384" count="569" type="stmt"/>
        <line num="393" count="1" type="stmt"/>
        <line num="394" count="1" type="stmt"/>
        <line num="395" count="1" type="stmt"/>
        <line num="396" count="2" type="stmt"/>
        <line num="397" count="2" type="stmt"/>
        <line num="399" count="1" type="stmt"/>
        <line num="400" count="4" type="stmt"/>
        <line num="402" count="1" type="stmt"/>
        <line num="403" count="1" type="stmt"/>
        <line num="410" count="1" type="stmt"/>
        <line num="412" count="1" type="stmt"/>
        <line num="413" count="20" type="stmt"/>
        <line num="419" count="9" type="stmt"/>
        <line num="420" count="9" type="stmt"/>
        <line num="421" count="9" type="stmt"/>
        <line num="422" count="9" type="stmt"/>
        <line num="423" count="45" type="stmt"/>
        <line num="424" count="45" type="stmt"/>
        <line num="425" count="45" type="stmt"/>
        <line num="426" count="45" type="stmt"/>
        <line num="428" count="9" type="stmt"/>
        <line num="429" count="9" type="stmt"/>
        <line num="430" count="9" type="stmt"/>
        <line num="431" count="9" type="stmt"/>
        <line num="432" count="9" type="stmt"/>
        <line num="433" count="9" type="stmt"/>
        <line num="439" count="5" type="stmt"/>
        <line num="442" count="5" type="stmt"/>
        <line num="443" count="10" type="stmt"/>
        <line num="447" count="5" type="stmt"/>
        <line num="449" count="10" type="stmt"/>
        <line num="450" count="10" type="stmt"/>
        <line num="451" count="10" type="stmt"/>
        <line num="452" count="5" type="cond" truecount="1" falsecount="1"/>
        <line num="453" count="5" type="stmt"/>
        <line num="454" count="5" type="stmt"/>
        <line num="459" count="10" type="stmt"/>
        <line num="460" count="25" type="stmt"/>
        <line num="461" count="25" type="stmt"/>
        <line num="462" count="25" type="stmt"/>
        <line num="466" count="10" type="stmt"/>
        <line num="467" count="5" type="stmt"/>
        <line num="468" count="5" type="stmt"/>
        <line num="469" count="5" type="stmt"/>
        <line num="470" count="15" type="cond" truecount="2" falsecount="0"/>
        <line num="471" count="5" type="stmt"/>
        <line num="473" count="10" type="stmt"/>
        <line num="474" count="10" type="stmt"/>
        <line num="481" count="5" type="stmt"/>
        <line num="482" count="10" type="cond" truecount="2" falsecount="2"/>
        <line num="483" count="0" type="stmt"/>
        <line num="488" count="5" type="stmt"/>
        <line num="489" count="5" type="stmt"/>
        <line num="490" count="10" type="stmt"/>
        <line num="491" count="10" type="stmt"/>
        <line num="492" count="10" type="stmt"/>
        <line num="493" count="5" type="stmt"/>
        <line num="494" count="5" type="stmt"/>
        <line num="498" count="5" type="stmt"/>
        <line num="503" count="30" type="stmt"/>
        <line num="505" count="1" type="cond" truecount="3" falsecount="1"/>
        <line num="506" count="1" type="stmt"/>
      </file>
    </package>
    <package name="LineareOptimierung">
      <metrics statements="389" coveredstatements="354" conditionals="128" coveredconditionals="94" methods="48" coveredmethods="45"/>
      <file name="scriptOptimierung.js" path="C:\Users\I550880\Documents\5. Semester\Numerik\Numerikprojekt\LineareOptimierung\scriptOptimierung.js">
        <metrics statements="389" coveredstatements="354" conditionals="128" coveredconditionals="94" methods="48" coveredmethods="45"/>
        <line num="3" count="16" type="stmt"/>
        <line num="4" count="16" type="stmt"/>
        <line num="5" count="16" type="stmt"/>
        <line num="6" count="16" type="stmt"/>
        <line num="7" count="16" type="stmt"/>
        <line num="8" count="16" type="stmt"/>
        <line num="9" count="16" type="stmt"/>
        <line num="10" count="16" type="stmt"/>
        <line num="11" count="16" type="stmt"/>
        <line num="12" count="16" type="stmt"/>
        <line num="13" count="16" type="stmt"/>
        <line num="14" count="16" type="stmt"/>
        <line num="15" count="16" type="stmt"/>
        <line num="16" count="16" type="stmt"/>
        <line num="17" count="16" type="stmt"/>
        <line num="18" count="16" type="stmt"/>
        <line num="19" count="16" type="stmt"/>
        <line num="20" count="16" type="stmt"/>
        <line num="21" count="16" type="stmt"/>
        <line num="22" count="16" type="stmt"/>
        <line num="23" count="16" type="stmt"/>
        <line num="24" count="16" type="stmt"/>
        <line num="25" count="16" type="stmt"/>
        <line num="26" count="16" type="stmt"/>
        <line num="30" count="1" type="stmt"/>
        <line num="34" count="34" type="stmt"/>
        <line num="36" count="17" type="stmt"/>
        <line num="37" count="102" type="stmt"/>
        <line num="38" count="102" type="stmt"/>
        <line num="40" count="102" type="stmt"/>
        <line num="41" count="204" type="cond" truecount="4" falsecount="0"/>
        <line num="42" count="119" type="stmt"/>
        <line num="44" count="119" type="cond" truecount="4" falsecount="1"/>
        <line num="47" count="85" type="cond" truecount="1" falsecount="1"/>
        <line num="48" count="85" type="stmt"/>
        <line num="50" count="0" type="stmt"/>
        <line num="52" count="85" type="stmt"/>
        <line num="55" count="34" type="cond" truecount="1" falsecount="1"/>
        <line num="56" count="34" type="stmt"/>
        <line num="58" count="0" type="stmt"/>
        <line num="60" count="34" type="stmt"/>
        <line num="62" count="0" type="stmt"/>
        <line num="63" count="0" type="stmt"/>
        <line num="64" count="0" type="stmt"/>
        <line num="70" count="34" type="stmt"/>
        <line num="78" count="10" type="stmt"/>
        <line num="83" count="6" type="stmt"/>
        <line num="84" count="5" type="stmt"/>
        <line num="89" count="1" type="stmt"/>
        <line num="90" count="1" type="stmt"/>
        <line num="91" count="1" type="cond" truecount="2" falsecount="0"/>
        <line num="92" count="0" type="stmt"/>
        <line num="93" count="0" type="stmt"/>
        <line num="95" count="1" type="stmt"/>
        <line num="96" count="1" type="stmt"/>
        <line num="97" count="1" type="stmt"/>
        <line num="98" count="1" type="stmt"/>
        <line num="99" count="1" type="stmt"/>
        <line num="100" count="1" type="stmt"/>
        <line num="101" count="1" type="stmt"/>
        <line num="103" count="1" type="stmt"/>
        <line num="105" count="1" type="stmt"/>
        <line num="113" count="1" type="stmt"/>
        <line num="124" count="1" type="stmt"/>
        <line num="144" count="0" type="stmt"/>
        <line num="157" count="0" type="stmt"/>
        <line num="165" count="1" type="stmt"/>
        <line num="167" count="1" type="stmt"/>
        <line num="168" count="1" type="stmt"/>
        <line num="172" count="7" type="stmt"/>
        <line num="173" count="7" type="stmt"/>
        <line num="175" count="13" type="stmt"/>
        <line num="176" count="26" type="stmt"/>
        <line num="179" count="13" type="stmt"/>
        <line num="180" count="13" type="stmt"/>
        <line num="184" count="13" type="cond" truecount="5" falsecount="1"/>
        <line num="186" count="1" type="stmt"/>
        <line num="187" count="1" type="stmt"/>
        <line num="189" count="9" type="stmt"/>
        <line num="190" count="9" type="stmt"/>
        <line num="192" count="1" type="stmt"/>
        <line num="193" count="1" type="stmt"/>
        <line num="195" count="1" type="stmt"/>
        <line num="196" count="1" type="stmt"/>
        <line num="198" count="0" type="stmt"/>
        <line num="199" count="0" type="stmt"/>
        <line num="201" count="1" type="stmt"/>
        <line num="202" count="1" type="stmt"/>
        <line num="205" count="13" type="stmt"/>
        <line num="206" count="13" type="stmt"/>
        <line num="209" count="7" type="stmt"/>
        <line num="210" count="7" type="stmt"/>
        <line num="216" count="7" type="cond" truecount="4" falsecount="0"/>
        <line num="217" count="2" type="stmt"/>
        <line num="223" count="2" type="stmt"/>
        <line num="238" count="2" type="stmt"/>
        <line num="241" count="5" type="stmt"/>
        <line num="242" count="5" type="stmt"/>
        <line num="244" count="5" type="stmt"/>
        <line num="245" count="5" type="stmt"/>
        <line num="246" count="5" type="cond" truecount="5" falsecount="0"/>
        <line num="247" count="1" type="stmt"/>
        <line num="249" count="1" type="stmt"/>
        <line num="250" count="1" type="stmt"/>
        <line num="252" count="4" type="stmt"/>
        <line num="263" count="4" type="stmt"/>
        <line num="264" count="4" type="stmt"/>
        <line num="265" count="4" type="stmt"/>
        <line num="266" count="4" type="stmt"/>
        <line num="267" count="4" type="stmt"/>
        <line num="268" count="4" type="stmt"/>
        <line num="270" count="4" type="stmt"/>
        <line num="271" count="4" type="cond" truecount="2" falsecount="0"/>
        <line num="272" count="1" type="stmt"/>
        <line num="274" count="1" type="cond" truecount="2" falsecount="2"/>
        <line num="275" count="0" type="stmt"/>
        <line num="293" count="1" type="stmt"/>
        <line num="308" count="1" type="stmt"/>
        <line num="309" count="3" type="cond" truecount="2" falsecount="0"/>
        <line num="310" count="1" type="stmt"/>
        <line num="311" count="1" type="stmt"/>
        <line num="312" count="1" type="stmt"/>
        <line num="313" count="1" type="stmt"/>
        <line num="314" count="1" type="stmt"/>
        <line num="329" count="1" type="stmt"/>
        <line num="331" count="2" type="cond" truecount="2" falsecount="0"/>
        <line num="332" count="1" type="stmt"/>
        <line num="333" count="1" type="stmt"/>
        <line num="334" count="1" type="stmt"/>
        <line num="335" count="1" type="stmt"/>
        <line num="351" count="1" type="stmt"/>
        <line num="352" count="1" type="stmt"/>
        <line num="353" count="1" type="stmt"/>
        <line num="356" count="4" type="stmt"/>
        <line num="357" count="4" type="cond" truecount="1" falsecount="1"/>
        <line num="358" count="4" type="stmt"/>
        <line num="366" count="4" type="stmt"/>
        <line num="367" count="4" type="stmt"/>
        <line num="368" count="4" type="stmt"/>
        <line num="370" count="4" type="cond" truecount="2" falsecount="0"/>
        <line num="371" count="2" type="cond" truecount="1" falsecount="1"/>
        <line num="372" count="2" type="stmt"/>
        <line num="375" count="4" type="cond" truecount="1" falsecount="1"/>
        <line num="376" count="4" type="cond" truecount="1" falsecount="1"/>
        <line num="377" count="4" type="stmt"/>
        <line num="381" count="4" type="stmt"/>
        <line num="382" count="4" type="stmt"/>
        <line num="383" count="4" type="stmt"/>
        <line num="385" count="4" type="stmt"/>
        <line num="389" count="3" type="cond" truecount="2" falsecount="0"/>
        <line num="390" count="1" type="stmt"/>
        <line num="391" count="1" type="cond" truecount="1" falsecount="1"/>
        <line num="392" count="1" type="stmt"/>
        <line num="393" count="1" type="stmt"/>
        <line num="394" count="1" type="stmt"/>
        <line num="397" count="2" type="stmt"/>
        <line num="401" count="16" type="stmt"/>
        <line num="402" count="16" type="stmt"/>
        <line num="404" count="16" type="stmt"/>
        <line num="452" count="16" type="stmt"/>
        <line num="457" count="10" type="stmt"/>
        <line num="461" count="23" type="cond" truecount="2" falsecount="0"/>
        <line num="462" count="3" type="stmt"/>
        <line num="463" count="3" type="stmt"/>
        <line num="466" count="20" type="cond" truecount="4" falsecount="0"/>
        <line num="467" count="7" type="cond" truecount="2" falsecount="0"/>
        <line num="468" count="5" type="cond" truecount="1" falsecount="1"/>
        <line num="474" count="15" type="stmt"/>
        <line num="476" count="15" type="stmt"/>
        <line num="478" count="15" type="stmt"/>
        <line num="479" count="23" type="stmt"/>
        <line num="480" count="23" type="stmt"/>
        <line num="481" count="23" type="stmt"/>
        <line num="484" count="15" type="stmt"/>
        <line num="488" count="10" type="stmt"/>
        <line num="491" count="10" type="stmt"/>
        <line num="492" count="13" type="stmt"/>
        <line num="495" count="10" type="stmt"/>
        <line num="496" count="13" type="cond" truecount="1" falsecount="1"/>
        <line num="497" count="10" type="stmt"/>
        <line num="500" count="10" type="stmt"/>
        <line num="501" count="10" type="stmt"/>
        <line num="502" count="10" type="stmt"/>
        <line num="504" count="10" type="stmt"/>
        <line num="506" count="6" type="stmt"/>
        <line num="507" count="6" type="cond" truecount="2" falsecount="0"/>
        <line num="508" count="5" type="stmt"/>
        <line num="509" count="5" type="stmt"/>
        <line num="512" count="10" type="stmt"/>
        <line num="515" count="5" type="stmt"/>
        <line num="516" count="5" type="stmt"/>
        <line num="519" count="10" type="cond" truecount="1" falsecount="1"/>
        <line num="520" count="5" type="stmt"/>
        <line num="522" count="1" type="stmt"/>
        <line num="525" count="10" type="stmt"/>
        <line num="528" count="10" type="stmt"/>
        <line num="538" count="1" type="stmt"/>
        <line num="539" count="2" type="stmt"/>
        <line num="540" count="2" type="stmt"/>
        <line num="541" count="2" type="stmt"/>
        <line num="542" count="2" type="stmt"/>
        <line num="543" count="2" type="stmt"/>
        <line num="544" count="2" type="stmt"/>
        <line num="545" count="2" type="stmt"/>
        <line num="546" count="2" type="stmt"/>
        <line num="547" count="2" type="stmt"/>
        <line num="548" count="2" type="stmt"/>
        <line num="549" count="2" type="stmt"/>
        <line num="550" count="2" type="stmt"/>
        <line num="551" count="2" type="stmt"/>
        <line num="552" count="2" type="stmt"/>
        <line num="553" count="2" type="stmt"/>
        <line num="555" count="2" type="stmt"/>
        <line num="556" count="2" type="stmt"/>
        <line num="557" count="2" type="stmt"/>
        <line num="558" count="2" type="stmt"/>
        <line num="563" count="1" type="stmt"/>
        <line num="564" count="1" type="stmt"/>
        <line num="565" count="1" type="stmt"/>
        <line num="566" count="1" type="stmt"/>
        <line num="567" count="1" type="stmt"/>
        <line num="568" count="1" type="stmt"/>
        <line num="571" count="9" type="stmt"/>
        <line num="572" count="9" type="cond" truecount="2" falsecount="0"/>
        <line num="573" count="7" type="stmt"/>
        <line num="574" count="7" type="stmt"/>
        <line num="575" count="7" type="stmt"/>
        <line num="579" count="7" type="stmt"/>
        <line num="580" count="2" type="cond" truecount="2" falsecount="0"/>
        <line num="581" count="1" type="stmt"/>
        <line num="582" count="1" type="stmt"/>
        <line num="583" count="1" type="stmt"/>
        <line num="587" count="1" type="stmt"/>
        <line num="588" count="1" type="stmt"/>
        <line num="594" count="5" type="stmt"/>
        <line num="595" count="5" type="stmt"/>
        <line num="598" count="5" type="cond" truecount="1" falsecount="1"/>
        <line num="599" count="0" type="stmt"/>
        <line num="600" count="0" type="stmt"/>
        <line num="602" count="5" type="stmt"/>
        <line num="603" count="50" type="stmt"/>
        <line num="604" count="50" type="cond" truecount="2" falsecount="0"/>
        <line num="606" count="5" type="stmt"/>
        <line num="607" count="5" type="stmt"/>
        <line num="608" count="5" type="stmt"/>
        <line num="609" count="5" type="stmt"/>
        <line num="610" count="5" type="stmt"/>
        <line num="611" count="5" type="stmt"/>
        <line num="612" count="5" type="stmt"/>
        <line num="613" count="5" type="stmt"/>
        <line num="614" count="5" type="stmt"/>
        <line num="615" count="5" type="stmt"/>
        <line num="619" count="2" type="stmt"/>
        <line num="620" count="2" type="cond" truecount="2" falsecount="0"/>
        <line num="621" count="1" type="stmt"/>
        <line num="623" count="1" type="stmt"/>
        <line num="629" count="7" type="stmt"/>
        <line num="630" count="7" type="stmt"/>
        <line num="631" count="7" type="stmt"/>
        <line num="632" count="7" type="stmt"/>
        <line num="633" count="7" type="stmt"/>
        <line num="634" count="7" type="stmt"/>
        <line num="635" count="7" type="stmt"/>
        <line num="636" count="7" type="stmt"/>
        <line num="638" count="7" type="stmt"/>
        <line num="639" count="70" type="stmt"/>
        <line num="640" count="70" type="cond" truecount="2" falsecount="0"/>
        <line num="641" count="70" type="cond" truecount="3" falsecount="1"/>
        <line num="642" count="0" type="stmt"/>
        <line num="645" count="7" type="stmt"/>
        <line num="646" count="7" type="stmt"/>
        <line num="647" count="7" type="stmt"/>
        <line num="648" count="7" type="stmt"/>
        <line num="653" count="2" type="stmt"/>
        <line num="654" count="2" type="cond" truecount="1" falsecount="1"/>
        <line num="655" count="0" type="stmt"/>
        <line num="656" count="0" type="stmt"/>
        <line num="657" count="0" type="stmt"/>
        <line num="658" count="0" type="stmt"/>
        <line num="660" count="2" type="stmt"/>
        <line num="665" count="2" type="stmt"/>
        <line num="666" count="2" type="stmt"/>
        <line num="667" count="2" type="cond" truecount="2" falsecount="0"/>
        <line num="668" count="1" type="stmt"/>
        <line num="669" count="1" type="stmt"/>
        <line num="670" count="1" type="stmt"/>
        <line num="671" count="1" type="stmt"/>
        <line num="672" count="1" type="stmt"/>
        <line num="674" count="1" type="stmt"/>
        <line num="675" count="1" type="stmt"/>
        <line num="676" count="1" type="cond" truecount="1" falsecount="1"/>
        <line num="678" count="0" type="stmt"/>
        <line num="679" count="0" type="stmt"/>
        <line num="680" count="0" type="stmt"/>
        <line num="681" count="0" type="stmt"/>
        <line num="683" count="1" type="stmt"/>
        <line num="690" count="3" type="stmt"/>
        <line num="691" count="3" type="stmt"/>
        <line num="692" count="3" type="stmt"/>
        <line num="693" count="3" type="cond" truecount="2" falsecount="0"/>
        <line num="694" count="1" type="stmt"/>
        <line num="695" count="1" type="stmt"/>
        <line num="696" count="1" type="stmt"/>
        <line num="698" count="2" type="stmt"/>
        <line num="699" count="2" type="stmt"/>
        <line num="700" count="2" type="stmt"/>
        <line num="702" count="3" type="cond" truecount="2" falsecount="0"/>
        <line num="703" count="1" type="stmt"/>
        <line num="704" count="1" type="cond" truecount="1" falsecount="1"/>
        <line num="705" count="0" type="stmt"/>
        <line num="706" count="0" type="stmt"/>
        <line num="708" count="1" type="stmt"/>
        <line num="709" count="1" type="stmt"/>
        <line num="713" count="2" type="stmt"/>
        <line num="714" count="2" type="cond" truecount="2" falsecount="0"/>
        <line num="715" count="1" type="stmt"/>
        <line num="716" count="1" type="stmt"/>
        <line num="717" count="1" type="stmt"/>
        <line num="719" count="1" type="stmt"/>
        <line num="720" count="1" type="stmt"/>
        <line num="721" count="1" type="cond" truecount="1" falsecount="1"/>
        <line num="722" count="1" type="stmt"/>
        <line num="723" count="1" type="stmt"/>
        <line num="724" count="1" type="stmt"/>
        <line num="726" count="0" type="cond" truecount="0" falsecount="2"/>
        <line num="732" count="2" type="stmt"/>
        <line num="733" count="2" type="stmt"/>
        <line num="735" count="2" type="stmt"/>
        <line num="736" count="2" type="stmt"/>
        <line num="737" count="2" type="stmt"/>
        <line num="738" count="2" type="cond" truecount="2" falsecount="0"/>
        <line num="739" count="1" type="stmt"/>
        <line num="742" count="1" type="stmt"/>
        <line num="743" count="1" type="stmt"/>
        <line num="746" count="1" type="stmt"/>
        <line num="747" count="1" type="stmt"/>
        <line num="750" count="1" type="stmt"/>
        <line num="751" count="1" type="stmt"/>
        <line num="752" count="1" type="stmt"/>
        <line num="753" count="1" type="stmt"/>
        <line num="754" count="1" type="stmt"/>
        <line num="755" count="1" type="stmt"/>
        <line num="756" count="1" type="stmt"/>
        <line num="758" count="1" type="stmt"/>
        <line num="759" count="1" type="stmt"/>
        <line num="760" count="1" type="stmt"/>
        <line num="761" count="1" type="stmt"/>
        <line num="762" count="1" type="stmt"/>
        <line num="764" count="1" type="cond" truecount="1" falsecount="1"/>
        <line num="765" count="0" type="stmt"/>
        <line num="782" count="1" type="stmt"/>
        <line num="790" count="1" type="stmt"/>
        <line num="795" count="4" type="stmt"/>
        <line num="796" count="4" type="stmt"/>
        <line num="799" count="4" type="stmt"/>
        <line num="802" count="4" type="stmt"/>
        <line num="803" count="0" type="stmt"/>
        <line num="804" count="0" type="stmt"/>
        <line num="807" count="0" type="cond" truecount="0" falsecount="4"/>
        <line num="808" count="0" type="stmt"/>
        <line num="809" count="0" type="stmt"/>
        <line num="812" count="0" type="cond" truecount="0" falsecount="2"/>
        <line num="813" count="0" type="stmt"/>
        <line num="820" count="4" type="stmt"/>
        <line num="821" count="4" type="stmt"/>
        <line num="822" count="4" type="cond" truecount="1" falsecount="1"/>
        <line num="823" count="4" type="stmt"/>
        <line num="828" count="4" type="cond" truecount="1" falsecount="1"/>
        <line num="829" count="4" type="stmt"/>
        <line num="832" count="4" type="stmt"/>
        <line num="839" count="4" type="stmt"/>
        <line num="842" count="0" type="stmt"/>
        <line num="847" count="3" type="stmt"/>
        <line num="848" count="3" type="stmt"/>
        <line num="849" count="3" type="stmt"/>
        <line num="850" count="3" type="stmt"/>
        <line num="851" count="3" type="stmt"/>
        <line num="852" count="3" type="stmt"/>
        <line num="854" count="3" type="stmt"/>
        <line num="855" count="3" type="stmt"/>
        <line num="856" count="3" type="cond" truecount="2" falsecount="0"/>
        <line num="857" count="1" type="stmt"/>
        <line num="859" count="2" type="stmt"/>
        <line num="861" count="3" type="stmt"/>
        <line num="862" count="3" type="stmt"/>
        <line num="863" count="3" type="stmt"/>
        <line num="867" count="8" type="stmt"/>
        <line num="869" count="1" type="cond" truecount="3" falsecount="1"/>
        <line num="870" count="1" type="stmt"/>
      </file>
    </package>
    <package name="NumerischeIntegration">
      <metrics statements="367" coveredstatements="297" conditionals="64" coveredconditionals="42" methods="28" coveredmethods="27"/>
      <file name="scriptIntegration.js" path="C:\Users\I550880\Documents\5. Semester\Numerik\Numerikprojekt\NumerischeIntegration\scriptIntegration.js">
        <metrics statements="367" coveredstatements="297" conditionals="64" coveredconditionals="42" methods="28" coveredmethods="27"/>
        <line num="4" count="2" type="stmt"/>
        <line num="5" count="2" type="stmt"/>
        <line num="6" count="2" type="cond" truecount="2" falsecount="0"/>
        <line num="7" count="1" type="stmt"/>
        <line num="8" count="1" type="stmt"/>
        <line num="10" count="0" type="stmt"/>
        <line num="13" count="1" type="stmt"/>
        <line num="16" count="1" type="stmt"/>
        <line num="17" count="1" type="stmt"/>
        <line num="18" count="1" type="stmt"/>
        <line num="30" count="1" type="stmt"/>
        <line num="31" count="1" type="stmt"/>
        <line num="32" count="1" type="stmt"/>
        <line num="33" count="1" type="stmt"/>
        <line num="35" count="1" type="stmt"/>
        <line num="36" count="1" type="stmt"/>
        <line num="37" count="1" type="stmt"/>
        <line num="38" count="1" type="stmt"/>
        <line num="39" count="1" type="stmt"/>
        <line num="40" count="1" type="stmt"/>
        <line num="41" count="1" type="stmt"/>
        <line num="46" count="1" type="stmt"/>
        <line num="49" count="2" type="stmt"/>
        <line num="50" count="2" type="stmt"/>
        <line num="51" count="2" type="stmt"/>
        <line num="52" count="2" type="stmt"/>
        <line num="53" count="2" type="cond" truecount="2" falsecount="0"/>
        <line num="54" count="1" type="stmt"/>
        <line num="55" count="1" type="stmt"/>
        <line num="57" count="1" type="stmt"/>
        <line num="58" count="1" type="stmt"/>
        <line num="59" count="1" type="stmt"/>
        <line num="60" count="1" type="stmt"/>
        <line num="62" count="1" type="stmt"/>
        <line num="63" count="1" type="stmt"/>
        <line num="64" count="2" type="cond" truecount="1" falsecount="1"/>
        <line num="65" count="0" type="stmt"/>
        <line num="66" count="0" type="stmt"/>
        <line num="68" count="2" type="stmt"/>
        <line num="69" count="2" type="stmt"/>
        <line num="71" count="2" type="cond" truecount="1" falsecount="1"/>
        <line num="72" count="0" type="stmt"/>
        <line num="74" count="2" type="stmt"/>
        <line num="76" count="2" type="stmt"/>
        <line num="77" count="2" type="stmt"/>
        <line num="78" count="2" type="cond" truecount="1" falsecount="1"/>
        <line num="79" count="0" type="stmt"/>
        <line num="80" count="0" type="stmt"/>
        <line num="82" count="0" type="stmt"/>
        <line num="84" count="2" type="stmt"/>
        <line num="85" count="1" type="stmt"/>
        <line num="87" count="0" type="stmt"/>
        <line num="88" count="0" type="stmt"/>
        <line num="94" count="2" type="stmt"/>
        <line num="95" count="2" type="stmt"/>
        <line num="96" count="2" type="stmt"/>
        <line num="97" count="2" type="stmt"/>
        <line num="100" count="2" type="cond" truecount="2" falsecount="0"/>
        <line num="101" count="1" type="stmt"/>
        <line num="102" count="1" type="stmt"/>
        <line num="103" count="1" type="stmt"/>
        <line num="104" count="1" type="stmt"/>
        <line num="106" count="1" type="stmt"/>
        <line num="107" count="1" type="stmt"/>
        <line num="108" count="1" type="stmt"/>
        <line num="109" count="1" type="stmt"/>
        <line num="114" count="2" type="stmt"/>
        <line num="115" count="2" type="stmt"/>
        <line num="116" count="2" type="stmt"/>
        <line num="118" count="2" type="stmt"/>
        <line num="120" count="2" type="cond" truecount="1" falsecount="1"/>
        <line num="121" count="0" type="stmt"/>
        <line num="122" count="0" type="stmt"/>
        <line num="124" count="2" type="stmt"/>
        <line num="125" count="2" type="stmt"/>
        <line num="130" count="1" type="stmt"/>
        <line num="131" count="1" type="stmt"/>
        <line num="132" count="1" type="stmt"/>
        <line num="133" count="1" type="stmt"/>
        <line num="135" count="1" type="cond" truecount="1" falsecount="1"/>
        <line num="136" count="0" type="stmt"/>
        <line num="138" count="1" type="stmt"/>
        <line num="140" count="1" type="stmt"/>
        <line num="141" count="1" type="stmt"/>
        <line num="142" count="1" type="cond" truecount="1" falsecount="1"/>
        <line num="143" count="0" type="stmt"/>
        <line num="144" count="0" type="stmt"/>
        <line num="146" count="0" type="stmt"/>
        <line num="152" count="12" type="stmt"/>
        <line num="154" count="12" type="stmt"/>
        <line num="156" count="12" type="stmt"/>
        <line num="157" count="12" type="stmt"/>
        <line num="158" count="37" type="stmt"/>
        <line num="161" count="37" type="stmt"/>
        <line num="163" count="12" type="stmt"/>
        <line num="164" count="12" type="stmt"/>
        <line num="165" count="13" type="stmt"/>
        <line num="167" count="12" type="stmt"/>
        <line num="169" count="12" type="stmt"/>
        <line num="174" count="15" type="stmt"/>
        <line num="176" count="15" type="stmt"/>
        <line num="178" count="15" type="stmt"/>
        <line num="180" count="15" type="stmt"/>
        <line num="181" count="75" type="stmt"/>
        <line num="182" count="75" type="stmt"/>
        <line num="183" count="75" type="stmt"/>
        <line num="185" count="75" type="stmt"/>
        <line num="186" count="75" type="stmt"/>
        <line num="187" count="75" type="stmt"/>
        <line num="189" count="75" type="stmt"/>
        <line num="190" count="75" type="stmt"/>
        <line num="193" count="15" type="stmt"/>
        <line num="198" count="5" type="stmt"/>
        <line num="199" count="5" type="cond" truecount="1" falsecount="1"/>
        <line num="200" count="5" type="stmt"/>
        <line num="202" count="5" type="stmt"/>
        <line num="203" count="5" type="stmt"/>
        <line num="204" count="5" type="stmt"/>
        <line num="205" count="5" type="stmt"/>
        <line num="206" count="5" type="stmt"/>
        <line num="207" count="5" type="stmt"/>
        <line num="208" count="5" type="stmt"/>
        <line num="209" count="5" type="stmt"/>
        <line num="210" count="5" type="stmt"/>
        <line num="211" count="5" type="stmt"/>
        <line num="213" count="5" type="stmt"/>
        <line num="214" count="5" type="stmt"/>
        <line num="216" count="5" type="stmt"/>
        <line num="217" count="5" type="cond" truecount="1" falsecount="1"/>
        <line num="218" count="5" type="stmt"/>
        <line num="221" count="0" type="stmt"/>
        <line num="222" count="0" type="stmt"/>
        <line num="223" count="0" type="stmt"/>
        <line num="224" count="0" type="stmt"/>
        <line num="227" count="5" type="stmt"/>
        <line num="228" count="5" type="stmt"/>
        <line num="229" count="5" type="cond" truecount="2" falsecount="0"/>
        <line num="230" count="1" type="stmt"/>
        <line num="231" count="1" type="stmt"/>
        <line num="233" count="4" type="stmt"/>
        <line num="234" count="4" type="stmt"/>
        <line num="235" count="4" type="stmt"/>
        <line num="238" count="5" type="cond" truecount="1" falsecount="1"/>
        <line num="239" count="5" type="stmt"/>
        <line num="247" count="0" type="stmt"/>
        <line num="248" count="0" type="stmt"/>
        <line num="265" count="0" type="stmt"/>
        <line num="267" count="0" type="stmt"/>
        <line num="268" count="0" type="stmt"/>
        <line num="269" count="0" type="stmt"/>
        <line num="270" count="0" type="cond" truecount="0" falsecount="2"/>
        <line num="271" count="0" type="stmt"/>
        <line num="273" count="0" type="stmt"/>
        <line num="275" count="0" type="stmt"/>
        <line num="276" count="0" type="stmt"/>
        <line num="283" count="0" type="stmt"/>
        <line num="294" count="0" type="stmt"/>
        <line num="302" count="0" type="stmt"/>
        <line num="330" count="0" type="stmt"/>
        <line num="332" count="0" type="stmt"/>
        <line num="338" count="1" type="stmt"/>
        <line num="348" count="1" type="stmt"/>
        <line num="356" count="7" type="stmt"/>
        <line num="357" count="7" type="stmt"/>
        <line num="358" count="5" type="stmt"/>
        <line num="360" count="5" type="stmt"/>
        <line num="361" count="0" type="stmt"/>
        <line num="362" count="0" type="stmt"/>
        <line num="363" count="0" type="stmt"/>
        <line num="365" count="0" type="stmt"/>
        <line num="367" count="7" type="stmt"/>
        <line num="368" count="7" type="stmt"/>
        <line num="374" count="2" type="stmt"/>
        <line num="375" count="2" type="cond" truecount="2" falsecount="0"/>
        <line num="376" count="5" type="stmt"/>
        <line num="378" count="5" type="stmt"/>
        <line num="381" count="10" type="stmt"/>
        <line num="383" count="2" type="stmt"/>
        <line num="384" count="2" type="stmt"/>
        <line num="409" count="2" type="stmt"/>
        <line num="410" count="2" type="stmt"/>
        <line num="412" count="2" type="stmt"/>
        <line num="413" count="10" type="stmt"/>
        <line num="414" count="10" type="stmt"/>
        <line num="416" count="10" type="stmt"/>
        <line num="417" count="10" type="stmt"/>
        <line num="418" count="10" type="stmt"/>
        <line num="419" count="10" type="stmt"/>
        <line num="420" count="10" type="stmt"/>
        <line num="421" count="10" type="cond" truecount="1" falsecount="1"/>
        <line num="422" count="10" type="stmt"/>
        <line num="424" count="0" type="stmt"/>
        <line num="426" count="10" type="stmt"/>
        <line num="427" count="10" type="stmt"/>
        <line num="428" count="10" type="stmt"/>
        <line num="430" count="2" type="stmt"/>
        <line num="431" count="2" type="stmt"/>
        <line num="436" count="7" type="stmt"/>
        <line num="437" count="7" type="stmt"/>
        <line num="438" count="7" type="stmt"/>
        <line num="439" count="7" type="stmt"/>
        <line num="440" count="7" type="stmt"/>
        <line num="441" count="7" type="stmt"/>
        <line num="442" count="7" type="stmt"/>
        <line num="444" count="7" type="cond" truecount="5" falsecount="1"/>
        <line num="445" count="7" type="stmt"/>
        <line num="446" count="7" type="stmt"/>
        <line num="447" count="7" type="stmt"/>
        <line num="448" count="7" type="stmt"/>
        <line num="449" count="7" type="stmt"/>
        <line num="451" count="0" type="stmt"/>
        <line num="452" count="0" type="stmt"/>
        <line num="453" count="0" type="stmt"/>
        <line num="454" count="0" type="stmt"/>
        <line num="455" count="0" type="stmt"/>
        <line num="460" count="2" type="stmt"/>
        <line num="461" count="2" type="stmt"/>
        <line num="463" count="2" type="stmt"/>
        <line num="464" count="10" type="stmt"/>
        <line num="465" count="10" type="cond" truecount="1" falsecount="1"/>
        <line num="466" count="0" type="stmt"/>
        <line num="468" count="10" type="stmt"/>
        <line num="470" count="10" type="stmt"/>
        <line num="471" count="10" type="stmt"/>
        <line num="472" count="10" type="stmt"/>
        <line num="475" count="2" type="stmt"/>
        <line num="479" count="4" type="stmt"/>
        <line num="480" count="4" type="cond" truecount="2" falsecount="0"/>
        <line num="481" count="1" type="stmt"/>
        <line num="484" count="3" type="stmt"/>
        <line num="486" count="4" type="stmt"/>
        <line num="487" count="4" type="cond" truecount="2" falsecount="0"/>
        <line num="488" count="1" type="stmt"/>
        <line num="489" count="1" type="stmt"/>
        <line num="491" count="1" type="stmt"/>
        <line num="493" count="3" type="stmt"/>
        <line num="498" count="5" type="cond" truecount="1" falsecount="1"/>
        <line num="499" count="0" type="stmt"/>
        <line num="501" count="5" type="stmt"/>
        <line num="502" count="5" type="cond" truecount="1" falsecount="1"/>
        <line num="503" count="5" type="stmt"/>
        <line num="504" count="5" type="stmt"/>
        <line num="505" count="5" type="cond" truecount="1" falsecount="1"/>
        <line num="506" count="5" type="stmt"/>
        <line num="508" count="0" type="stmt"/>
        <line num="509" count="0" type="stmt"/>
        <line num="510" count="0" type="stmt"/>
        <line num="511" count="0" type="stmt"/>
        <line num="512" count="0" type="stmt"/>
        <line num="513" count="0" type="stmt"/>
        <line num="514" count="0" type="stmt"/>
        <line num="515" count="0" type="stmt"/>
        <line num="516" count="0" type="stmt"/>
        <line num="518" count="5" type="stmt"/>
        <line num="519" count="5" type="stmt"/>
        <line num="520" count="5" type="cond" truecount="1" falsecount="1"/>
        <line num="521" count="5" type="stmt"/>
        <line num="522" count="5" type="stmt"/>
        <line num="523" count="5" type="stmt"/>
        <line num="524" count="5" type="stmt"/>
        <line num="525" count="5" type="stmt"/>
        <line num="526" count="5" type="stmt"/>
        <line num="529" count="0" type="stmt"/>
        <line num="530" count="0" type="stmt"/>
        <line num="531" count="0" type="stmt"/>
        <line num="532" count="0" type="stmt"/>
        <line num="533" count="0" type="stmt"/>
        <line num="534" count="0" type="stmt"/>
        <line num="542" count="15" type="cond" truecount="2" falsecount="0"/>
        <line num="543" count="1" type="stmt"/>
        <line num="544" count="1" type="stmt"/>
        <line num="546" count="14" type="stmt"/>
        <line num="547" count="14" type="stmt"/>
        <line num="551" count="1" type="stmt"/>
        <line num="552" count="1" type="stmt"/>
        <line num="553" count="1" type="stmt"/>
        <line num="554" count="1" type="stmt"/>
        <line num="555" count="1" type="stmt"/>
        <line num="556" count="1" type="stmt"/>
        <line num="557" count="1" type="stmt"/>
        <line num="558" count="1" type="stmt"/>
        <line num="559" count="1" type="stmt"/>
        <line num="560" count="1" type="cond" truecount="1" falsecount="1"/>
        <line num="561" count="0" type="stmt"/>
        <line num="562" count="0" type="stmt"/>
        <line num="563" count="0" type="stmt"/>
        <line num="565" count="1" type="stmt"/>
        <line num="566" count="1" type="stmt"/>
        <line num="567" count="1" type="stmt"/>
        <line num="568" count="1" type="stmt"/>
        <line num="569" count="1" type="stmt"/>
        <line num="570" count="10" type="stmt"/>
        <line num="572" count="10" type="stmt"/>
        <line num="574" count="10" type="stmt"/>
        <line num="575" count="10" type="stmt"/>
        <line num="578" count="10" type="stmt"/>
        <line num="579" count="10" type="stmt"/>
        <line num="580" count="10" type="stmt"/>
        <line num="581" count="10" type="stmt"/>
        <line num="583" count="10" type="stmt"/>
        <line num="584" count="10" type="stmt"/>
        <line num="585" count="10" type="stmt"/>
        <line num="586" count="10" type="stmt"/>
        <line num="587" count="10" type="stmt"/>
        <line num="588" count="10" type="stmt"/>
        <line num="589" count="10" type="stmt"/>
        <line num="590" count="10" type="stmt"/>
        <line num="594" count="0" type="stmt"/>
        <line num="596" count="1" type="stmt"/>
        <line num="597" count="1" type="stmt"/>
        <line num="598" count="1" type="stmt"/>
        <line num="599" count="1" type="stmt"/>
        <line num="600" count="1" type="stmt"/>
        <line num="604" count="16" type="stmt"/>
        <line num="605" count="16" type="stmt"/>
        <line num="606" count="16" type="stmt"/>
        <line num="607" count="16" type="stmt"/>
        <line num="608" count="16" type="stmt"/>
        <line num="609" count="16" type="stmt"/>
        <line num="610" count="16" type="stmt"/>
        <line num="611" count="16" type="stmt"/>
        <line num="612" count="16" type="stmt"/>
        <line num="613" count="2" type="cond" truecount="1" falsecount="1"/>
        <line num="614" count="0" type="stmt"/>
        <line num="615" count="0" type="stmt"/>
        <line num="616" count="0" type="stmt"/>
        <line num="618" count="2" type="stmt"/>
        <line num="619" count="2" type="stmt"/>
        <line num="620" count="2" type="stmt"/>
        <line num="621" count="2" type="stmt"/>
        <line num="622" count="2" type="stmt"/>
        <line num="623" count="11" type="stmt"/>
        <line num="625" count="11" type="stmt"/>
        <line num="626" count="11" type="stmt"/>
        <line num="629" count="11" type="stmt"/>
        <line num="630" count="11" type="stmt"/>
        <line num="631" count="11" type="stmt"/>
        <line num="636" count="11" type="stmt"/>
        <line num="642" count="11" type="stmt"/>
        <line num="645" count="11" type="stmt"/>
        <line num="646" count="10" type="stmt"/>
        <line num="647" count="10" type="stmt"/>
        <line num="648" count="10" type="stmt"/>
        <line num="649" count="10" type="stmt"/>
        <line num="650" count="10" type="cond" truecount="1" falsecount="1"/>
        <line num="651" count="0" type="stmt"/>
        <line num="655" count="10" type="stmt"/>
        <line num="656" count="10" type="stmt"/>
        <line num="658" count="10" type="stmt"/>
        <line num="659" count="10" type="stmt"/>
        <line num="660" count="10" type="stmt"/>
        <line num="661" count="10" type="stmt"/>
        <line num="663" count="10" type="stmt"/>
        <line num="664" count="10" type="stmt"/>
        <line num="665" count="10" type="stmt"/>
        <line num="666" count="10" type="stmt"/>
        <line num="667" count="10" type="stmt"/>
        <line num="668" count="10" type="stmt"/>
        <line num="669" count="10" type="stmt"/>
        <line num="670" count="10" type="stmt"/>
        <line num="677" count="15" type="stmt"/>
        <line num="679" count="16" type="stmt"/>
        <line num="680" count="16" type="stmt"/>
        <line num="681" count="16" type="stmt"/>
        <line num="682" count="16" type="stmt"/>
        <line num="685" count="1" type="cond" truecount="3" falsecount="1"/>
        <line num="686" count="1" type="stmt"/>
      </file>
    </package>
  </project>
</coverage>
