<?xml version="1.0" encoding="UTF-8"?>
<coverage generated="1727032188672" clover="3.2.0">
  <project timestamp="1727032188672" name="All files">
    <metrics statements="1084" coveredstatements="960" conditionals="278" coveredconditionals="196" methods="108" coveredmethods="102" elements="1470" coveredelements="1258" complexity="0" loc="1084" ncloc="1084" packages="3" files="3" classes="3"/>
    <package name="LGS">
      <metrics statements="305" coveredstatements="284" conditionals="66" coveredconditionals="56" methods="28" coveredmethods="27"/>
      <file name="scriptLGS.js" path="C:\Users\I550880\Documents\5. Semester\Numerik\Numerikprojekt\LGS\scriptLGS.js">
        <metrics statements="305" coveredstatements="284" conditionals="66" coveredconditionals="56" methods="28" coveredmethods="27"/>
        <line num="2" count="1" type="stmt"/>
        <line num="3" count="0" type="stmt"/>
        <line num="4" count="0" type="stmt"/>
        <line num="5" count="0" type="stmt"/>
        <line num="6" count="0" type="stmt"/>
        <line num="7" count="0" type="stmt"/>
        <line num="8" count="0" type="stmt"/>
        <line num="9" count="0" type="stmt"/>
        <line num="10" count="0" type="stmt"/>
        <line num="11" count="0" type="stmt"/>
        <line num="12" count="0" type="stmt"/>
        <line num="14" count="0" type="stmt"/>
        <line num="15" count="0" type="stmt"/>
        <line num="18" count="0" type="stmt"/>
        <line num="24" count="5" type="stmt"/>
        <line num="25" count="5" type="stmt"/>
        <line num="26" count="5" type="stmt"/>
        <line num="27" count="5" type="stmt"/>
        <line num="28" count="5" type="stmt"/>
        <line num="29" count="5" type="cond" truecount="2" falsecount="0"/>
        <line num="30" count="4" type="stmt"/>
        <line num="31" count="4" type="stmt"/>
        <line num="32" count="4" type="stmt"/>
        <line num="34" count="5" type="cond" truecount="2" falsecount="0"/>
        <line num="35" count="4" type="stmt"/>
        <line num="36" count="4" type="stmt"/>
        <line num="37" count="4" type="stmt"/>
        <line num="40" count="5" type="stmt"/>
        <line num="45" count="12" type="stmt"/>
        <line num="46" count="12" type="stmt"/>
        <line num="47" count="12" type="stmt"/>
        <line num="48" count="12" type="stmt"/>
        <line num="49" count="12" type="cond" truecount="2" falsecount="0"/>
        <line num="50" count="11" type="stmt"/>
        <line num="51" count="11" type="stmt"/>
        <line num="52" count="61" type="stmt"/>
        <line num="53" count="61" type="stmt"/>
        <line num="54" count="61" type="stmt"/>
        <line num="55" count="61" type="stmt"/>
        <line num="58" count="11" type="stmt"/>
        <line num="59" count="11" type="stmt"/>
        <line num="60" count="11" type="stmt"/>
        <line num="61" count="11" type="stmt"/>
        <line num="62" count="11" type="stmt"/>
        <line num="63" count="11" type="stmt"/>
        <line num="64" count="11" type="stmt"/>
        <line num="67" count="12" type="cond" truecount="2" falsecount="0"/>
        <line num="68" count="10" type="stmt"/>
        <line num="69" count="51" type="stmt"/>
        <line num="70" count="51" type="stmt"/>
        <line num="71" count="51" type="stmt"/>
        <line num="72" count="51" type="stmt"/>
        <line num="74" count="10" type="stmt"/>
        <line num="80" count="5" type="stmt"/>
        <line num="81" count="5" type="stmt"/>
        <line num="82" count="5" type="stmt"/>
        <line num="83" count="5" type="stmt"/>
        <line num="84" count="5" type="stmt"/>
        <line num="86" count="5" type="cond" truecount="1" falsecount="1"/>
        <line num="87" count="5" type="stmt"/>
        <line num="91" count="5" type="stmt"/>
        <line num="92" count="5" type="stmt"/>
        <line num="93" count="5" type="stmt"/>
        <line num="95" count="5" type="stmt"/>
        <line num="96" count="5" type="stmt"/>
        <line num="97" count="5" type="stmt"/>
        <line num="100" count="5" type="stmt"/>
        <line num="101" count="5" type="stmt"/>
        <line num="102" count="5" type="stmt"/>
        <line num="105" count="5" type="stmt"/>
        <line num="106" count="30" type="cond" truecount="1" falsecount="1"/>
        <line num="107" count="0" type="stmt"/>
        <line num="109" count="30" type="stmt"/>
        <line num="114" count="5" type="stmt"/>
        <line num="115" count="10" type="cond" truecount="1" falsecount="1"/>
        <line num="116" count="0" type="stmt"/>
        <line num="118" count="10" type="stmt"/>
        <line num="121" count="5" type="stmt"/>
        <line num="122" count="5" type="stmt"/>
        <line num="124" count="5" type="stmt"/>
        <line num="127" count="5" type="stmt"/>
        <line num="128" count="5" type="stmt"/>
        <line num="129" count="5" type="stmt"/>
        <line num="130" count="10" type="stmt"/>
        <line num="131" count="10" type="stmt"/>
        <line num="132" count="30" type="stmt"/>
        <line num="133" count="30" type="cond" truecount="2" falsecount="0"/>
        <line num="134" count="20" type="stmt"/>
        <line num="136" count="10" type="stmt"/>
        <line num="139" count="10" type="stmt"/>
        <line num="143" count="5" type="stmt"/>
        <line num="144" count="5" type="stmt"/>
        <line num="145" count="10" type="stmt"/>
        <line num="146" count="20" type="stmt"/>
        <line num="147" count="20" type="stmt"/>
        <line num="148" count="20" type="cond" truecount="2" falsecount="0"/>
        <line num="149" count="10" type="stmt"/>
        <line num="151" count="10" type="stmt"/>
        <line num="155" count="5" type="stmt"/>
        <line num="158" count="5" type="stmt"/>
        <line num="159" count="5" type="stmt"/>
        <line num="160" count="10" type="stmt"/>
        <line num="161" count="10" type="stmt"/>
        <line num="162" count="10" type="cond" truecount="2" falsecount="0"/>
        <line num="163" count="5" type="stmt"/>
        <line num="166" count="5" type="stmt"/>
        <line num="169" count="5" type="stmt"/>
        <line num="170" count="5" type="stmt"/>
        <line num="171" count="10" type="stmt"/>
        <line num="172" count="10" type="cond" truecount="2" falsecount="0"/>
        <line num="173" count="5" type="stmt"/>
        <line num="176" count="5" type="stmt"/>
        <line num="179" count="5" type="stmt"/>
        <line num="182" count="5" type="stmt"/>
        <line num="183" count="5" type="stmt"/>
        <line num="184" count="5" type="stmt"/>
        <line num="187" count="5" type="stmt"/>
        <line num="188" count="10" type="stmt"/>
        <line num="189" count="10" type="stmt"/>
        <line num="190" count="10" type="stmt"/>
        <line num="191" count="10" type="stmt"/>
        <line num="192" count="20" type="cond" truecount="2" falsecount="0"/>
        <line num="193" count="10" type="stmt"/>
        <line num="194" count="10" type="stmt"/>
        <line num="195" count="10" type="stmt"/>
        <line num="196" count="10" type="cond" truecount="2" falsecount="0"/>
        <line num="197" count="5" type="stmt"/>
        <line num="198" count="5" type="stmt"/>
        <line num="199" count="5" type="stmt"/>
        <line num="201" count="5" type="stmt"/>
        <line num="202" count="5" type="stmt"/>
        <line num="203" count="5" type="stmt"/>
        <line num="208" count="5" type="stmt"/>
        <line num="209" count="5" type="stmt"/>
        <line num="211" count="5" type="stmt"/>
        <line num="212" count="9" type="stmt"/>
        <line num="213" count="9" type="stmt"/>
        <line num="214" count="17" type="cond" truecount="2" falsecount="0"/>
        <line num="215" count="9" type="cond" truecount="2" falsecount="0"/>
        <line num="217" count="8" type="stmt"/>
        <line num="220" count="1" type="stmt"/>
        <line num="221" count="1" type="stmt"/>
        <line num="224" count="8" type="stmt"/>
        <line num="229" count="4" type="stmt"/>
        <line num="232" count="5" type="stmt"/>
        <line num="236" count="19" type="stmt"/>
        <line num="237" count="19" type="stmt"/>
        <line num="238" count="38" type="stmt"/>
        <line num="239" count="76" type="stmt"/>
        <line num="240" count="76" type="cond" truecount="2" falsecount="0"/>
        <line num="241" count="38" type="stmt"/>
        <line num="244" count="38" type="cond" truecount="2" falsecount="0"/>
        <line num="245" count="19" type="stmt"/>
        <line num="248" count="19" type="stmt"/>
        <line num="249" count="19" type="stmt"/>
        <line num="252" count="5" type="stmt"/>
        <line num="253" count="5" type="stmt"/>
        <line num="254" count="5" type="stmt"/>
        <line num="256" count="5" type="stmt"/>
        <line num="257" count="5" type="stmt"/>
        <line num="258" count="5" type="stmt"/>
        <line num="259" count="5" type="stmt"/>
        <line num="261" count="5" type="stmt"/>
        <line num="262" count="5" type="cond" truecount="1" falsecount="1"/>
        <line num="263" count="0" type="stmt"/>
        <line num="266" count="5" type="cond" truecount="4" falsecount="0"/>
        <line num="268" count="4" type="stmt"/>
        <line num="272" count="25" type="stmt"/>
        <line num="273" count="25" type="stmt"/>
        <line num="274" count="50" type="stmt"/>
        <line num="275" count="100" type="stmt"/>
        <line num="277" count="50" type="stmt"/>
        <line num="279" count="25" type="stmt"/>
        <line num="284" count="50" type="stmt"/>
        <line num="289" count="50" type="stmt"/>
        <line num="292" count="4" type="stmt"/>
        <line num="293" count="4" type="stmt"/>
        <line num="294" count="25" type="stmt"/>
        <line num="295" count="25" type="stmt"/>
        <line num="296" count="50" type="stmt"/>
        <line num="297" count="50" type="cond" truecount="2" falsecount="0"/>
        <line num="298" count="25" type="stmt"/>
        <line num="301" count="25" type="stmt"/>
        <line num="303" count="100" type="stmt"/>
        <line num="306" count="25" type="stmt"/>
        <line num="309" count="25" type="stmt"/>
        <line num="312" count="25" type="stmt"/>
        <line num="313" count="25" type="stmt"/>
        <line num="314" count="25" type="stmt"/>
        <line num="315" count="50" type="stmt"/>
        <line num="316" count="50" type="cond" truecount="2" falsecount="0"/>
        <line num="317" count="25" type="stmt"/>
        <line num="320" count="25" type="stmt"/>
        <line num="321" count="25" type="stmt"/>
        <line num="322" count="25" type="stmt"/>
        <line num="323" count="25" type="cond" truecount="1" falsecount="1"/>
        <line num="324" count="0" type="stmt"/>
        <line num="325" count="0" type="stmt"/>
        <line num="327" count="25" type="stmt"/>
        <line num="328" count="25" type="cond" truecount="1" falsecount="1"/>
        <line num="329" count="0" type="stmt"/>
        <line num="330" count="0" type="stmt"/>
        <line num="336" count="8" type="stmt"/>
        <line num="337" count="8" type="stmt"/>
        <line num="338" count="16" type="stmt"/>
        <line num="340" count="8" type="stmt"/>
        <line num="343" count="4" type="stmt"/>
        <line num="344" count="4" type="stmt"/>
        <line num="345" count="4" type="stmt"/>
        <line num="346" count="4" type="stmt"/>
        <line num="350" count="16" type="stmt"/>
        <line num="355" count="8" type="stmt"/>
        <line num="360" count="4" type="stmt"/>
        <line num="361" count="4" type="stmt"/>
        <line num="362" count="4" type="stmt"/>
        <line num="363" count="4" type="stmt"/>
        <line num="364" count="4" type="stmt"/>
        <line num="368" count="4" type="stmt"/>
        <line num="369" count="4" type="stmt"/>
        <line num="373" count="5" type="stmt"/>
        <line num="374" count="5" type="stmt"/>
        <line num="375" count="5" type="stmt"/>
        <line num="380" count="1" type="stmt"/>
        <line num="381" count="1" type="stmt"/>
        <line num="382" count="1" type="stmt"/>
        <line num="383" count="2" type="stmt"/>
        <line num="384" count="2" type="stmt"/>
        <line num="387" count="1" type="stmt"/>
        <line num="388" count="4" type="stmt"/>
        <line num="391" count="1" type="stmt"/>
        <line num="396" count="32" type="stmt"/>
        <line num="397" count="32" type="stmt"/>
        <line num="398" count="129" type="stmt"/>
        <line num="399" count="129" type="stmt"/>
        <line num="400" count="827" type="stmt"/>
        <line num="401" count="827" type="cond" truecount="2" falsecount="0"/>
        <line num="402" count="545" type="stmt"/>
        <line num="404" count="827" type="cond" truecount="2" falsecount="0"/>
        <line num="405" count="129" type="stmt"/>
        <line num="406" count="129" type="stmt"/>
        <line num="407" count="698" type="cond" truecount="2" falsecount="0"/>
        <line num="408" count="569" type="stmt"/>
        <line num="409" count="569" type="stmt"/>
        <line num="419" count="1" type="stmt"/>
        <line num="420" count="1" type="stmt"/>
        <line num="421" count="1" type="stmt"/>
        <line num="422" count="2" type="stmt"/>
        <line num="423" count="2" type="stmt"/>
        <line num="425" count="1" type="stmt"/>
        <line num="426" count="4" type="stmt"/>
        <line num="428" count="1" type="stmt"/>
        <line num="431" count="1" type="stmt"/>
        <line num="439" count="1" type="stmt"/>
        <line num="441" count="1" type="stmt"/>
        <line num="442" count="20" type="stmt"/>
        <line num="449" count="9" type="stmt"/>
        <line num="450" count="9" type="stmt"/>
        <line num="452" count="9" type="stmt"/>
        <line num="453" count="9" type="stmt"/>
        <line num="454" count="45" type="stmt"/>
        <line num="455" count="45" type="stmt"/>
        <line num="456" count="45" type="stmt"/>
        <line num="457" count="45" type="stmt"/>
        <line num="461" count="9" type="stmt"/>
        <line num="462" count="9" type="stmt"/>
        <line num="463" count="9" type="stmt"/>
        <line num="464" count="9" type="stmt"/>
        <line num="465" count="9" type="stmt"/>
        <line num="466" count="9" type="stmt"/>
        <line num="472" count="5" type="stmt"/>
        <line num="475" count="5" type="stmt"/>
        <line num="476" count="10" type="stmt"/>
        <line num="480" count="5" type="stmt"/>
        <line num="482" count="10" type="stmt"/>
        <line num="483" count="10" type="stmt"/>
        <line num="484" count="10" type="stmt"/>
        <line num="485" count="5" type="cond" truecount="1" falsecount="1"/>
        <line num="486" count="5" type="stmt"/>
        <line num="487" count="5" type="stmt"/>
        <line num="492" count="10" type="stmt"/>
        <line num="493" count="25" type="stmt"/>
        <line num="494" count="25" type="stmt"/>
        <line num="495" count="25" type="stmt"/>
        <line num="499" count="10" type="stmt"/>
        <line num="500" count="5" type="stmt"/>
        <line num="501" count="5" type="stmt"/>
        <line num="502" count="5" type="stmt"/>
        <line num="503" count="15" type="cond" truecount="2" falsecount="0"/>
        <line num="504" count="5" type="stmt"/>
        <line num="506" count="10" type="stmt"/>
        <line num="507" count="10" type="stmt"/>
        <line num="514" count="5" type="stmt"/>
        <line num="515" count="10" type="cond" truecount="2" falsecount="2"/>
        <line num="516" count="0" type="stmt"/>
        <line num="521" count="5" type="stmt"/>
        <line num="522" count="5" type="stmt"/>
        <line num="523" count="10" type="stmt"/>
        <line num="524" count="10" type="stmt"/>
        <line num="525" count="10" type="stmt"/>
        <line num="526" count="5" type="stmt"/>
        <line num="527" count="5" type="stmt"/>
        <line num="531" count="5" type="stmt"/>
        <line num="536" count="30" type="stmt"/>
        <line num="540" count="1" type="cond" truecount="3" falsecount="1"/>
        <line num="541" count="1" type="stmt"/>
      </file>
    </package>
    <package name="LineareOptimierung">
      <metrics statements="416" coveredstatements="357" conditionals="144" coveredconditionals="92" methods="51" coveredmethods="46"/>
      <file name="scriptOptimierung.js" path="C:\Users\I550880\Documents\5. Semester\Numerik\Numerikprojekt\LineareOptimierung\scriptOptimierung.js">
        <metrics statements="416" coveredstatements="357" conditionals="144" coveredconditionals="92" methods="51" coveredmethods="46"/>
        <line num="4" count="16" type="stmt"/>
        <line num="5" count="16" type="stmt"/>
        <line num="6" count="16" type="stmt"/>
        <line num="7" count="16" type="stmt"/>
        <line num="8" count="16" type="stmt"/>
        <line num="9" count="16" type="stmt"/>
        <line num="10" count="16" type="stmt"/>
        <line num="11" count="16" type="stmt"/>
        <line num="12" count="16" type="stmt"/>
        <line num="13" count="16" type="stmt"/>
        <line num="14" count="16" type="stmt"/>
        <line num="15" count="16" type="stmt"/>
        <line num="16" count="16" type="stmt"/>
        <line num="17" count="16" type="stmt"/>
        <line num="18" count="16" type="stmt"/>
        <line num="19" count="16" type="stmt"/>
        <line num="20" count="16" type="stmt"/>
        <line num="21" count="16" type="stmt"/>
        <line num="22" count="16" type="stmt"/>
        <line num="23" count="16" type="stmt"/>
        <line num="24" count="16" type="stmt"/>
        <line num="25" count="16" type="stmt"/>
        <line num="26" count="16" type="stmt"/>
        <line num="27" count="16" type="stmt"/>
        <line num="32" count="1" type="stmt"/>
        <line num="37" count="34" type="stmt"/>
        <line num="39" count="17" type="stmt"/>
        <line num="40" count="102" type="stmt"/>
        <line num="41" count="102" type="stmt"/>
        <line num="44" count="102" type="stmt"/>
        <line num="45" count="204" type="cond" truecount="4" falsecount="0"/>
        <line num="46" count="119" type="stmt"/>
        <line num="49" count="119" type="cond" truecount="4" falsecount="1"/>
        <line num="52" count="85" type="cond" truecount="1" falsecount="1"/>
        <line num="53" count="85" type="stmt"/>
        <line num="55" count="0" type="stmt"/>
        <line num="57" count="85" type="stmt"/>
        <line num="60" count="34" type="cond" truecount="1" falsecount="1"/>
        <line num="61" count="34" type="stmt"/>
        <line num="63" count="0" type="stmt"/>
        <line num="65" count="34" type="stmt"/>
        <line num="67" count="0" type="stmt"/>
        <line num="68" count="0" type="stmt"/>
        <line num="69" count="0" type="stmt"/>
        <line num="76" count="34" type="stmt"/>
        <line num="81" count="17" type="stmt"/>
        <line num="87" count="10" type="stmt"/>
        <line num="93" count="6" type="stmt"/>
        <line num="94" count="5" type="stmt"/>
        <line num="100" count="1" type="stmt"/>
        <line num="101" count="1" type="stmt"/>
        <line num="102" count="1" type="cond" truecount="2" falsecount="0"/>
        <line num="103" count="0" type="stmt"/>
        <line num="104" count="0" type="stmt"/>
        <line num="106" count="1" type="stmt"/>
        <line num="107" count="1" type="stmt"/>
        <line num="108" count="1" type="stmt"/>
        <line num="109" count="1" type="stmt"/>
        <line num="110" count="1" type="stmt"/>
        <line num="111" count="1" type="stmt"/>
        <line num="112" count="1" type="stmt"/>
        <line num="116" count="1" type="stmt"/>
        <line num="124" count="1" type="stmt"/>
        <line num="135" count="1" type="stmt"/>
        <line num="155" count="0" type="stmt"/>
        <line num="168" count="0" type="stmt"/>
        <line num="176" count="1" type="stmt"/>
        <line num="178" count="1" type="stmt"/>
        <line num="179" count="1" type="stmt"/>
        <line num="184" count="7" type="stmt"/>
        <line num="186" count="13" type="stmt"/>
        <line num="187" count="26" type="stmt"/>
        <line num="190" count="13" type="stmt"/>
        <line num="191" count="13" type="stmt"/>
        <line num="195" count="13" type="cond" truecount="5" falsecount="1"/>
        <line num="197" count="1" type="stmt"/>
        <line num="198" count="1" type="stmt"/>
        <line num="200" count="9" type="stmt"/>
        <line num="201" count="9" type="stmt"/>
        <line num="203" count="1" type="stmt"/>
        <line num="204" count="1" type="stmt"/>
        <line num="206" count="1" type="stmt"/>
        <line num="207" count="1" type="stmt"/>
        <line num="209" count="0" type="stmt"/>
        <line num="210" count="0" type="stmt"/>
        <line num="212" count="1" type="stmt"/>
        <line num="213" count="1" type="stmt"/>
        <line num="216" count="13" type="stmt"/>
        <line num="219" count="7" type="stmt"/>
        <line num="227" count="7" type="cond" truecount="4" falsecount="0"/>
        <line num="228" count="2" type="stmt"/>
        <line num="235" count="2" type="stmt"/>
        <line num="250" count="2" type="stmt"/>
        <line num="251" count="2" type="stmt"/>
        <line num="254" count="5" type="stmt"/>
        <line num="255" count="5" type="stmt"/>
        <line num="257" count="5" type="stmt"/>
        <line num="258" count="5" type="cond" truecount="5" falsecount="0"/>
        <line num="260" count="1" type="stmt"/>
        <line num="261" count="1" type="stmt"/>
        <line num="264" count="4" type="stmt"/>
        <line num="278" count="4" type="stmt"/>
        <line num="279" count="4" type="stmt"/>
        <line num="280" count="4" type="stmt"/>
        <line num="281" count="4" type="stmt"/>
        <line num="282" count="4" type="stmt"/>
        <line num="283" count="4" type="stmt"/>
        <line num="285" count="4" type="stmt"/>
        <line num="287" count="4" type="cond" truecount="2" falsecount="0"/>
        <line num="289" count="1" type="cond" truecount="2" falsecount="2"/>
        <line num="290" count="0" type="stmt"/>
        <line num="308" count="1" type="stmt"/>
        <line num="323" count="1" type="stmt"/>
        <line num="324" count="3" type="cond" truecount="2" falsecount="0"/>
        <line num="326" count="1" type="stmt"/>
        <line num="327" count="1" type="stmt"/>
        <line num="328" count="1" type="stmt"/>
        <line num="329" count="1" type="stmt"/>
        <line num="330" count="1" type="stmt"/>
        <line num="345" count="1" type="stmt"/>
        <line num="347" count="2" type="cond" truecount="2" falsecount="0"/>
        <line num="349" count="1" type="stmt"/>
        <line num="350" count="1" type="stmt"/>
        <line num="351" count="1" type="stmt"/>
        <line num="352" count="1" type="stmt"/>
        <line num="369" count="1" type="stmt"/>
        <line num="370" count="1" type="stmt"/>
        <line num="371" count="1" type="stmt"/>
        <line num="374" count="4" type="stmt"/>
        <line num="376" count="4" type="cond" truecount="1" falsecount="1"/>
        <line num="377" count="4" type="stmt"/>
        <line num="386" count="4" type="stmt"/>
        <line num="387" count="4" type="stmt"/>
        <line num="388" count="4" type="stmt"/>
        <line num="391" count="4" type="cond" truecount="2" falsecount="0"/>
        <line num="392" count="2" type="cond" truecount="1" falsecount="1"/>
        <line num="393" count="2" type="stmt"/>
        <line num="397" count="4" type="cond" truecount="1" falsecount="1"/>
        <line num="398" count="4" type="cond" truecount="1" falsecount="1"/>
        <line num="399" count="4" type="stmt"/>
        <line num="403" count="4" type="stmt"/>
        <line num="404" count="4" type="stmt"/>
        <line num="405" count="4" type="stmt"/>
        <line num="406" count="4" type="stmt"/>
        <line num="411" count="3" type="cond" truecount="2" falsecount="0"/>
        <line num="412" count="1" type="stmt"/>
        <line num="413" count="1" type="cond" truecount="1" falsecount="1"/>
        <line num="414" count="1" type="stmt"/>
        <line num="415" count="1" type="stmt"/>
        <line num="416" count="1" type="stmt"/>
        <line num="419" count="2" type="stmt"/>
        <line num="424" count="16" type="stmt"/>
        <line num="425" count="16" type="stmt"/>
        <line num="427" count="16" type="stmt"/>
        <line num="473" count="16" type="stmt"/>
        <line num="484" count="21" type="cond" truecount="2" falsecount="0"/>
        <line num="485" count="3" type="stmt"/>
        <line num="486" count="3" type="stmt"/>
        <line num="489" count="18" type="cond" truecount="4" falsecount="0"/>
        <line num="490" count="5" type="cond" truecount="1" falsecount="1"/>
        <line num="491" count="5" type="cond" truecount="1" falsecount="1"/>
        <line num="496" count="13" type="stmt"/>
        <line num="498" count="13" type="stmt"/>
        <line num="501" count="13" type="stmt"/>
        <line num="502" count="21" type="cond" truecount="2" falsecount="0"/>
        <line num="503" count="21" type="stmt"/>
        <line num="504" count="21" type="stmt"/>
        <line num="505" count="21" type="stmt"/>
        <line num="507" count="13" type="stmt"/>
        <line num="512" count="8" type="stmt"/>
        <line num="515" count="8" type="stmt"/>
        <line num="516" count="11" type="stmt"/>
        <line num="519" count="8" type="stmt"/>
        <line num="520" count="11" type="cond" truecount="1" falsecount="1"/>
        <line num="523" count="8" type="stmt"/>
        <line num="524" count="8" type="stmt"/>
        <line num="525" count="8" type="stmt"/>
        <line num="528" count="8" type="stmt"/>
        <line num="530" count="6" type="stmt"/>
        <line num="531" count="6" type="cond" truecount="2" falsecount="0"/>
        <line num="532" count="5" type="stmt"/>
        <line num="533" count="5" type="stmt"/>
        <line num="536" count="10" type="stmt"/>
        <line num="539" count="5" type="stmt"/>
        <line num="540" count="5" type="stmt"/>
        <line num="543" count="10" type="cond" truecount="1" falsecount="1"/>
        <line num="544" count="5" type="stmt"/>
        <line num="546" count="1" type="stmt"/>
        <line num="551" count="8" type="stmt"/>
        <line num="562" count="1" type="stmt"/>
        <line num="563" count="2" type="stmt"/>
        <line num="564" count="2" type="stmt"/>
        <line num="565" count="2" type="stmt"/>
        <line num="566" count="2" type="stmt"/>
        <line num="567" count="2" type="stmt"/>
        <line num="568" count="2" type="stmt"/>
        <line num="569" count="2" type="stmt"/>
        <line num="570" count="2" type="stmt"/>
        <line num="571" count="2" type="stmt"/>
        <line num="572" count="2" type="stmt"/>
        <line num="573" count="2" type="stmt"/>
        <line num="574" count="2" type="stmt"/>
        <line num="575" count="2" type="stmt"/>
        <line num="576" count="2" type="stmt"/>
        <line num="577" count="2" type="stmt"/>
        <line num="580" count="2" type="stmt"/>
        <line num="581" count="2" type="stmt"/>
        <line num="582" count="2" type="stmt"/>
        <line num="583" count="2" type="stmt"/>
        <line num="589" count="1" type="stmt"/>
        <line num="590" count="1" type="stmt"/>
        <line num="591" count="1" type="stmt"/>
        <line num="592" count="1" type="stmt"/>
        <line num="593" count="1" type="stmt"/>
        <line num="594" count="1" type="stmt"/>
        <line num="598" count="9" type="stmt"/>
        <line num="599" count="9" type="cond" truecount="2" falsecount="0"/>
        <line num="600" count="7" type="stmt"/>
        <line num="601" count="7" type="stmt"/>
        <line num="602" count="7" type="stmt"/>
        <line num="606" count="7" type="stmt"/>
        <line num="607" count="2" type="cond" truecount="2" falsecount="0"/>
        <line num="608" count="1" type="stmt"/>
        <line num="609" count="1" type="stmt"/>
        <line num="610" count="1" type="stmt"/>
        <line num="614" count="1" type="stmt"/>
        <line num="615" count="1" type="stmt"/>
        <line num="622" count="3" type="stmt"/>
        <line num="623" count="3" type="stmt"/>
        <line num="626" count="3" type="cond" truecount="1" falsecount="1"/>
        <line num="627" count="0" type="stmt"/>
        <line num="628" count="0" type="stmt"/>
        <line num="631" count="3" type="stmt"/>
        <line num="632" count="30" type="stmt"/>
        <line num="633" count="30" type="cond" truecount="2" falsecount="0"/>
        <line num="635" count="3" type="stmt"/>
        <line num="636" count="3" type="stmt"/>
        <line num="637" count="3" type="stmt"/>
        <line num="638" count="3" type="stmt"/>
        <line num="639" count="3" type="stmt"/>
        <line num="640" count="3" type="stmt"/>
        <line num="641" count="3" type="stmt"/>
        <line num="642" count="3" type="stmt"/>
        <line num="643" count="3" type="stmt"/>
        <line num="644" count="3" type="stmt"/>
        <line num="649" count="4" type="stmt"/>
        <line num="650" count="4" type="stmt"/>
        <line num="651" count="4" type="stmt"/>
        <line num="652" count="4" type="stmt"/>
        <line num="653" count="4" type="stmt"/>
        <line num="654" count="4" type="stmt"/>
        <line num="655" count="4" type="cond" truecount="1" falsecount="1"/>
        <line num="656" count="0" type="cond" truecount="0" falsecount="2"/>
        <line num="657" count="0" type="stmt"/>
        <line num="658" count="0" type="stmt"/>
        <line num="659" count="0" type="stmt"/>
        <line num="660" count="0" type="stmt"/>
        <line num="661" count="0" type="stmt"/>
        <line num="663" count="0" type="stmt"/>
        <line num="664" count="0" type="stmt"/>
        <line num="665" count="0" type="stmt"/>
        <line num="666" count="0" type="stmt"/>
        <line num="668" count="0" type="stmt"/>
        <line num="671" count="4" type="stmt"/>
        <line num="678" count="4" type="stmt"/>
        <line num="684" count="4" type="stmt"/>
        <line num="685" count="4" type="stmt"/>
        <line num="689" count="0" type="cond" truecount="0" falsecount="2"/>
        <line num="690" count="0" type="cond" truecount="0" falsecount="4"/>
        <line num="691" count="0" type="stmt"/>
        <line num="693" count="0" type="cond" truecount="0" falsecount="2"/>
        <line num="694" count="0" type="stmt"/>
        <line num="696" count="0" type="cond" truecount="0" falsecount="4"/>
        <line num="699" count="0" type="stmt"/>
        <line num="702" count="0" type="cond" truecount="0" falsecount="2"/>
        <line num="705" count="0" type="stmt"/>
        <line num="707" count="4" type="stmt"/>
        <line num="713" count="5" type="stmt"/>
        <line num="714" count="5" type="stmt"/>
        <line num="715" count="5" type="stmt"/>
        <line num="716" count="5" type="stmt"/>
        <line num="717" count="5" type="stmt"/>
        <line num="718" count="5" type="stmt"/>
        <line num="719" count="5" type="stmt"/>
        <line num="720" count="5" type="stmt"/>
        <line num="723" count="5" type="stmt"/>
        <line num="724" count="50" type="stmt"/>
        <line num="725" count="50" type="cond" truecount="2" falsecount="0"/>
        <line num="726" count="50" type="cond" truecount="3" falsecount="1"/>
        <line num="727" count="0" type="stmt"/>
        <line num="730" count="5" type="stmt"/>
        <line num="731" count="5" type="stmt"/>
        <line num="732" count="5" type="stmt"/>
        <line num="733" count="5" type="stmt"/>
        <line num="739" count="2" type="stmt"/>
        <line num="742" count="2" type="stmt"/>
        <line num="743" count="0" type="stmt"/>
        <line num="744" count="0" type="cond" truecount="0" falsecount="2"/>
        <line num="745" count="0" type="stmt"/>
        <line num="746" count="0" type="stmt"/>
        <line num="747" count="0" type="stmt"/>
        <line num="748" count="0" type="stmt"/>
        <line num="750" count="0" type="stmt"/>
        <line num="754" count="0" type="stmt"/>
        <line num="760" count="2" type="stmt"/>
        <line num="761" count="2" type="stmt"/>
        <line num="762" count="2" type="cond" truecount="2" falsecount="0"/>
        <line num="763" count="1" type="stmt"/>
        <line num="764" count="1" type="stmt"/>
        <line num="765" count="1" type="stmt"/>
        <line num="766" count="1" type="stmt"/>
        <line num="767" count="1" type="stmt"/>
        <line num="769" count="1" type="stmt"/>
        <line num="770" count="1" type="cond" truecount="1" falsecount="1"/>
        <line num="772" count="0" type="stmt"/>
        <line num="773" count="0" type="stmt"/>
        <line num="774" count="0" type="stmt"/>
        <line num="775" count="0" type="stmt"/>
        <line num="777" count="1" type="stmt"/>
        <line num="785" count="3" type="stmt"/>
        <line num="786" count="3" type="stmt"/>
        <line num="787" count="3" type="stmt"/>
        <line num="788" count="3" type="cond" truecount="2" falsecount="0"/>
        <line num="789" count="1" type="stmt"/>
        <line num="790" count="1" type="stmt"/>
        <line num="791" count="1" type="stmt"/>
        <line num="793" count="2" type="stmt"/>
        <line num="794" count="2" type="stmt"/>
        <line num="795" count="2" type="stmt"/>
        <line num="797" count="3" type="cond" truecount="2" falsecount="0"/>
        <line num="798" count="1" type="stmt"/>
        <line num="799" count="1" type="cond" truecount="1" falsecount="1"/>
        <line num="800" count="0" type="stmt"/>
        <line num="801" count="0" type="stmt"/>
        <line num="803" count="1" type="stmt"/>
        <line num="804" count="1" type="stmt"/>
        <line num="805" count="1" type="stmt"/>
        <line num="806" count="1" type="stmt"/>
        <line num="807" count="1" type="stmt"/>
        <line num="811" count="2" type="stmt"/>
        <line num="812" count="2" type="cond" truecount="2" falsecount="0"/>
        <line num="813" count="1" type="stmt"/>
        <line num="814" count="1" type="stmt"/>
        <line num="815" count="1" type="stmt"/>
        <line num="817" count="1" type="stmt"/>
        <line num="818" count="1" type="stmt"/>
        <line num="819" count="1" type="cond" truecount="1" falsecount="1"/>
        <line num="820" count="1" type="stmt"/>
        <line num="821" count="1" type="stmt"/>
        <line num="822" count="1" type="stmt"/>
        <line num="824" count="0" type="cond" truecount="0" falsecount="2"/>
        <line num="831" count="2" type="stmt"/>
        <line num="833" count="2" type="stmt"/>
        <line num="834" count="2" type="stmt"/>
        <line num="835" count="2" type="cond" truecount="2" falsecount="0"/>
        <line num="836" count="1" type="stmt"/>
        <line num="839" count="1" type="stmt"/>
        <line num="840" count="1" type="stmt"/>
        <line num="843" count="1" type="stmt"/>
        <line num="844" count="1" type="stmt"/>
        <line num="847" count="1" type="stmt"/>
        <line num="848" count="1" type="stmt"/>
        <line num="849" count="1" type="stmt"/>
        <line num="850" count="1" type="stmt"/>
        <line num="851" count="1" type="stmt"/>
        <line num="852" count="1" type="stmt"/>
        <line num="853" count="1" type="stmt"/>
        <line num="855" count="1" type="stmt"/>
        <line num="856" count="1" type="stmt"/>
        <line num="857" count="1" type="stmt"/>
        <line num="858" count="1" type="stmt"/>
        <line num="859" count="1" type="stmt"/>
        <line num="860" count="1" type="stmt"/>
        <line num="861" count="1" type="stmt"/>
        <line num="864" count="1" type="cond" truecount="1" falsecount="1"/>
        <line num="865" count="1" type="stmt"/>
        <line num="883" count="1" type="stmt"/>
        <line num="891" count="1" type="stmt"/>
        <line num="897" count="2" type="stmt"/>
        <line num="898" count="2" type="stmt"/>
        <line num="901" count="2" type="stmt"/>
        <line num="904" count="2" type="stmt"/>
        <line num="905" count="0" type="stmt"/>
        <line num="906" count="0" type="stmt"/>
        <line num="909" count="0" type="cond" truecount="0" falsecount="4"/>
        <line num="910" count="0" type="stmt"/>
        <line num="911" count="0" type="stmt"/>
        <line num="914" count="0" type="cond" truecount="0" falsecount="2"/>
        <line num="915" count="0" type="stmt"/>
        <line num="922" count="2" type="stmt"/>
        <line num="923" count="2" type="stmt"/>
        <line num="924" count="2" type="cond" truecount="1" falsecount="1"/>
        <line num="925" count="2" type="stmt"/>
        <line num="930" count="2" type="cond" truecount="1" falsecount="1"/>
        <line num="931" count="2" type="stmt"/>
        <line num="933" count="2" type="cond" truecount="1" falsecount="1"/>
        <line num="935" count="0" type="stmt"/>
        <line num="942" count="2" type="stmt"/>
        <line num="945" count="0" type="stmt"/>
        <line num="950" count="3" type="stmt"/>
        <line num="951" count="3" type="stmt"/>
        <line num="952" count="3" type="stmt"/>
        <line num="953" count="3" type="stmt"/>
        <line num="954" count="3" type="stmt"/>
        <line num="955" count="3" type="stmt"/>
        <line num="957" count="3" type="stmt"/>
        <line num="958" count="3" type="stmt"/>
        <line num="959" count="3" type="cond" truecount="2" falsecount="0"/>
        <line num="960" count="1" type="stmt"/>
        <line num="962" count="2" type="stmt"/>
        <line num="964" count="3" type="stmt"/>
        <line num="965" count="3" type="stmt"/>
        <line num="966" count="3" type="stmt"/>
        <line num="971" count="8" type="stmt"/>
        <line num="974" count="1" type="cond" truecount="3" falsecount="1"/>
        <line num="975" count="1" type="stmt"/>
      </file>
    </package>
    <package name="NumerischeIntegration">
      <metrics statements="363" coveredstatements="319" conditionals="68" coveredconditionals="48" methods="29" coveredmethods="29"/>
      <file name="scriptIntegration.js" path="C:\Users\I550880\Documents\5. Semester\Numerik\Numerikprojekt\NumerischeIntegration\scriptIntegration.js">
        <metrics statements="363" coveredstatements="319" conditionals="68" coveredconditionals="48" methods="29" coveredmethods="29"/>
        <line num="3" count="2" type="stmt"/>
        <line num="4" count="2" type="cond" truecount="2" falsecount="0"/>
        <line num="5" count="1" type="stmt"/>
        <line num="6" count="1" type="stmt"/>
        <line num="8" count="0" type="stmt"/>
        <line num="11" count="1" type="stmt"/>
        <line num="16" count="1" type="stmt"/>
        <line num="17" count="1" type="stmt"/>
        <line num="29" count="1" type="stmt"/>
        <line num="30" count="1" type="stmt"/>
        <line num="31" count="1" type="stmt"/>
        <line num="32" count="1" type="stmt"/>
        <line num="35" count="1" type="stmt"/>
        <line num="36" count="1" type="stmt"/>
        <line num="37" count="1" type="stmt"/>
        <line num="38" count="1" type="stmt"/>
        <line num="39" count="1" type="stmt"/>
        <line num="40" count="1" type="stmt"/>
        <line num="41" count="1" type="stmt"/>
        <line num="44" count="1" type="stmt"/>
        <line num="48" count="2" type="stmt"/>
        <line num="49" count="2" type="stmt"/>
        <line num="50" count="2" type="stmt"/>
        <line num="51" count="2" type="stmt"/>
        <line num="52" count="2" type="cond" truecount="2" falsecount="0"/>
        <line num="53" count="1" type="stmt"/>
        <line num="54" count="1" type="stmt"/>
        <line num="56" count="1" type="stmt"/>
        <line num="57" count="1" type="stmt"/>
        <line num="58" count="1" type="stmt"/>
        <line num="59" count="1" type="stmt"/>
        <line num="61" count="1" type="stmt"/>
        <line num="62" count="1" type="stmt"/>
        <line num="63" count="2" type="cond" truecount="1" falsecount="1"/>
        <line num="64" count="0" type="stmt"/>
        <line num="66" count="2" type="stmt"/>
        <line num="67" count="2" type="stmt"/>
        <line num="69" count="2" type="cond" truecount="1" falsecount="1"/>
        <line num="70" count="0" type="stmt"/>
        <line num="72" count="2" type="stmt"/>
        <line num="74" count="2" type="stmt"/>
        <line num="75" count="2" type="stmt"/>
        <line num="76" count="2" type="cond" truecount="1" falsecount="1"/>
        <line num="77" count="0" type="stmt"/>
        <line num="78" count="0" type="stmt"/>
        <line num="80" count="0" type="stmt"/>
        <line num="82" count="2" type="stmt"/>
        <line num="84" count="0" type="stmt"/>
        <line num="85" count="0" type="stmt"/>
        <line num="92" count="2" type="stmt"/>
        <line num="93" count="2" type="stmt"/>
        <line num="94" count="2" type="stmt"/>
        <line num="95" count="2" type="stmt"/>
        <line num="98" count="2" type="cond" truecount="2" falsecount="0"/>
        <line num="99" count="1" type="stmt"/>
        <line num="100" count="1" type="stmt"/>
        <line num="101" count="1" type="stmt"/>
        <line num="102" count="1" type="stmt"/>
        <line num="104" count="1" type="stmt"/>
        <line num="105" count="1" type="stmt"/>
        <line num="106" count="1" type="stmt"/>
        <line num="107" count="1" type="stmt"/>
        <line num="113" count="2" type="stmt"/>
        <line num="114" count="2" type="stmt"/>
        <line num="115" count="2" type="stmt"/>
        <line num="117" count="2" type="stmt"/>
        <line num="119" count="2" type="cond" truecount="1" falsecount="1"/>
        <line num="120" count="0" type="stmt"/>
        <line num="121" count="0" type="stmt"/>
        <line num="123" count="2" type="stmt"/>
        <line num="124" count="2" type="stmt"/>
        <line num="130" count="1" type="stmt"/>
        <line num="131" count="1" type="stmt"/>
        <line num="132" count="1" type="stmt"/>
        <line num="133" count="1" type="stmt"/>
        <line num="135" count="1" type="cond" truecount="1" falsecount="1"/>
        <line num="136" count="0" type="stmt"/>
        <line num="138" count="1" type="stmt"/>
        <line num="140" count="1" type="stmt"/>
        <line num="141" count="1" type="stmt"/>
        <line num="144" count="1" type="cond" truecount="1" falsecount="1"/>
        <line num="145" count="0" type="stmt"/>
        <line num="146" count="0" type="stmt"/>
        <line num="147" count="0" type="stmt"/>
        <line num="153" count="122" type="stmt"/>
        <line num="154" count="122" type="stmt"/>
        <line num="155" count="122" type="stmt"/>
        <line num="156" count="122" type="stmt"/>
        <line num="157" count="5207" type="stmt"/>
        <line num="159" count="5207" type="stmt"/>
        <line num="160" count="122" type="stmt"/>
        <line num="161" count="122" type="stmt"/>
        <line num="162" count="4963" type="stmt"/>
        <line num="164" count="122" type="stmt"/>
        <line num="165" count="122" type="stmt"/>
        <line num="170" count="455" type="stmt"/>
        <line num="171" count="455" type="stmt"/>
        <line num="172" count="455" type="stmt"/>
        <line num="175" count="455" type="stmt"/>
        <line num="176" count="20315" type="stmt"/>
        <line num="177" count="20315" type="stmt"/>
        <line num="178" count="20315" type="stmt"/>
        <line num="179" count="20315" type="stmt"/>
        <line num="180" count="20315" type="stmt"/>
        <line num="181" count="20315" type="stmt"/>
        <line num="183" count="20315" type="stmt"/>
        <line num="186" count="455" type="stmt"/>
        <line num="191" count="5" type="cond" truecount="1" falsecount="1"/>
        <line num="192" count="5" type="stmt"/>
        <line num="195" count="5" type="stmt"/>
        <line num="196" count="5" type="stmt"/>
        <line num="197" count="5" type="stmt"/>
        <line num="198" count="5" type="stmt"/>
        <line num="199" count="5" type="stmt"/>
        <line num="200" count="5" type="stmt"/>
        <line num="201" count="5" type="stmt"/>
        <line num="202" count="5" type="stmt"/>
        <line num="203" count="5" type="stmt"/>
        <line num="204" count="5" type="stmt"/>
        <line num="206" count="5" type="stmt"/>
        <line num="207" count="5" type="stmt"/>
        <line num="210" count="5" type="stmt"/>
        <line num="211" count="5" type="cond" truecount="1" falsecount="1"/>
        <line num="212" count="0" type="stmt"/>
        <line num="216" count="5" type="stmt"/>
        <line num="217" count="5" type="stmt"/>
        <line num="218" count="5" type="stmt"/>
        <line num="219" count="5" type="stmt"/>
        <line num="223" count="5" type="stmt"/>
        <line num="225" count="5" type="stmt"/>
        <line num="226" count="5" type="cond" truecount="2" falsecount="0"/>
        <line num="228" count="1" type="stmt"/>
        <line num="229" count="1" type="stmt"/>
        <line num="232" count="4" type="stmt"/>
        <line num="233" count="4" type="stmt"/>
        <line num="237" count="5" type="cond" truecount="1" falsecount="1"/>
        <line num="238" count="0" type="stmt"/>
        <line num="247" count="5" type="stmt"/>
        <line num="248" count="5" type="stmt"/>
        <line num="265" count="5" type="stmt"/>
        <line num="268" count="5" type="stmt"/>
        <line num="271" count="5" type="stmt"/>
        <line num="272" count="5" type="stmt"/>
        <line num="273" count="5" type="cond" truecount="2" falsecount="0"/>
        <line num="274" count="1" type="stmt"/>
        <line num="276" count="4" type="stmt"/>
        <line num="279" count="5" type="stmt"/>
        <line num="280" count="500" type="stmt"/>
        <line num="288" count="5" type="stmt"/>
        <line num="300" count="5" type="stmt"/>
        <line num="309" count="5" type="stmt"/>
        <line num="338" count="5" type="stmt"/>
        <line num="341" count="5" type="stmt"/>
        <line num="347" count="1" type="stmt"/>
        <line num="358" count="1" type="stmt"/>
        <line num="366" count="7" type="stmt"/>
        <line num="367" count="7" type="stmt"/>
        <line num="368" count="7" type="stmt"/>
        <line num="369" count="7" type="stmt"/>
        <line num="370" count="5" type="stmt"/>
        <line num="373" count="5" type="stmt"/>
        <line num="374" count="5" type="stmt"/>
        <line num="377" count="5" type="stmt"/>
        <line num="378" count="5" type="stmt"/>
        <line num="381" count="5" type="stmt"/>
        <line num="383" count="2" type="stmt"/>
        <line num="384" count="2" type="stmt"/>
        <line num="391" count="7" type="stmt"/>
        <line num="392" count="7" type="cond" truecount="2" falsecount="0"/>
        <line num="393" count="15" type="stmt"/>
        <line num="395" count="45" type="stmt"/>
        <line num="399" count="60" type="stmt"/>
        <line num="402" count="7" type="stmt"/>
        <line num="403" count="7" type="stmt"/>
        <line num="419" count="7" type="stmt"/>
        <line num="420" count="7" type="stmt"/>
        <line num="423" count="7" type="stmt"/>
        <line num="424" count="60" type="stmt"/>
        <line num="425" count="60" type="stmt"/>
        <line num="428" count="60" type="stmt"/>
        <line num="429" count="60" type="stmt"/>
        <line num="430" count="60" type="stmt"/>
        <line num="433" count="60" type="stmt"/>
        <line num="434" count="60" type="cond" truecount="2" falsecount="0"/>
        <line num="435" count="20" type="stmt"/>
        <line num="437" count="40" type="stmt"/>
        <line num="441" count="60" type="stmt"/>
        <line num="442" count="60" type="stmt"/>
        <line num="444" count="7" type="stmt"/>
        <line num="450" count="7" type="stmt"/>
        <line num="451" count="7" type="stmt"/>
        <line num="452" count="7" type="stmt"/>
        <line num="453" count="7" type="stmt"/>
        <line num="454" count="7" type="stmt"/>
        <line num="455" count="7" type="stmt"/>
        <line num="456" count="7" type="stmt"/>
        <line num="459" count="7" type="cond" truecount="5" falsecount="1"/>
        <line num="460" count="7" type="stmt"/>
        <line num="461" count="7" type="stmt"/>
        <line num="462" count="7" type="stmt"/>
        <line num="463" count="7" type="stmt"/>
        <line num="464" count="7" type="stmt"/>
        <line num="466" count="0" type="stmt"/>
        <line num="467" count="0" type="stmt"/>
        <line num="468" count="0" type="stmt"/>
        <line num="469" count="0" type="stmt"/>
        <line num="470" count="0" type="stmt"/>
        <line num="475" count="7" type="stmt"/>
        <line num="476" count="7" type="stmt"/>
        <line num="479" count="7" type="stmt"/>
        <line num="480" count="510" type="stmt"/>
        <line num="481" count="510" type="cond" truecount="2" falsecount="0"/>
        <line num="482" count="100" type="stmt"/>
        <line num="484" count="410" type="stmt"/>
        <line num="488" count="510" type="stmt"/>
        <line num="489" count="510" type="stmt"/>
        <line num="490" count="510" type="stmt"/>
        <line num="493" count="7" type="stmt"/>
        <line num="498" count="4" type="stmt"/>
        <line num="501" count="4" type="cond" truecount="2" falsecount="0"/>
        <line num="502" count="1" type="stmt"/>
        <line num="505" count="3" type="stmt"/>
        <line num="509" count="4" type="stmt"/>
        <line num="510" count="4" type="cond" truecount="2" falsecount="0"/>
        <line num="511" count="1" type="stmt"/>
        <line num="512" count="1" type="stmt"/>
        <line num="514" count="1" type="stmt"/>
        <line num="516" count="3" type="stmt"/>
        <line num="522" count="5" type="cond" truecount="1" falsecount="1"/>
        <line num="523" count="0" type="stmt"/>
        <line num="525" count="5" type="stmt"/>
        <line num="526" count="5" type="cond" truecount="1" falsecount="1"/>
        <line num="527" count="5" type="stmt"/>
        <line num="528" count="5" type="stmt"/>
        <line num="529" count="5" type="cond" truecount="1" falsecount="1"/>
        <line num="530" count="5" type="stmt"/>
        <line num="532" count="0" type="stmt"/>
        <line num="533" count="0" type="stmt"/>
        <line num="534" count="0" type="stmt"/>
        <line num="535" count="0" type="stmt"/>
        <line num="536" count="0" type="stmt"/>
        <line num="537" count="0" type="stmt"/>
        <line num="538" count="0" type="stmt"/>
        <line num="539" count="0" type="stmt"/>
        <line num="540" count="0" type="stmt"/>
        <line num="542" count="5" type="stmt"/>
        <line num="543" count="5" type="stmt"/>
        <line num="544" count="5" type="cond" truecount="1" falsecount="1"/>
        <line num="545" count="5" type="stmt"/>
        <line num="546" count="5" type="stmt"/>
        <line num="547" count="5" type="stmt"/>
        <line num="548" count="5" type="stmt"/>
        <line num="549" count="5" type="stmt"/>
        <line num="550" count="5" type="stmt"/>
        <line num="553" count="0" type="stmt"/>
        <line num="554" count="0" type="stmt"/>
        <line num="555" count="0" type="stmt"/>
        <line num="556" count="0" type="stmt"/>
        <line num="557" count="0" type="stmt"/>
        <line num="558" count="0" type="stmt"/>
        <line num="567" count="10" type="stmt"/>
        <line num="570" count="10" type="stmt"/>
        <line num="571" count="2" type="cond" truecount="1" falsecount="1"/>
        <line num="572" count="0" type="stmt"/>
        <line num="574" count="2" type="stmt"/>
        <line num="576" count="2" type="stmt"/>
        <line num="580" count="5" type="stmt"/>
        <line num="583" count="5" type="stmt"/>
        <line num="584" count="5" type="stmt"/>
        <line num="585" count="5" type="stmt"/>
        <line num="586" count="5" type="stmt"/>
        <line num="587" count="5" type="stmt"/>
        <line num="588" count="5" type="stmt"/>
        <line num="589" count="5" type="stmt"/>
        <line num="591" count="5" type="stmt"/>
        <line num="592" count="4" type="cond" truecount="2" falsecount="0"/>
        <line num="593" count="1" type="stmt"/>
        <line num="594" count="1" type="stmt"/>
        <line num="595" count="1" type="stmt"/>
        <line num="598" count="3" type="stmt"/>
        <line num="599" count="3" type="stmt"/>
        <line num="600" count="3" type="stmt"/>
        <line num="601" count="3" type="stmt"/>
        <line num="602" count="3" type="stmt"/>
        <line num="603" count="14" type="stmt"/>
        <line num="605" count="14" type="stmt"/>
        <line num="607" count="14" type="stmt"/>
        <line num="608" count="14" type="stmt"/>
        <line num="613" count="14" type="stmt"/>
        <line num="614" count="14" type="stmt"/>
        <line num="615" count="14" type="stmt"/>
        <line num="616" count="14" type="stmt"/>
        <line num="618" count="14" type="stmt"/>
        <line num="619" count="14" type="stmt"/>
        <line num="620" count="14" type="stmt"/>
        <line num="621" count="14" type="stmt"/>
        <line num="622" count="14" type="stmt"/>
        <line num="623" count="14" type="stmt"/>
        <line num="624" count="14" type="stmt"/>
        <line num="625" count="14" type="stmt"/>
        <line num="629" count="1" type="stmt"/>
        <line num="633" count="4" type="stmt"/>
        <line num="634" count="4" type="stmt"/>
        <line num="635" count="4" type="stmt"/>
        <line num="636" count="4" type="stmt"/>
        <line num="637" count="4" type="stmt"/>
        <line num="642" count="4" type="stmt"/>
        <line num="644" count="4" type="stmt"/>
        <line num="645" count="4" type="stmt"/>
        <line num="646" count="4" type="stmt"/>
        <line num="647" count="4" type="stmt"/>
        <line num="648" count="4" type="stmt"/>
        <line num="649" count="4" type="stmt"/>
        <line num="651" count="4" type="stmt"/>
        <line num="653" count="4" type="stmt"/>
        <line num="654" count="1" type="cond" truecount="1" falsecount="1"/>
        <line num="656" count="0" type="stmt"/>
        <line num="657" count="0" type="stmt"/>
        <line num="658" count="0" type="stmt"/>
        <line num="660" count="1" type="stmt"/>
        <line num="661" count="1" type="stmt"/>
        <line num="662" count="1" type="stmt"/>
        <line num="665" count="1" type="stmt"/>
        <line num="666" count="1" type="stmt"/>
        <line num="667" count="10" type="stmt"/>
        <line num="669" count="10" type="stmt"/>
        <line num="670" count="10" type="stmt"/>
        <line num="673" count="10" type="stmt"/>
        <line num="674" count="10" type="stmt"/>
        <line num="675" count="10" type="stmt"/>
        <line num="680" count="10" type="stmt"/>
        <line num="686" count="10" type="stmt"/>
        <line num="689" count="10" type="stmt"/>
        <line num="690" count="10" type="stmt"/>
        <line num="691" count="10" type="stmt"/>
        <line num="692" count="10" type="stmt"/>
        <line num="693" count="10" type="stmt"/>
        <line num="696" count="10" type="cond" truecount="1" falsecount="1"/>
        <line num="697" count="0" type="stmt"/>
        <line num="700" count="10" type="cond" truecount="1" falsecount="1"/>
        <line num="701" count="0" type="stmt"/>
        <line num="704" count="10" type="cond" truecount="1" falsecount="1"/>
        <line num="705" count="0" type="stmt"/>
        <line num="709" count="10" type="stmt"/>
        <line num="710" count="10" type="stmt"/>
        <line num="713" count="10" type="stmt"/>
        <line num="714" count="10" type="stmt"/>
        <line num="715" count="10" type="stmt"/>
        <line num="717" count="10" type="stmt"/>
        <line num="718" count="10" type="stmt"/>
        <line num="719" count="10" type="stmt"/>
        <line num="720" count="10" type="stmt"/>
        <line num="721" count="10" type="stmt"/>
        <line num="722" count="10" type="stmt"/>
        <line num="723" count="10" type="stmt"/>
        <line num="724" count="10" type="stmt"/>
        <line num="731" count="3" type="stmt"/>
        <line num="734" count="4" type="stmt"/>
        <line num="735" count="4" type="stmt"/>
        <line num="736" count="4" type="stmt"/>
        <line num="737" count="4" type="stmt"/>
        <line num="741" count="1" type="cond" truecount="3" falsecount="1"/>
        <line num="742" count="1" type="stmt"/>
      </file>
    </package>
  </project>
</coverage>
