{"C:\\Users\\I550880\\Documents\\5. Semester\\Numerik\\Numerikprojekt\\LGS\\scriptLGS.js": {"path":"C:\\Users\\I550880\\Documents\\5. Semester\\Numerik\\Numerikprojekt\\LGS\\scriptLGS.js","statementMap":{"0":{"start":{"line":1,"column":0},"end":{"line":16,"column":3}},"1":{"start":{"line":2,"column":23},"end":{"line":2,"column":60}},"2":{"start":{"line":3,"column":24},"end":{"line":3,"column":62}},"3":{"start":{"line":4,"column":22},"end":{"line":4,"column":58}},"4":{"start":{"line":5,"column":25},"end":{"line":5,"column":64}},"5":{"start":{"line":6,"column":20},"end":{"line":6,"column":62}},"6":{"start":{"line":7,"column":4},"end":{"line":7,"column":61}},"7":{"start":{"line":8,"column":4},"end":{"line":8,"column":54}},"8":{"start":{"line":9,"column":4},"end":{"line":9,"column":59}},"9":{"start":{"line":10,"column":4},"end":{"line":10,"column":53}},"10":{"start":{"line":11,"column":4},"end":{"line":11,"column":47}},"11":{"start":{"line":12,"column":4},"end":{"line":14,"column":5}},"12":{"start":{"line":12,"column":17},"end":{"line":12,"column":18}},"13":{"start":{"line":13,"column":8},"end":{"line":13,"column":28}},"14":{"start":{"line":15,"column":4},"end":{"line":15,"column":15}},"15":{"start":{"line":19,"column":18},"end":{"line":19,"column":61}},"16":{"start":{"line":20,"column":19},"end":{"line":20,"column":57}},"17":{"start":{"line":21,"column":17},"end":{"line":21,"column":34}},"18":{"start":{"line":22,"column":18},"end":{"line":22,"column":48}},"19":{"start":{"line":23,"column":4},"end":{"line":23,"column":22}},"20":{"start":{"line":24,"column":4},"end":{"line":28,"column":5}},"21":{"start":{"line":25,"column":8},"end":{"line":25,"column":34}},"22":{"start":{"line":26,"column":8},"end":{"line":26,"column":35}},"23":{"start":{"line":27,"column":8},"end":{"line":27,"column":19}},"24":{"start":{"line":29,"column":4},"end":{"line":34,"column":5}},"25":{"start":{"line":30,"column":8},"end":{"line":33,"column":9}},"26":{"start":{"line":30,"column":21},"end":{"line":30,"column":22}},"27":{"start":{"line":31,"column":12},"end":{"line":31,"column":52}},"28":{"start":{"line":32,"column":12},"end":{"line":32,"column":53}},"29":{"start":{"line":35,"column":4},"end":{"line":35,"column":15}},"30":{"start":{"line":39,"column":18},"end":{"line":39,"column":61}},"31":{"start":{"line":40,"column":19},"end":{"line":40,"column":57}},"32":{"start":{"line":41,"column":17},"end":{"line":41,"column":34}},"33":{"start":{"line":42,"column":18},"end":{"line":42,"column":44}},"34":{"start":{"line":43,"column":4},"end":{"line":58,"column":5}},"35":{"start":{"line":44,"column":18},"end":{"line":44,"column":35}},"36":{"start":{"line":45,"column":8},"end":{"line":50,"column":9}},"37":{"start":{"line":45,"column":21},"end":{"line":45,"column":22}},"38":{"start":{"line":46,"column":25},"end":{"line":46,"column":41}},"39":{"start":{"line":47,"column":26},"end":{"line":47,"column":57}},"40":{"start":{"line":48,"column":12},"end":{"line":48,"column":34}},"41":{"start":{"line":49,"column":12},"end":{"line":49,"column":36}},"42":{"start":{"line":51,"column":26},"end":{"line":51,"column":44}},"43":{"start":{"line":52,"column":27},"end":{"line":52,"column":50}},"44":{"start":{"line":53,"column":28},"end":{"line":53,"column":59}},"45":{"start":{"line":54,"column":8},"end":{"line":54,"column":36}},"46":{"start":{"line":55,"column":8},"end":{"line":55,"column":38}},"47":{"start":{"line":56,"column":8},"end":{"line":56,"column":44}},"48":{"start":{"line":57,"column":8},"end":{"line":57,"column":19}},"49":{"start":{"line":59,"column":4},"end":{"line":67,"column":5}},"50":{"start":{"line":60,"column":8},"end":{"line":65,"column":9}},"51":{"start":{"line":60,"column":21},"end":{"line":60,"column":22}},"52":{"start":{"line":61,"column":25},"end":{"line":61,"column":51}},"53":{"start":{"line":62,"column":26},"end":{"line":62,"column":57}},"54":{"start":{"line":63,"column":12},"end":{"line":63,"column":34}},"55":{"start":{"line":64,"column":12},"end":{"line":64,"column":36}},"56":{"start":{"line":66,"column":8},"end":{"line":66,"column":19}},"57":{"start":{"line":72,"column":18},"end":{"line":72,"column":61}},"58":{"start":{"line":73,"column":19},"end":{"line":73,"column":71}},"59":{"start":{"line":74,"column":25},"end":{"line":74,"column":74}},"60":{"start":{"line":75,"column":19},"end":{"line":75,"column":21}},"61":{"start":{"line":75,"column":44},"end":{"line":75,"column":46}},"62":{"start":{"line":76,"column":22},"end":{"line":76,"column":23}},"63":{"start":{"line":77,"column":4},"end":{"line":79,"column":5}},"64":{"start":{"line":78,"column":8},"end":{"line":78,"column":73}},"65":{"start":{"line":81,"column":22},"end":{"line":81,"column":60}},"66":{"start":{"line":82,"column":20},"end":{"line":82,"column":61}},"67":{"start":{"line":83,"column":19},"end":{"line":83,"column":59}},"68":{"start":{"line":84,"column":4},"end":{"line":84,"column":67}},"69":{"start":{"line":85,"column":4},"end":{"line":85,"column":82}},"70":{"start":{"line":86,"column":4},"end":{"line":86,"column":30}},"71":{"start":{"line":88,"column":24},"end":{"line":88,"column":66}},"72":{"start":{"line":90,"column":25},"end":{"line":90,"column":75}},"73":{"start":{"line":91,"column":24},"end":{"line":91,"column":54}},"74":{"start":{"line":93,"column":4},"end":{"line":99,"column":7}},"75":{"start":{"line":94,"column":8},"end":{"line":98,"column":9}},"76":{"start":{"line":95,"column":12},"end":{"line":95,"column":27}},"77":{"start":{"line":97,"column":12},"end":{"line":97,"column":49}},"78":{"start":{"line":101,"column":4},"end":{"line":107,"column":7}},"79":{"start":{"line":102,"column":8},"end":{"line":106,"column":9}},"80":{"start":{"line":103,"column":12},"end":{"line":103,"column":33}},"81":{"start":{"line":105,"column":12},"end":{"line":105,"column":61}},"82":{"start":{"line":108,"column":15},"end":{"line":108,"column":32}},"83":{"start":{"line":109,"column":16},"end":{"line":109,"column":22}},"84":{"start":{"line":111,"column":15},"end":{"line":111,"column":35}},"85":{"start":{"line":114,"column":12},"end":{"line":114,"column":14}},"86":{"start":{"line":115,"column":12},"end":{"line":115,"column":14}},"87":{"start":{"line":116,"column":4},"end":{"line":127,"column":5}},"88":{"start":{"line":116,"column":17},"end":{"line":116,"column":18}},"89":{"start":{"line":117,"column":18},"end":{"line":117,"column":20}},"90":{"start":{"line":118,"column":8},"end":{"line":125,"column":9}},"91":{"start":{"line":118,"column":21},"end":{"line":118,"column":22}},"92":{"start":{"line":119,"column":24},"end":{"line":119,"column":36}},"93":{"start":{"line":120,"column":12},"end":{"line":124,"column":13}},"94":{"start":{"line":121,"column":16},"end":{"line":121,"column":40}},"95":{"start":{"line":123,"column":16},"end":{"line":123,"column":38}},"96":{"start":{"line":126,"column":8},"end":{"line":126,"column":20}},"97":{"start":{"line":130,"column":18},"end":{"line":130,"column":37}},"98":{"start":{"line":131,"column":4},"end":{"line":141,"column":5}},"99":{"start":{"line":131,"column":17},"end":{"line":131,"column":18}},"100":{"start":{"line":132,"column":8},"end":{"line":140,"column":9}},"101":{"start":{"line":132,"column":21},"end":{"line":132,"column":22}},"102":{"start":{"line":133,"column":24},"end":{"line":133,"column":53}},"103":{"start":{"line":134,"column":12},"end":{"line":134,"column":36}},"104":{"start":{"line":135,"column":12},"end":{"line":139,"column":13}},"105":{"start":{"line":136,"column":16},"end":{"line":136,"column":32}},"106":{"start":{"line":138,"column":16},"end":{"line":138,"column":35}},"107":{"start":{"line":142,"column":4},"end":{"line":142,"column":32}},"108":{"start":{"line":145,"column":18},"end":{"line":145,"column":37}},"109":{"start":{"line":146,"column":4},"end":{"line":152,"column":5}},"110":{"start":{"line":146,"column":17},"end":{"line":146,"column":18}},"111":{"start":{"line":147,"column":20},"end":{"line":147,"column":55}},"112":{"start":{"line":148,"column":8},"end":{"line":148,"column":32}},"113":{"start":{"line":149,"column":8},"end":{"line":151,"column":9}},"114":{"start":{"line":150,"column":12},"end":{"line":150,"column":31}},"115":{"start":{"line":153,"column":4},"end":{"line":153,"column":32}},"116":{"start":{"line":156,"column":18},"end":{"line":156,"column":37}},"117":{"start":{"line":157,"column":4},"end":{"line":162,"column":5}},"118":{"start":{"line":157,"column":17},"end":{"line":157,"column":18}},"119":{"start":{"line":158,"column":8},"end":{"line":158,"column":35}},"120":{"start":{"line":159,"column":8},"end":{"line":161,"column":9}},"121":{"start":{"line":160,"column":12},"end":{"line":160,"column":32}},"122":{"start":{"line":163,"column":4},"end":{"line":163,"column":33}},"123":{"start":{"line":166,"column":12},"end":{"line":166,"column":20}},"124":{"start":{"line":169,"column":12},"end":{"line":169,"column":14}},"125":{"start":{"line":170,"column":12},"end":{"line":170,"column":14}},"126":{"start":{"line":171,"column":12},"end":{"line":171,"column":14}},"127":{"start":{"line":174,"column":4},"end":{"line":193,"column":5}},"128":{"start":{"line":174,"column":17},"end":{"line":174,"column":18}},"129":{"start":{"line":175,"column":8},"end":{"line":175,"column":19}},"130":{"start":{"line":176,"column":8},"end":{"line":176,"column":19}},"131":{"start":{"line":177,"column":8},"end":{"line":177,"column":19}},"132":{"start":{"line":178,"column":8},"end":{"line":192,"column":9}},"133":{"start":{"line":178,"column":21},"end":{"line":178,"column":22}},"134":{"start":{"line":179,"column":12},"end":{"line":191,"column":13}},"135":{"start":{"line":180,"column":16},"end":{"line":180,"column":34}},"136":{"start":{"line":181,"column":16},"end":{"line":181,"column":28}},"137":{"start":{"line":182,"column":16},"end":{"line":182,"column":28}},"138":{"start":{"line":183,"column":19},"end":{"line":191,"column":13}},"139":{"start":{"line":184,"column":16},"end":{"line":184,"column":34}},"140":{"start":{"line":185,"column":16},"end":{"line":185,"column":28}},"141":{"start":{"line":186,"column":16},"end":{"line":186,"column":28}},"142":{"start":{"line":188,"column":16},"end":{"line":188,"column":34}},"143":{"start":{"line":189,"column":16},"end":{"line":189,"column":28}},"144":{"start":{"line":190,"column":16},"end":{"line":190,"column":28}},"145":{"start":{"line":195,"column":16},"end":{"line":195,"column":24}},"146":{"start":{"line":196,"column":20},"end":{"line":196,"column":22}},"147":{"start":{"line":198,"column":8},"end":{"line":214,"column":9}},"148":{"start":{"line":198,"column":21},"end":{"line":198,"column":22}},"149":{"start":{"line":199,"column":12},"end":{"line":199,"column":27}},"150":{"start":{"line":200,"column":12},"end":{"line":213,"column":13}},"151":{"start":{"line":200,"column":25},"end":{"line":200,"column":26}},"152":{"start":{"line":201,"column":16},"end":{"line":212,"column":17}},"153":{"start":{"line":202,"column":20},"end":{"line":209,"column":21}},"154":{"start":{"line":204,"column":24},"end":{"line":204,"column":87}},"155":{"start":{"line":207,"column":24},"end":{"line":207,"column":233}},"156":{"start":{"line":208,"column":24},"end":{"line":208,"column":36}},"157":{"start":{"line":211,"column":20},"end":{"line":211,"column":36}},"158":{"start":{"line":216,"column":8},"end":{"line":216,"column":21}},"159":{"start":{"line":219,"column":16},"end":{"line":219,"column":39}},"160":{"start":{"line":223,"column":20},"end":{"line":223,"column":38}},"161":{"start":{"line":224,"column":8},"end":{"line":234,"column":9}},"162":{"start":{"line":224,"column":21},"end":{"line":224,"column":22}},"163":{"start":{"line":225,"column":12},"end":{"line":230,"column":13}},"164":{"start":{"line":225,"column":25},"end":{"line":225,"column":26}},"165":{"start":{"line":226,"column":16},"end":{"line":226,"column":38}},"166":{"start":{"line":227,"column":16},"end":{"line":229,"column":17}},"167":{"start":{"line":228,"column":20},"end":{"line":228,"column":35}},"168":{"start":{"line":231,"column":12},"end":{"line":233,"column":13}},"169":{"start":{"line":232,"column":16},"end":{"line":232,"column":34}},"170":{"start":{"line":235,"column":8},"end":{"line":235,"column":34}},"171":{"start":{"line":236,"column":8},"end":{"line":236,"column":21}},"172":{"start":{"line":239,"column":18},"end":{"line":239,"column":38}},"173":{"start":{"line":240,"column":18},"end":{"line":240,"column":38}},"174":{"start":{"line":241,"column":18},"end":{"line":241,"column":38}},"175":{"start":{"line":243,"column":20},"end":{"line":243,"column":63}},"176":{"start":{"line":244,"column":21},"end":{"line":244,"column":75}},"177":{"start":{"line":245,"column":4},"end":{"line":245,"column":170}},"178":{"start":{"line":246,"column":4},"end":{"line":246,"column":165}},"179":{"start":{"line":248,"column":24},"end":{"line":248,"column":61}},"180":{"start":{"line":249,"column":4},"end":{"line":251,"column":5}},"181":{"start":{"line":250,"column":8},"end":{"line":250,"column":157}},"182":{"start":{"line":253,"column":4},"end":{"line":350,"column":5}},"183":{"start":{"line":255,"column":25},"end":{"line":255,"column":49}},"184":{"start":{"line":259,"column":27},"end":{"line":259,"column":59}},"185":{"start":{"line":260,"column":12},"end":{"line":265,"column":13}},"186":{"start":{"line":260,"column":25},"end":{"line":260,"column":26}},"187":{"start":{"line":261,"column":16},"end":{"line":263,"column":17}},"188":{"start":{"line":261,"column":29},"end":{"line":261,"column":30}},"189":{"start":{"line":262,"column":20},"end":{"line":262,"column":58}},"190":{"start":{"line":264,"column":16},"end":{"line":264,"column":73}},"191":{"start":{"line":266,"column":12},"end":{"line":266,"column":26}},"192":{"start":{"line":271,"column":12},"end":{"line":271,"column":96}},"193":{"start":{"line":271,"column":42},"end":{"line":271,"column":94}},"194":{"start":{"line":276,"column":12},"end":{"line":276,"column":105}},"195":{"start":{"line":276,"column":44},"end":{"line":276,"column":103}},"196":{"start":{"line":279,"column":26},"end":{"line":279,"column":38}},"197":{"start":{"line":280,"column":8},"end":{"line":319,"column":9}},"198":{"start":{"line":280,"column":21},"end":{"line":280,"column":22}},"199":{"start":{"line":281,"column":30},"end":{"line":281,"column":49}},"200":{"start":{"line":282,"column":12},"end":{"line":287,"column":13}},"201":{"start":{"line":282,"column":25},"end":{"line":282,"column":26}},"202":{"start":{"line":283,"column":16},"end":{"line":283,"column":46}},"203":{"start":{"line":284,"column":16},"end":{"line":286,"column":17}},"204":{"start":{"line":285,"column":20},"end":{"line":285,"column":44}},"205":{"start":{"line":288,"column":12},"end":{"line":288,"column":45}},"206":{"start":{"line":290,"column":29},"end":{"line":290,"column":82}},"207":{"start":{"line":290,"column":47},"end":{"line":290,"column":81}},"208":{"start":{"line":290,"column":67},"end":{"line":290,"column":80}},"209":{"start":{"line":293,"column":25},"end":{"line":293,"column":57}},"210":{"start":{"line":296,"column":33},"end":{"line":296,"column":48}},"211":{"start":{"line":299,"column":23},"end":{"line":299,"column":57}},"212":{"start":{"line":300,"column":31},"end":{"line":300,"column":50}},"213":{"start":{"line":301,"column":12},"end":{"line":306,"column":13}},"214":{"start":{"line":301,"column":25},"end":{"line":301,"column":26}},"215":{"start":{"line":302,"column":16},"end":{"line":302,"column":38}},"216":{"start":{"line":303,"column":16},"end":{"line":305,"column":17}},"217":{"start":{"line":304,"column":20},"end":{"line":304,"column":45}},"218":{"start":{"line":307,"column":12},"end":{"line":307,"column":46}},"219":{"start":{"line":308,"column":26},"end":{"line":308,"column":269}},"220":{"start":{"line":309,"column":12},"end":{"line":309,"column":81}},"221":{"start":{"line":310,"column":12},"end":{"line":313,"column":13}},"222":{"start":{"line":310,"column":52},"end":{"line":310,"column":71}},"223":{"start":{"line":311,"column":16},"end":{"line":311,"column":97}},"224":{"start":{"line":312,"column":16},"end":{"line":312,"column":21}},"225":{"start":{"line":314,"column":12},"end":{"line":314,"column":29}},"226":{"start":{"line":315,"column":12},"end":{"line":318,"column":13}},"227":{"start":{"line":316,"column":16},"end":{"line":316,"column":108}},"228":{"start":{"line":317,"column":16},"end":{"line":317,"column":22}},"229":{"start":{"line":321,"column":30},"end":{"line":321,"column":32}},"230":{"start":{"line":322,"column":12},"end":{"line":324,"column":13}},"231":{"start":{"line":322,"column":25},"end":{"line":322,"column":26}},"232":{"start":{"line":323,"column":16},"end":{"line":323,"column":63}},"233":{"start":{"line":325,"column":12},"end":{"line":325,"column":31}},"234":{"start":{"line":328,"column":29},"end":{"line":328,"column":59}},"235":{"start":{"line":329,"column":28},"end":{"line":329,"column":60}},"236":{"start":{"line":330,"column":8},"end":{"line":330,"column":90}},"237":{"start":{"line":331,"column":8},"end":{"line":331,"column":88}},"238":{"start":{"line":333,"column":12},"end":{"line":333,"column":78}},"239":{"start":{"line":333,"column":57},"end":{"line":333,"column":72}},"240":{"start":{"line":337,"column":12},"end":{"line":337,"column":63}},"241":{"start":{"line":337,"column":44},"end":{"line":337,"column":61}},"242":{"start":{"line":341,"column":25},"end":{"line":341,"column":53}},"243":{"start":{"line":342,"column":29},"end":{"line":342,"column":39}},"244":{"start":{"line":343,"column":28},"end":{"line":343,"column":38}},"245":{"start":{"line":344,"column":35},"end":{"line":344,"column":61}},"246":{"start":{"line":345,"column":12},"end":{"line":345,"column":57}},"247":{"start":{"line":348,"column":23},"end":{"line":348,"column":71}},"248":{"start":{"line":349,"column":8},"end":{"line":349,"column":99}},"249":{"start":{"line":352,"column":4},"end":{"line":352,"column":22}},"250":{"start":{"line":353,"column":4},"end":{"line":353,"column":64}},"251":{"start":{"line":354,"column":4},"end":{"line":354,"column":64}},"252":{"start":{"line":358,"column":18},"end":{"line":358,"column":61}},"253":{"start":{"line":359,"column":19},"end":{"line":359,"column":57}},"254":{"start":{"line":360,"column":4},"end":{"line":363,"column":5}},"255":{"start":{"line":360,"column":17},"end":{"line":360,"column":38}},"256":{"start":{"line":361,"column":8},"end":{"line":361,"column":27}},"257":{"start":{"line":362,"column":8},"end":{"line":362,"column":28}},"258":{"start":{"line":364,"column":4},"end":{"line":366,"column":5}},"259":{"start":{"line":364,"column":17},"end":{"line":364,"column":18}},"260":{"start":{"line":365,"column":8},"end":{"line":365,"column":28}},"261":{"start":{"line":367,"column":4},"end":{"line":367,"column":15}},"262":{"start":{"line":371,"column":18},"end":{"line":371,"column":61}},"263":{"start":{"line":372,"column":4},"end":{"line":389,"column":5}},"264":{"start":{"line":372,"column":17},"end":{"line":372,"column":18}},"265":{"start":{"line":373,"column":27},"end":{"line":373,"column":53}},"266":{"start":{"line":374,"column":8},"end":{"line":387,"column":9}},"267":{"start":{"line":374,"column":21},"end":{"line":374,"column":22}},"268":{"start":{"line":375,"column":23},"end":{"line":375,"column":45}},"269":{"start":{"line":376,"column":12},"end":{"line":378,"column":13}},"270":{"start":{"line":377,"column":16},"end":{"line":377,"column":53}},"271":{"start":{"line":379,"column":12},"end":{"line":385,"column":13}},"272":{"start":{"line":380,"column":35},"end":{"line":380,"column":63}},"273":{"start":{"line":381,"column":16},"end":{"line":381,"column":45}},"274":{"start":{"line":382,"column":19},"end":{"line":385,"column":13}},"275":{"start":{"line":383,"column":33},"end":{"line":383,"column":61}},"276":{"start":{"line":384,"column":16},"end":{"line":384,"column":43}},"277":{"start":{"line":393,"column":18},"end":{"line":393,"column":61}},"278":{"start":{"line":394,"column":19},"end":{"line":394,"column":57}},"279":{"start":{"line":395,"column":4},"end":{"line":398,"column":5}},"280":{"start":{"line":395,"column":17},"end":{"line":395,"column":38}},"281":{"start":{"line":396,"column":8},"end":{"line":396,"column":27}},"282":{"start":{"line":397,"column":8},"end":{"line":397,"column":28}},"283":{"start":{"line":399,"column":4},"end":{"line":401,"column":5}},"284":{"start":{"line":399,"column":17},"end":{"line":399,"column":18}},"285":{"start":{"line":400,"column":8},"end":{"line":400,"column":28}},"286":{"start":{"line":402,"column":4},"end":{"line":402,"column":15}},"287":{"start":{"line":403,"column":19},"end":{"line":408,"column":5}},"288":{"start":{"line":410,"column":19},"end":{"line":410,"column":54}},"289":{"start":{"line":412,"column":4},"end":{"line":414,"column":5}},"290":{"start":{"line":412,"column":17},"end":{"line":412,"column":18}},"291":{"start":{"line":413,"column":8},"end":{"line":413,"column":36}},"292":{"start":{"line":419,"column":18},"end":{"line":419,"column":61}},"293":{"start":{"line":420,"column":19},"end":{"line":420,"column":57}},"294":{"start":{"line":421,"column":16},"end":{"line":421,"column":33}},"295":{"start":{"line":422,"column":4},"end":{"line":427,"column":5}},"296":{"start":{"line":422,"column":17},"end":{"line":422,"column":18}},"297":{"start":{"line":423,"column":21},"end":{"line":423,"column":37}},"298":{"start":{"line":424,"column":22},"end":{"line":424,"column":53}},"299":{"start":{"line":425,"column":8},"end":{"line":425,"column":30}},"300":{"start":{"line":426,"column":8},"end":{"line":426,"column":32}},"301":{"start":{"line":428,"column":22},"end":{"line":428,"column":40}},"302":{"start":{"line":429,"column":23},"end":{"line":429,"column":46}},"303":{"start":{"line":430,"column":24},"end":{"line":430,"column":55}},"304":{"start":{"line":431,"column":4},"end":{"line":431,"column":32}},"305":{"start":{"line":432,"column":4},"end":{"line":432,"column":34}},"306":{"start":{"line":433,"column":4},"end":{"line":433,"column":40}},"307":{"start":{"line":439,"column":12},"end":{"line":439,"column":28}},"308":{"start":{"line":442,"column":4},"end":{"line":444,"column":5}},"309":{"start":{"line":442,"column":17},"end":{"line":442,"column":18}},"310":{"start":{"line":443,"column":8},"end":{"line":443,"column":40}},"311":{"start":{"line":447,"column":4},"end":{"line":478,"column":5}},"312":{"start":{"line":447,"column":17},"end":{"line":447,"column":18}},"313":{"start":{"line":449,"column":20},"end":{"line":449,"column":45}},"314":{"start":{"line":450,"column":21},"end":{"line":450,"column":22}},"315":{"start":{"line":451,"column":8},"end":{"line":456,"column":9}},"316":{"start":{"line":451,"column":21},"end":{"line":451,"column":26}},"317":{"start":{"line":452,"column":12},"end":{"line":455,"column":13}},"318":{"start":{"line":453,"column":16},"end":{"line":453,"column":50}},"319":{"start":{"line":454,"column":16},"end":{"line":454,"column":27}},"320":{"start":{"line":459,"column":8},"end":{"line":463,"column":9}},"321":{"start":{"line":459,"column":21},"end":{"line":459,"column":22}},"322":{"start":{"line":460,"column":22},"end":{"line":460,"column":42}},"323":{"start":{"line":461,"column":12},"end":{"line":461,"column":51}},"324":{"start":{"line":462,"column":12},"end":{"line":462,"column":34}},"325":{"start":{"line":466,"column":8},"end":{"line":477,"column":9}},"326":{"start":{"line":466,"column":21},"end":{"line":466,"column":26}},"327":{"start":{"line":467,"column":20},"end":{"line":467,"column":54}},"328":{"start":{"line":468,"column":12},"end":{"line":468,"column":55}},"329":{"start":{"line":469,"column":12},"end":{"line":476,"column":13}},"330":{"start":{"line":469,"column":25},"end":{"line":469,"column":26}},"331":{"start":{"line":470,"column":16},"end":{"line":475,"column":17}},"332":{"start":{"line":471,"column":20},"end":{"line":471,"column":40}},"333":{"start":{"line":473,"column":20},"end":{"line":473,"column":59}},"334":{"start":{"line":474,"column":20},"end":{"line":474,"column":91}},"335":{"start":{"line":481,"column":4},"end":{"line":485,"column":5}},"336":{"start":{"line":481,"column":17},"end":{"line":481,"column":18}},"337":{"start":{"line":482,"column":8},"end":{"line":484,"column":9}},"338":{"start":{"line":483,"column":12},"end":{"line":483,"column":24}},"339":{"start":{"line":488,"column":12},"end":{"line":488,"column":32}},"340":{"start":{"line":489,"column":4},"end":{"line":496,"column":5}},"341":{"start":{"line":489,"column":17},"end":{"line":489,"column":22}},"342":{"start":{"line":490,"column":8},"end":{"line":490,"column":49}},"343":{"start":{"line":491,"column":8},"end":{"line":491,"column":57}},"344":{"start":{"line":492,"column":8},"end":{"line":495,"column":9}},"345":{"start":{"line":492,"column":21},"end":{"line":492,"column":26}},"346":{"start":{"line":493,"column":12},"end":{"line":493,"column":54}},"347":{"start":{"line":494,"column":12},"end":{"line":494,"column":83}},"348":{"start":{"line":498,"column":4},"end":{"line":498,"column":13}},"349":{"start":{"line":503,"column":4},"end":{"line":503,"column":45}},"350":{"start":{"line":505,"column":0},"end":{"line":516,"column":2}},"351":{"start":{"line":506,"column":0},"end":{"line":516,"column":1}}},"fnMap":{"0":{"name":"(anonymous_0)","decl":{"start":{"line":1,"column":46},"end":{"line":1,"column":47}},"loc":{"start":{"line":1,"column":58},"end":{"line":16,"column":1}},"line":1},"1":{"name":"removeRow","decl":{"start":{"line":18,"column":9},"end":{"line":18,"column":18}},"loc":{"start":{"line":18,"column":20},"end":{"line":36,"column":1}},"line":18},"2":{"name":"addRow","decl":{"start":{"line":38,"column":9},"end":{"line":38,"column":15}},"loc":{"start":{"line":38,"column":17},"end":{"line":68,"column":1}},"line":38},"3":{"name":"calculateSolution","decl":{"start":{"line":71,"column":15},"end":{"line":71,"column":32}},"loc":{"start":{"line":71,"column":34},"end":{"line":355,"column":1}},"line":71},"4":{"name":"(anonymous_4)","decl":{"start":{"line":93,"column":19},"end":{"line":93,"column":20}},"loc":{"start":{"line":93,"column":36},"end":{"line":99,"column":5}},"line":93},"5":{"name":"(anonymous_5)","decl":{"start":{"line":101,"column":25},"end":{"line":101,"column":26}},"loc":{"start":{"line":101,"column":48},"end":{"line":107,"column":5}},"line":101},"6":{"name":"invertDiagonalMatrix","decl":{"start":{"line":194,"column":13},"end":{"line":194,"column":33}},"loc":{"start":{"line":194,"column":37},"end":{"line":217,"column":5}},"line":194},"7":{"name":"createLatexMatrix","decl":{"start":{"line":222,"column":13},"end":{"line":222,"column":30}},"loc":{"start":{"line":222,"column":39},"end":{"line":237,"column":5}},"line":222},"8":{"name":"matVecMul","decl":{"start":{"line":258,"column":17},"end":{"line":258,"column":26}},"loc":{"start":{"line":258,"column":43},"end":{"line":267,"column":9}},"line":258},"9":{"name":"vecSub","decl":{"start":{"line":270,"column":17},"end":{"line":270,"column":23}},"loc":{"start":{"line":270,"column":36},"end":{"line":272,"column":9}},"line":270},"10":{"name":"(anonymous_10)","decl":{"start":{"line":271,"column":28},"end":{"line":271,"column":29}},"loc":{"start":{"line":271,"column":42},"end":{"line":271,"column":94}},"line":271},"11":{"name":"matDiagVecMul","decl":{"start":{"line":275,"column":17},"end":{"line":275,"column":30}},"loc":{"start":{"line":275,"column":47},"end":{"line":277,"column":9}},"line":275},"12":{"name":"(anonymous_12)","decl":{"start":{"line":276,"column":30},"end":{"line":276,"column":31}},"loc":{"start":{"line":276,"column":44},"end":{"line":276,"column":103}},"line":276},"13":{"name":"(anonymous_13)","decl":{"start":{"line":290,"column":35},"end":{"line":290,"column":36}},"loc":{"start":{"line":290,"column":47},"end":{"line":290,"column":81}},"line":290},"14":{"name":"(anonymous_14)","decl":{"start":{"line":290,"column":55},"end":{"line":290,"column":56}},"loc":{"start":{"line":290,"column":67},"end":{"line":290,"column":80}},"line":290},"15":{"name":"(anonymous_15)","decl":{"start":{"line":310,"column":34},"end":{"line":310,"column":35}},"loc":{"start":{"line":310,"column":52},"end":{"line":310,"column":71}},"line":310},"16":{"name":"createLatexString","decl":{"start":{"line":320,"column":17},"end":{"line":320,"column":34}},"loc":{"start":{"line":320,"column":43},"end":{"line":326,"column":9}},"line":320},"17":{"name":"norm","decl":{"start":{"line":332,"column":17},"end":{"line":332,"column":21}},"loc":{"start":{"line":332,"column":30},"end":{"line":334,"column":9}},"line":332},"18":{"name":"(anonymous_18)","decl":{"start":{"line":333,"column":43},"end":{"line":333,"column":44}},"loc":{"start":{"line":333,"column":57},"end":{"line":333,"column":72}},"line":333},"19":{"name":"vectorDifference","decl":{"start":{"line":336,"column":17},"end":{"line":336,"column":33}},"loc":{"start":{"line":336,"column":46},"end":{"line":338,"column":9}},"line":336},"20":{"name":"(anonymous_20)","decl":{"start":{"line":337,"column":28},"end":{"line":337,"column":29}},"loc":{"start":{"line":337,"column":44},"end":{"line":337,"column":61}},"line":337},"21":{"name":"percentageDifference","decl":{"start":{"line":340,"column":17},"end":{"line":340,"column":37}},"loc":{"start":{"line":340,"column":50},"end":{"line":346,"column":9}},"line":340},"22":{"name":"clearInput","decl":{"start":{"line":357,"column":9},"end":{"line":357,"column":19}},"loc":{"start":{"line":357,"column":21},"end":{"line":368,"column":1}},"line":357},"23":{"name":"addSigns","decl":{"start":{"line":370,"column":9},"end":{"line":370,"column":17}},"loc":{"start":{"line":370,"column":20},"end":{"line":390,"column":1}},"line":370},"24":{"name":"createStandardExample","decl":{"start":{"line":392,"column":9},"end":{"line":392,"column":30}},"loc":{"start":{"line":392,"column":33},"end":{"line":416,"column":1}},"line":392},"25":{"name":"createInputFields","decl":{"start":{"line":418,"column":9},"end":{"line":418,"column":26}},"loc":{"start":{"line":418,"column":29},"end":{"line":434,"column":1}},"line":418},"26":{"name":"gaussElimination","decl":{"start":{"line":437,"column":9},"end":{"line":437,"column":25}},"loc":{"start":{"line":437,"column":63},"end":{"line":499,"column":1}},"line":437},"27":{"name":"roundToDecimalPlaces","decl":{"start":{"line":502,"column":9},"end":{"line":502,"column":29}},"loc":{"start":{"line":502,"column":45},"end":{"line":504,"column":1}},"line":502}},"branchMap":{"0":{"loc":{"start":{"line":24,"column":4},"end":{"line":28,"column":5}},"type":"if","locations":[{"start":{"line":24,"column":4},"end":{"line":28,"column":5}},{"start":{},"end":{}}],"line":24},"1":{"loc":{"start":{"line":29,"column":4},"end":{"line":34,"column":5}},"type":"if","locations":[{"start":{"line":29,"column":4},"end":{"line":34,"column":5}},{"start":{},"end":{}}],"line":29},"2":{"loc":{"start":{"line":43,"column":4},"end":{"line":58,"column":5}},"type":"if","locations":[{"start":{"line":43,"column":4},"end":{"line":58,"column":5}},{"start":{},"end":{}}],"line":43},"3":{"loc":{"start":{"line":59,"column":4},"end":{"line":67,"column":5}},"type":"if","locations":[{"start":{"line":59,"column":4},"end":{"line":67,"column":5}},{"start":{},"end":{}}],"line":59},"4":{"loc":{"start":{"line":77,"column":4},"end":{"line":79,"column":5}},"type":"if","locations":[{"start":{"line":77,"column":4},"end":{"line":79,"column":5}},{"start":{},"end":{}}],"line":77},"5":{"loc":{"start":{"line":94,"column":8},"end":{"line":98,"column":9}},"type":"if","locations":[{"start":{"line":94,"column":8},"end":{"line":98,"column":9}},{"start":{"line":96,"column":15},"end":{"line":98,"column":9}}],"line":94},"6":{"loc":{"start":{"line":102,"column":8},"end":{"line":106,"column":9}},"type":"if","locations":[{"start":{"line":102,"column":8},"end":{"line":106,"column":9}},{"start":{"line":104,"column":15},"end":{"line":106,"column":9}}],"line":102},"7":{"loc":{"start":{"line":120,"column":12},"end":{"line":124,"column":13}},"type":"if","locations":[{"start":{"line":120,"column":12},"end":{"line":124,"column":13}},{"start":{"line":122,"column":19},"end":{"line":124,"column":13}}],"line":120},"8":{"loc":{"start":{"line":135,"column":12},"end":{"line":139,"column":13}},"type":"if","locations":[{"start":{"line":135,"column":12},"end":{"line":139,"column":13}},{"start":{"line":137,"column":19},"end":{"line":139,"column":13}}],"line":135},"9":{"loc":{"start":{"line":149,"column":8},"end":{"line":151,"column":9}},"type":"if","locations":[{"start":{"line":149,"column":8},"end":{"line":151,"column":9}},{"start":{},"end":{}}],"line":149},"10":{"loc":{"start":{"line":159,"column":8},"end":{"line":161,"column":9}},"type":"if","locations":[{"start":{"line":159,"column":8},"end":{"line":161,"column":9}},{"start":{},"end":{}}],"line":159},"11":{"loc":{"start":{"line":179,"column":12},"end":{"line":191,"column":13}},"type":"if","locations":[{"start":{"line":179,"column":12},"end":{"line":191,"column":13}},{"start":{"line":183,"column":19},"end":{"line":191,"column":13}}],"line":179},"12":{"loc":{"start":{"line":183,"column":19},"end":{"line":191,"column":13}},"type":"if","locations":[{"start":{"line":183,"column":19},"end":{"line":191,"column":13}},{"start":{"line":187,"column":19},"end":{"line":191,"column":13}}],"line":183},"13":{"loc":{"start":{"line":201,"column":16},"end":{"line":212,"column":17}},"type":"if","locations":[{"start":{"line":201,"column":16},"end":{"line":212,"column":17}},{"start":{"line":210,"column":23},"end":{"line":212,"column":17}}],"line":201},"14":{"loc":{"start":{"line":202,"column":20},"end":{"line":209,"column":21}},"type":"if","locations":[{"start":{"line":202,"column":20},"end":{"line":209,"column":21}},{"start":{"line":205,"column":27},"end":{"line":209,"column":21}}],"line":202},"15":{"loc":{"start":{"line":227,"column":16},"end":{"line":229,"column":17}},"type":"if","locations":[{"start":{"line":227,"column":16},"end":{"line":229,"column":17}},{"start":{},"end":{}}],"line":227},"16":{"loc":{"start":{"line":231,"column":12},"end":{"line":233,"column":13}},"type":"if","locations":[{"start":{"line":231,"column":12},"end":{"line":233,"column":13}},{"start":{},"end":{}}],"line":231},"17":{"loc":{"start":{"line":249,"column":4},"end":{"line":251,"column":5}},"type":"if","locations":[{"start":{"line":249,"column":4},"end":{"line":251,"column":5}},{"start":{},"end":{}}],"line":249},"18":{"loc":{"start":{"line":253,"column":4},"end":{"line":350,"column":5}},"type":"if","locations":[{"start":{"line":253,"column":4},"end":{"line":350,"column":5}},{"start":{},"end":{}}],"line":253},"19":{"loc":{"start":{"line":253,"column":8},"end":{"line":253,"column":46}},"type":"binary-expr","locations":[{"start":{"line":253,"column":8},"end":{"line":253,"column":21}},{"start":{"line":253,"column":25},"end":{"line":253,"column":46}}],"line":253},"20":{"loc":{"start":{"line":284,"column":16},"end":{"line":286,"column":17}},"type":"if","locations":[{"start":{"line":284,"column":16},"end":{"line":286,"column":17}},{"start":{},"end":{}}],"line":284},"21":{"loc":{"start":{"line":303,"column":16},"end":{"line":305,"column":17}},"type":"if","locations":[{"start":{"line":303,"column":16},"end":{"line":305,"column":17}},{"start":{},"end":{}}],"line":303},"22":{"loc":{"start":{"line":310,"column":12},"end":{"line":313,"column":13}},"type":"if","locations":[{"start":{"line":310,"column":12},"end":{"line":313,"column":13}},{"start":{},"end":{}}],"line":310},"23":{"loc":{"start":{"line":315,"column":12},"end":{"line":318,"column":13}},"type":"if","locations":[{"start":{"line":315,"column":12},"end":{"line":318,"column":13}},{"start":{},"end":{}}],"line":315},"24":{"loc":{"start":{"line":376,"column":12},"end":{"line":378,"column":13}},"type":"if","locations":[{"start":{"line":376,"column":12},"end":{"line":378,"column":13}},{"start":{},"end":{}}],"line":376},"25":{"loc":{"start":{"line":379,"column":12},"end":{"line":385,"column":13}},"type":"if","locations":[{"start":{"line":379,"column":12},"end":{"line":385,"column":13}},{"start":{"line":382,"column":19},"end":{"line":385,"column":13}}],"line":379},"26":{"loc":{"start":{"line":382,"column":19},"end":{"line":385,"column":13}},"type":"if","locations":[{"start":{"line":382,"column":19},"end":{"line":385,"column":13}},{"start":{},"end":{}}],"line":382},"27":{"loc":{"start":{"line":452,"column":12},"end":{"line":455,"column":13}},"type":"if","locations":[{"start":{"line":452,"column":12},"end":{"line":455,"column":13}},{"start":{},"end":{}}],"line":452},"28":{"loc":{"start":{"line":470,"column":16},"end":{"line":475,"column":17}},"type":"if","locations":[{"start":{"line":470,"column":16},"end":{"line":475,"column":17}},{"start":{"line":472,"column":23},"end":{"line":475,"column":17}}],"line":470},"29":{"loc":{"start":{"line":482,"column":8},"end":{"line":484,"column":9}},"type":"if","locations":[{"start":{"line":482,"column":8},"end":{"line":484,"column":9}},{"start":{},"end":{}}],"line":482},"30":{"loc":{"start":{"line":482,"column":12},"end":{"line":482,"column":56}},"type":"binary-expr","locations":[{"start":{"line":482,"column":12},"end":{"line":482,"column":32}},{"start":{"line":482,"column":36},"end":{"line":482,"column":56}}],"line":482},"31":{"loc":{"start":{"line":505,"column":0},"end":{"line":516,"column":2}},"type":"if","locations":[{"start":{"line":505,"column":0},"end":{"line":516,"column":2}},{"start":{},"end":{}}],"line":505},"32":{"loc":{"start":{"line":505,"column":4},"end":{"line":505,"column":51}},"type":"binary-expr","locations":[{"start":{"line":505,"column":4},"end":{"line":505,"column":33}},{"start":{"line":505,"column":37},"end":{"line":505,"column":51}}],"line":505}},"s":{"0":1,"1":0,"2":0,"3":0,"4":0,"5":0,"6":0,"7":0,"8":0,"9":0,"10":0,"11":0,"12":0,"13":0,"14":0,"15":5,"16":5,"17":5,"18":5,"19":5,"20":5,"21":4,"22":4,"23":4,"24":5,"25":4,"26":4,"27":4,"28":4,"29":5,"30":12,"31":12,"32":12,"33":12,"34":12,"35":11,"36":11,"37":11,"38":61,"39":61,"40":61,"41":61,"42":11,"43":11,"44":11,"45":11,"46":11,"47":11,"48":11,"49":12,"50":10,"51":10,"52":51,"53":51,"54":51,"55":51,"56":10,"57":5,"58":5,"59":5,"60":5,"61":5,"62":5,"63":5,"64":5,"65":5,"66":5,"67":5,"68":5,"69":5,"70":5,"71":5,"72":5,"73":5,"74":5,"75":30,"76":0,"77":30,"78":5,"79":10,"80":0,"81":10,"82":5,"83":5,"84":5,"85":5,"86":5,"87":5,"88":5,"89":10,"90":10,"91":10,"92":30,"93":30,"94":20,"95":10,"96":10,"97":5,"98":5,"99":5,"100":10,"101":10,"102":20,"103":20,"104":20,"105":10,"106":10,"107":5,"108":5,"109":5,"110":5,"111":10,"112":10,"113":10,"114":5,"115":5,"116":5,"117":5,"118":5,"119":10,"120":10,"121":5,"122":5,"123":5,"124":5,"125":5,"126":5,"127":5,"128":5,"129":10,"130":10,"131":10,"132":10,"133":10,"134":20,"135":10,"136":10,"137":10,"138":10,"139":5,"140":5,"141":5,"142":5,"143":5,"144":5,"145":5,"146":5,"147":5,"148":5,"149":9,"150":9,"151":9,"152":17,"153":9,"154":8,"155":1,"156":1,"157":8,"158":4,"159":5,"160":19,"161":19,"162":19,"163":38,"164":38,"165":76,"166":76,"167":38,"168":38,"169":19,"170":19,"171":19,"172":5,"173":5,"174":5,"175":5,"176":5,"177":5,"178":5,"179":5,"180":5,"181":0,"182":5,"183":4,"184":25,"185":25,"186":25,"187":50,"188":50,"189":100,"190":50,"191":25,"192":25,"193":50,"194":25,"195":50,"196":4,"197":4,"198":4,"199":25,"200":25,"201":25,"202":50,"203":50,"204":25,"205":25,"206":25,"207":50,"208":100,"209":25,"210":25,"211":25,"212":25,"213":25,"214":25,"215":50,"216":50,"217":25,"218":25,"219":25,"220":25,"221":25,"222":25,"223":0,"224":0,"225":25,"226":25,"227":0,"228":0,"229":8,"230":8,"231":8,"232":16,"233":8,"234":4,"235":4,"236":4,"237":4,"238":8,"239":16,"240":4,"241":8,"242":4,"243":4,"244":4,"245":4,"246":4,"247":4,"248":4,"249":5,"250":5,"251":5,"252":1,"253":1,"254":1,"255":1,"256":2,"257":2,"258":1,"259":1,"260":4,"261":1,"262":32,"263":32,"264":32,"265":129,"266":129,"267":129,"268":827,"269":827,"270":545,"271":827,"272":129,"273":129,"274":698,"275":569,"276":569,"277":1,"278":1,"279":1,"280":1,"281":2,"282":2,"283":1,"284":1,"285":4,"286":1,"287":1,"288":1,"289":1,"290":1,"291":20,"292":9,"293":9,"294":9,"295":9,"296":9,"297":45,"298":45,"299":45,"300":45,"301":9,"302":9,"303":9,"304":9,"305":9,"306":9,"307":5,"308":5,"309":5,"310":10,"311":5,"312":5,"313":10,"314":10,"315":10,"316":10,"317":5,"318":5,"319":5,"320":10,"321":10,"322":25,"323":25,"324":25,"325":10,"326":10,"327":5,"328":5,"329":5,"330":5,"331":15,"332":5,"333":10,"334":10,"335":5,"336":5,"337":10,"338":0,"339":5,"340":5,"341":5,"342":10,"343":10,"344":10,"345":10,"346":5,"347":5,"348":5,"349":30,"350":1,"351":1},"f":{"0":0,"1":5,"2":12,"3":5,"4":30,"5":10,"6":5,"7":19,"8":25,"9":25,"10":50,"11":25,"12":50,"13":50,"14":100,"15":25,"16":8,"17":8,"18":16,"19":4,"20":8,"21":4,"22":1,"23":32,"24":1,"25":9,"26":5,"27":30},"b":{"0":[4,1],"1":[4,1],"2":[11,1],"3":[10,2],"4":[5,0],"5":[0,30],"6":[0,10],"7":[20,10],"8":[10,10],"9":[5,5],"10":[5,5],"11":[10,10],"12":[5,5],"13":[9,8],"14":[8,1],"15":[38,38],"16":[19,19],"17":[0,5],"18":[4,1],"19":[5,4],"20":[25,25],"21":[25,25],"22":[0,25],"23":[0,25],"24":[545,282],"25":[129,698],"26":[569,129],"27":[5,0],"28":[5,10],"29":[0,10],"30":[10,0],"31":[1,0],"32":[1,1]},"_coverageSchema":"1a1c01bbd47fc00a2c39e90264f33305004495a9","hash":"c28798d6711633bb0050a8d29f2d1fa66c6b0e1a"}
,"C:\\Users\\I550880\\Documents\\5. Semester\\Numerik\\Numerikprojekt\\LineareOptimierung\\scriptOptimierung.js": {"path":"C:\\Users\\I550880\\Documents\\5. Semester\\Numerik\\Numerikprojekt\\LineareOptimierung\\scriptOptimierung.js","statementMap":{"0":{"start":{"line":4,"column":8},"end":{"line":4,"column":33}},"1":{"start":{"line":5,"column":8},"end":{"line":5,"column":35}},"2":{"start":{"line":6,"column":8},"end":{"line":6,"column":44}},"3":{"start":{"line":7,"column":8},"end":{"line":7,"column":59}},"4":{"start":{"line":8,"column":8},"end":{"line":8,"column":63}},"5":{"start":{"line":9,"column":8},"end":{"line":9,"column":51}},"6":{"start":{"line":10,"column":8},"end":{"line":10,"column":47}},"7":{"start":{"line":11,"column":8},"end":{"line":11,"column":57}},"8":{"start":{"line":12,"column":8},"end":{"line":12,"column":57}},"9":{"start":{"line":13,"column":8},"end":{"line":13,"column":91}},"10":{"start":{"line":14,"column":8},"end":{"line":14,"column":41}},"11":{"start":{"line":15,"column":8},"end":{"line":15,"column":31}},"12":{"start":{"line":16,"column":8},"end":{"line":16,"column":35}},"13":{"start":{"line":17,"column":8},"end":{"line":17,"column":35}},"14":{"start":{"line":18,"column":8},"end":{"line":18,"column":41}},"15":{"start":{"line":19,"column":8},"end":{"line":19,"column":33}},"16":{"start":{"line":20,"column":8},"end":{"line":20,"column":82}},"17":{"start":{"line":21,"column":8},"end":{"line":21,"column":28}},"18":{"start":{"line":22,"column":8},"end":{"line":22,"column":33}},"19":{"start":{"line":23,"column":8},"end":{"line":23,"column":26}},"20":{"start":{"line":24,"column":8},"end":{"line":24,"column":21}},"21":{"start":{"line":25,"column":8},"end":{"line":25,"column":31}},"22":{"start":{"line":26,"column":8},"end":{"line":26,"column":26}},"23":{"start":{"line":27,"column":8},"end":{"line":27,"column":27}},"24":{"start":{"line":32,"column":8},"end":{"line":32,"column":55}},"25":{"start":{"line":37,"column":21},"end":{"line":37,"column":81}},"26":{"start":{"line":37,"column":67},"end":{"line":37,"column":80}},"27":{"start":{"line":39,"column":8},"end":{"line":73,"column":11}},"28":{"start":{"line":40,"column":24},"end":{"line":40,"column":63}},"29":{"start":{"line":41,"column":35},"end":{"line":41,"column":72}},"30":{"start":{"line":44,"column":12},"end":{"line":72,"column":15}},"31":{"start":{"line":45,"column":16},"end":{"line":71,"column":17}},"32":{"start":{"line":46,"column":39},"end":{"line":46,"column":62}},"33":{"start":{"line":49,"column":20},"end":{"line":70,"column":21}},"34":{"start":{"line":52,"column":28},"end":{"line":56,"column":29}},"35":{"start":{"line":53,"column":32},"end":{"line":53,"column":96}},"36":{"start":{"line":55,"column":32},"end":{"line":55,"column":96}},"37":{"start":{"line":57,"column":28},"end":{"line":57,"column":34}},"38":{"start":{"line":60,"column":28},"end":{"line":64,"column":29}},"39":{"start":{"line":61,"column":32},"end":{"line":61,"column":96}},"40":{"start":{"line":63,"column":32},"end":{"line":63,"column":96}},"41":{"start":{"line":65,"column":28},"end":{"line":65,"column":34}},"42":{"start":{"line":67,"column":47},"end":{"line":67,"column":70}},"43":{"start":{"line":68,"column":28},"end":{"line":68,"column":83}},"44":{"start":{"line":69,"column":28},"end":{"line":69,"column":34}},"45":{"start":{"line":76,"column":8},"end":{"line":79,"column":11}},"46":{"start":{"line":76,"column":37},"end":{"line":79,"column":9}},"47":{"start":{"line":81,"column":8},"end":{"line":81,"column":22}},"48":{"start":{"line":87,"column":8},"end":{"line":87,"column":106}},"49":{"start":{"line":87,"column":72},"end":{"line":87,"column":101}},"50":{"start":{"line":93,"column":27},"end":{"line":93,"column":120}},"51":{"start":{"line":93,"column":70},"end":{"line":93,"column":116}},"52":{"start":{"line":94,"column":8},"end":{"line":94,"column":26}},"53":{"start":{"line":100,"column":8},"end":{"line":100,"column":34}},"54":{"start":{"line":101,"column":31},"end":{"line":101,"column":33}},"55":{"start":{"line":102,"column":8},"end":{"line":105,"column":9}},"56":{"start":{"line":103,"column":12},"end":{"line":103,"column":27}},"57":{"start":{"line":104,"column":12},"end":{"line":104,"column":58}},"58":{"start":{"line":106,"column":27},"end":{"line":106,"column":50}},"59":{"start":{"line":107,"column":33},"end":{"line":107,"column":56}},"60":{"start":{"line":108,"column":26},"end":{"line":108,"column":28}},"61":{"start":{"line":109,"column":25},"end":{"line":109,"column":27}},"62":{"start":{"line":110,"column":8},"end":{"line":113,"column":9}},"63":{"start":{"line":110,"column":21},"end":{"line":110,"column":22}},"64":{"start":{"line":111,"column":12},"end":{"line":111,"column":74}},"65":{"start":{"line":112,"column":12},"end":{"line":112,"column":31}},"66":{"start":{"line":116,"column":22},"end":{"line":122,"column":9}},"67":{"start":{"line":124,"column":23},"end":{"line":133,"column":9}},"68":{"start":{"line":135,"column":23},"end":{"line":174,"column":9}},"69":{"start":{"line":155,"column":20},"end":{"line":161,"column":23}},"70":{"start":{"line":168,"column":20},"end":{"line":171,"column":23}},"71":{"start":{"line":176,"column":8},"end":{"line":176,"column":60}},"72":{"start":{"line":178,"column":8},"end":{"line":178,"column":69}},"73":{"start":{"line":179,"column":8},"end":{"line":179,"column":35}},"74":{"start":{"line":184,"column":29},"end":{"line":217,"column":10}},"75":{"start":{"line":186,"column":24},"end":{"line":187,"column":52}},"76":{"start":{"line":187,"column":16},"end":{"line":187,"column":48}},"77":{"start":{"line":190,"column":24},"end":{"line":190,"column":53}},"78":{"start":{"line":191,"column":35},"end":{"line":191,"column":62}},"79":{"start":{"line":195,"column":12},"end":{"line":214,"column":13}},"80":{"start":{"line":197,"column":20},"end":{"line":197,"column":42}},"81":{"start":{"line":198,"column":20},"end":{"line":198,"column":26}},"82":{"start":{"line":200,"column":20},"end":{"line":200,"column":43}},"83":{"start":{"line":201,"column":20},"end":{"line":201,"column":26}},"84":{"start":{"line":203,"column":20},"end":{"line":203,"column":42}},"85":{"start":{"line":204,"column":20},"end":{"line":204,"column":26}},"86":{"start":{"line":206,"column":20},"end":{"line":206,"column":43}},"87":{"start":{"line":207,"column":20},"end":{"line":207,"column":26}},"88":{"start":{"line":209,"column":20},"end":{"line":209,"column":44}},"89":{"start":{"line":210,"column":20},"end":{"line":210,"column":26}},"90":{"start":{"line":212,"column":20},"end":{"line":212,"column":83}},"91":{"start":{"line":213,"column":20},"end":{"line":213,"column":38}},"92":{"start":{"line":216,"column":12},"end":{"line":216,"column":29}},"93":{"start":{"line":219,"column":8},"end":{"line":219,"column":28}},"94":{"start":{"line":227,"column":8},"end":{"line":252,"column":9}},"95":{"start":{"line":228,"column":12},"end":{"line":233,"column":15}},"96":{"start":{"line":235,"column":12},"end":{"line":249,"column":15}},"97":{"start":{"line":250,"column":12},"end":{"line":250,"column":55}},"98":{"start":{"line":251,"column":12},"end":{"line":251,"column":24}},"99":{"start":{"line":254,"column":21},"end":{"line":254,"column":37}},"100":{"start":{"line":255,"column":23},"end":{"line":255,"column":34}},"101":{"start":{"line":257,"column":28},"end":{"line":257,"column":57}},"102":{"start":{"line":258,"column":8},"end":{"line":262,"column":9}},"103":{"start":{"line":260,"column":12},"end":{"line":260,"column":26}},"104":{"start":{"line":261,"column":12},"end":{"line":261,"column":19}},"105":{"start":{"line":264,"column":8},"end":{"line":275,"column":11}},"106":{"start":{"line":278,"column":25},"end":{"line":278,"column":82}},"107":{"start":{"line":278,"column":53},"end":{"line":278,"column":81}},"108":{"start":{"line":279,"column":23},"end":{"line":279,"column":43}},"109":{"start":{"line":280,"column":22},"end":{"line":280,"column":102}},"110":{"start":{"line":280,"column":53},"end":{"line":280,"column":90}},"111":{"start":{"line":281,"column":30},"end":{"line":281,"column":62}},"112":{"start":{"line":281,"column":54},"end":{"line":281,"column":61}},"113":{"start":{"line":282,"column":8},"end":{"line":282,"column":67}},"114":{"start":{"line":283,"column":26},"end":{"line":283,"column":61}},"115":{"start":{"line":285,"column":25},"end":{"line":285,"column":57}},"116":{"start":{"line":287,"column":8},"end":{"line":372,"column":9}},"117":{"start":{"line":289,"column":12},"end":{"line":305,"column":13}},"118":{"start":{"line":290,"column":16},"end":{"line":304,"column":19}},"119":{"start":{"line":308,"column":12},"end":{"line":322,"column":15}},"120":{"start":{"line":323,"column":12},"end":{"line":323,"column":37}},"121":{"start":{"line":324,"column":15},"end":{"line":372,"column":9}},"122":{"start":{"line":326,"column":12},"end":{"line":326,"column":51}},"123":{"start":{"line":327,"column":12},"end":{"line":327,"column":38}},"124":{"start":{"line":328,"column":12},"end":{"line":328,"column":50}},"125":{"start":{"line":329,"column":12},"end":{"line":329,"column":46}},"126":{"start":{"line":330,"column":12},"end":{"line":344,"column":15}},"127":{"start":{"line":345,"column":12},"end":{"line":345,"column":35}},"128":{"start":{"line":347,"column":13},"end":{"line":372,"column":9}},"129":{"start":{"line":349,"column":12},"end":{"line":349,"column":49}},"130":{"start":{"line":350,"column":12},"end":{"line":350,"column":48}},"131":{"start":{"line":351,"column":12},"end":{"line":351,"column":44}},"132":{"start":{"line":352,"column":12},"end":{"line":366,"column":15}},"133":{"start":{"line":369,"column":12},"end":{"line":369,"column":50}},"134":{"start":{"line":370,"column":12},"end":{"line":370,"column":49}},"135":{"start":{"line":371,"column":12},"end":{"line":371,"column":45}},"136":{"start":{"line":374,"column":8},"end":{"line":374,"column":36}},"137":{"start":{"line":376,"column":8},"end":{"line":384,"column":9}},"138":{"start":{"line":377,"column":12},"end":{"line":383,"column":15}},"139":{"start":{"line":386,"column":8},"end":{"line":401,"column":11}},"140":{"start":{"line":387,"column":32},"end":{"line":387,"column":37}},"141":{"start":{"line":388,"column":24},"end":{"line":388,"column":39}},"142":{"start":{"line":391,"column":12},"end":{"line":394,"column":13}},"143":{"start":{"line":392,"column":34},"end":{"line":392,"column":88}},"144":{"start":{"line":392,"column":55},"end":{"line":392,"column":87}},"145":{"start":{"line":393,"column":16},"end":{"line":393,"column":126}},"146":{"start":{"line":397,"column":12},"end":{"line":400,"column":13}},"147":{"start":{"line":398,"column":34},"end":{"line":398,"column":89}},"148":{"start":{"line":398,"column":55},"end":{"line":398,"column":88}},"149":{"start":{"line":399,"column":16},"end":{"line":399,"column":126}},"150":{"start":{"line":403,"column":8},"end":{"line":403,"column":26}},"151":{"start":{"line":404,"column":8},"end":{"line":404,"column":86}},"152":{"start":{"line":405,"column":8},"end":{"line":405,"column":51}},"153":{"start":{"line":406,"column":8},"end":{"line":406,"column":76}},"154":{"start":{"line":411,"column":8},"end":{"line":418,"column":9}},"155":{"start":{"line":412,"column":35},"end":{"line":412,"column":67}},"156":{"start":{"line":413,"column":12},"end":{"line":417,"column":13}},"157":{"start":{"line":414,"column":16},"end":{"line":414,"column":57}},"158":{"start":{"line":415,"column":16},"end":{"line":415,"column":50}},"159":{"start":{"line":416,"column":16},"end":{"line":416,"column":28}},"160":{"start":{"line":419,"column":8},"end":{"line":419,"column":21}},"161":{"start":{"line":424,"column":26},"end":{"line":424,"column":64}},"162":{"start":{"line":425,"column":21},"end":{"line":425,"column":61}},"163":{"start":{"line":427,"column":24},"end":{"line":471,"column":9}},"164":{"start":{"line":473,"column":8},"end":{"line":473,"column":65}},"165":{"start":{"line":484,"column":8},"end":{"line":487,"column":9}},"166":{"start":{"line":485,"column":45},"end":{"line":485,"column":82}},"167":{"start":{"line":486,"column":12},"end":{"line":486,"column":43}},"168":{"start":{"line":489,"column":8},"end":{"line":489,"column":70}},"169":{"start":{"line":489,"column":61},"end":{"line":489,"column":70}},"170":{"start":{"line":490,"column":8},"end":{"line":490,"column":46}},"171":{"start":{"line":490,"column":36},"end":{"line":490,"column":46}},"172":{"start":{"line":491,"column":8},"end":{"line":491,"column":47}},"173":{"start":{"line":496,"column":22},"end":{"line":496,"column":81}},"174":{"start":{"line":498,"column":28},"end":{"line":498,"column":37}},"175":{"start":{"line":501,"column":8},"end":{"line":506,"column":9}},"176":{"start":{"line":502,"column":35},"end":{"line":502,"column":79}},"177":{"start":{"line":503,"column":32},"end":{"line":503,"column":64}},"178":{"start":{"line":504,"column":29},"end":{"line":504,"column":37}},"179":{"start":{"line":505,"column":12},"end":{"line":505,"column":51}},"180":{"start":{"line":507,"column":8},"end":{"line":507,"column":27}},"181":{"start":{"line":512,"column":20},"end":{"line":512,"column":29}},"182":{"start":{"line":515,"column":33},"end":{"line":515,"column":73}},"183":{"start":{"line":516,"column":4},"end":{"line":516,"column":63}},"184":{"start":{"line":516,"column":45},"end":{"line":516,"column":61}},"185":{"start":{"line":519,"column":23},"end":{"line":519,"column":49}},"186":{"start":{"line":520,"column":28},"end":{"line":520,"column":85}},"187":{"start":{"line":520,"column":50},"end":{"line":520,"column":84}},"188":{"start":{"line":523,"column":28},"end":{"line":523,"column":30}},"189":{"start":{"line":524,"column":35},"end":{"line":524,"column":37}},"190":{"start":{"line":525,"column":29},"end":{"line":525,"column":31}},"191":{"start":{"line":528,"column":4},"end":{"line":548,"column":7}},"192":{"start":{"line":530,"column":22},"end":{"line":530,"column":66}},"193":{"start":{"line":531,"column":8},"end":{"line":547,"column":9}},"194":{"start":{"line":532,"column":46},"end":{"line":532,"column":51}},"195":{"start":{"line":533,"column":34},"end":{"line":533,"column":67}},"196":{"start":{"line":536,"column":12},"end":{"line":536,"column":64}},"197":{"start":{"line":536,"column":46},"end":{"line":536,"column":62}},"198":{"start":{"line":539,"column":12},"end":{"line":539,"column":45}},"199":{"start":{"line":540,"column":12},"end":{"line":540,"column":58}},"200":{"start":{"line":543,"column":31},"end":{"line":543,"column":81}},"201":{"start":{"line":543,"column":53},"end":{"line":543,"column":80}},"202":{"start":{"line":544,"column":12},"end":{"line":544,"column":52}},"203":{"start":{"line":546,"column":12},"end":{"line":546,"column":88}},"204":{"start":{"line":551,"column":4},"end":{"line":557,"column":6}},"205":{"start":{"line":562,"column":0},"end":{"line":586,"column":3}},"206":{"start":{"line":563,"column":21},"end":{"line":563,"column":60}},"207":{"start":{"line":564,"column":30},"end":{"line":564,"column":69}},"208":{"start":{"line":565,"column":23},"end":{"line":565,"column":58}},"209":{"start":{"line":566,"column":31},"end":{"line":566,"column":67}},"210":{"start":{"line":567,"column":23},"end":{"line":567,"column":60}},"211":{"start":{"line":568,"column":22},"end":{"line":568,"column":58}},"212":{"start":{"line":569,"column":21},"end":{"line":569,"column":57}},"213":{"start":{"line":570,"column":22},"end":{"line":570,"column":59}},"214":{"start":{"line":571,"column":4},"end":{"line":571,"column":56}},"215":{"start":{"line":572,"column":4},"end":{"line":572,"column":47}},"216":{"start":{"line":573,"column":4},"end":{"line":573,"column":79}},"217":{"start":{"line":574,"column":4},"end":{"line":574,"column":61}},"218":{"start":{"line":575,"column":4},"end":{"line":575,"column":63}},"219":{"start":{"line":576,"column":4},"end":{"line":576,"column":54}},"220":{"start":{"line":577,"column":4},"end":{"line":577,"column":61}},"221":{"start":{"line":580,"column":4},"end":{"line":585,"column":7}},"222":{"start":{"line":581,"column":8},"end":{"line":581,"column":41}},"223":{"start":{"line":582,"column":8},"end":{"line":582,"column":41}},"224":{"start":{"line":583,"column":8},"end":{"line":583,"column":28}},"225":{"start":{"line":589,"column":28},"end":{"line":589,"column":29}},"226":{"start":{"line":590,"column":26},"end":{"line":590,"column":27}},"227":{"start":{"line":591,"column":15},"end":{"line":591,"column":19}},"228":{"start":{"line":592,"column":23},"end":{"line":592,"column":25}},"229":{"start":{"line":593,"column":15},"end":{"line":593,"column":17}},"230":{"start":{"line":594,"column":19},"end":{"line":594,"column":24}},"231":{"start":{"line":598,"column":34},"end":{"line":598,"column":77}},"232":{"start":{"line":599,"column":4},"end":{"line":616,"column":5}},"233":{"start":{"line":600,"column":8},"end":{"line":600,"column":30}},"234":{"start":{"line":601,"column":26},"end":{"line":601,"column":54}},"235":{"start":{"line":602,"column":8},"end":{"line":605,"column":10}},"236":{"start":{"line":606,"column":8},"end":{"line":606,"column":76}},"237":{"start":{"line":607,"column":11},"end":{"line":616,"column":5}},"238":{"start":{"line":608,"column":8},"end":{"line":608,"column":30}},"239":{"start":{"line":609,"column":26},"end":{"line":609,"column":54}},"240":{"start":{"line":610,"column":8},"end":{"line":613,"column":10}},"241":{"start":{"line":614,"column":8},"end":{"line":614,"column":76}},"242":{"start":{"line":615,"column":8},"end":{"line":615,"column":35}},"243":{"start":{"line":622,"column":23},"end":{"line":622,"column":60}},"244":{"start":{"line":623,"column":22},"end":{"line":623,"column":58}},"245":{"start":{"line":626,"column":4},"end":{"line":629,"column":5}},"246":{"start":{"line":627,"column":8},"end":{"line":627,"column":29}},"247":{"start":{"line":628,"column":8},"end":{"line":628,"column":25}},"248":{"start":{"line":631,"column":4},"end":{"line":634,"column":5}},"249":{"start":{"line":631,"column":17},"end":{"line":631,"column":18}},"250":{"start":{"line":632,"column":22},"end":{"line":632,"column":67}},"251":{"start":{"line":633,"column":8},"end":{"line":633,"column":50}},"252":{"start":{"line":633,"column":27},"end":{"line":633,"column":50}},"253":{"start":{"line":635,"column":4},"end":{"line":635,"column":57}},"254":{"start":{"line":636,"column":4},"end":{"line":636,"column":32}},"255":{"start":{"line":637,"column":4},"end":{"line":637,"column":30}},"256":{"start":{"line":638,"column":4},"end":{"line":638,"column":63}},"257":{"start":{"line":639,"column":4},"end":{"line":639,"column":60}},"258":{"start":{"line":640,"column":4},"end":{"line":640,"column":60}},"259":{"start":{"line":641,"column":4},"end":{"line":641,"column":64}},"260":{"start":{"line":642,"column":4},"end":{"line":642,"column":63}},"261":{"start":{"line":643,"column":4},"end":{"line":643,"column":61}},"262":{"start":{"line":644,"column":4},"end":{"line":644,"column":57}},"263":{"start":{"line":649,"column":4},"end":{"line":649,"column":38}},"264":{"start":{"line":650,"column":21},"end":{"line":650,"column":60}},"265":{"start":{"line":651,"column":30},"end":{"line":651,"column":69}},"266":{"start":{"line":652,"column":23},"end":{"line":652,"column":58}},"267":{"start":{"line":653,"column":31},"end":{"line":653,"column":67}},"268":{"start":{"line":654,"column":17},"end":{"line":654,"column":85}},"269":{"start":{"line":655,"column":4},"end":{"line":680,"column":5}},"270":{"start":{"line":656,"column":8},"end":{"line":667,"column":9}},"271":{"start":{"line":657,"column":12},"end":{"line":657,"column":38}},"272":{"start":{"line":658,"column":12},"end":{"line":658,"column":47}},"273":{"start":{"line":659,"column":12},"end":{"line":659,"column":40}},"274":{"start":{"line":660,"column":12},"end":{"line":660,"column":48}},"275":{"start":{"line":661,"column":8},"end":{"line":661,"column":20}},"276":{"start":{"line":663,"column":12},"end":{"line":663,"column":37}},"277":{"start":{"line":664,"column":12},"end":{"line":664,"column":46}},"278":{"start":{"line":665,"column":12},"end":{"line":665,"column":39}},"279":{"start":{"line":666,"column":12},"end":{"line":666,"column":47}},"280":{"start":{"line":668,"column":8},"end":{"line":668,"column":21}},"281":{"start":{"line":671,"column":9},"end":{"line":677,"column":27}},"282":{"start":{"line":678,"column":8},"end":{"line":678,"column":21}},"283":{"start":{"line":684,"column":4},"end":{"line":708,"column":5}},"284":{"start":{"line":685,"column":21},"end":{"line":685,"column":43}},"285":{"start":{"line":689,"column":12},"end":{"line":700,"column":13}},"286":{"start":{"line":690,"column":16},"end":{"line":692,"column":17}},"287":{"start":{"line":691,"column":20},"end":{"line":691,"column":54}},"288":{"start":{"line":693,"column":16},"end":{"line":698,"column":17}},"289":{"start":{"line":694,"column":42},"end":{"line":694,"column":51}},"290":{"start":{"line":696,"column":20},"end":{"line":697,"column":71}},"291":{"start":{"line":699,"column":16},"end":{"line":699,"column":29}},"292":{"start":{"line":702,"column":12},"end":{"line":702,"column":60}},"293":{"start":{"line":705,"column":8},"end":{"line":705,"column":31}},"294":{"start":{"line":707,"column":8},"end":{"line":707,"column":21}},"295":{"start":{"line":713,"column":23},"end":{"line":713,"column":60}},"296":{"start":{"line":714,"column":22},"end":{"line":714,"column":58}},"297":{"start":{"line":715,"column":4},"end":{"line":715,"column":26}},"298":{"start":{"line":716,"column":4},"end":{"line":716,"column":38}},"299":{"start":{"line":717,"column":26},"end":{"line":717,"column":61}},"300":{"start":{"line":718,"column":4},"end":{"line":718,"column":62}},"301":{"start":{"line":719,"column":4},"end":{"line":719,"column":42}},"302":{"start":{"line":720,"column":25},"end":{"line":720,"column":63}},"303":{"start":{"line":723,"column":4},"end":{"line":729,"column":5}},"304":{"start":{"line":723,"column":17},"end":{"line":723,"column":18}},"305":{"start":{"line":724,"column":22},"end":{"line":724,"column":67}},"306":{"start":{"line":725,"column":8},"end":{"line":725,"column":49}},"307":{"start":{"line":725,"column":27},"end":{"line":725,"column":49}},"308":{"start":{"line":726,"column":8},"end":{"line":728,"column":9}},"309":{"start":{"line":727,"column":12},"end":{"line":727,"column":47}},"310":{"start":{"line":730,"column":4},"end":{"line":730,"column":34}},"311":{"start":{"line":731,"column":4},"end":{"line":731,"column":31}},"312":{"start":{"line":732,"column":4},"end":{"line":732,"column":31}},"313":{"start":{"line":733,"column":4},"end":{"line":733,"column":77}},"314":{"start":{"line":739,"column":4},"end":{"line":739,"column":62}},"315":{"start":{"line":742,"column":4},"end":{"line":755,"column":11}},"316":{"start":{"line":743,"column":30},"end":{"line":743,"column":41}},"317":{"start":{"line":744,"column":8},"end":{"line":751,"column":9}},"318":{"start":{"line":745,"column":12},"end":{"line":745,"column":225}},"319":{"start":{"line":746,"column":12},"end":{"line":746,"column":34}},"320":{"start":{"line":747,"column":12},"end":{"line":747,"column":29}},"321":{"start":{"line":748,"column":12},"end":{"line":748,"column":36}},"322":{"start":{"line":750,"column":12},"end":{"line":750,"column":20}},"323":{"start":{"line":754,"column":8},"end":{"line":754,"column":65}},"324":{"start":{"line":760,"column":21},"end":{"line":760,"column":57}},"325":{"start":{"line":761,"column":22},"end":{"line":761,"column":59}},"326":{"start":{"line":762,"column":4},"end":{"line":779,"column":5}},"327":{"start":{"line":763,"column":8},"end":{"line":763,"column":27}},"328":{"start":{"line":764,"column":8},"end":{"line":764,"column":32}},"329":{"start":{"line":765,"column":8},"end":{"line":765,"column":28}},"330":{"start":{"line":766,"column":8},"end":{"line":766,"column":41}},"331":{"start":{"line":767,"column":8},"end":{"line":767,"column":41}},"332":{"start":{"line":769,"column":30},"end":{"line":769,"column":41}},"333":{"start":{"line":770,"column":8},"end":{"line":778,"column":9}},"334":{"start":{"line":772,"column":12},"end":{"line":772,"column":224}},"335":{"start":{"line":773,"column":12},"end":{"line":773,"column":34}},"336":{"start":{"line":774,"column":12},"end":{"line":774,"column":31}},"337":{"start":{"line":775,"column":12},"end":{"line":775,"column":36}},"338":{"start":{"line":777,"column":12},"end":{"line":777,"column":20}},"339":{"start":{"line":785,"column":21},"end":{"line":785,"column":57}},"340":{"start":{"line":786,"column":22},"end":{"line":786,"column":59}},"341":{"start":{"line":787,"column":22},"end":{"line":787,"column":55}},"342":{"start":{"line":788,"column":4},"end":{"line":796,"column":5}},"343":{"start":{"line":789,"column":8},"end":{"line":789,"column":41}},"344":{"start":{"line":790,"column":8},"end":{"line":790,"column":41}},"345":{"start":{"line":791,"column":8},"end":{"line":791,"column":28}},"346":{"start":{"line":793,"column":8},"end":{"line":793,"column":40}},"347":{"start":{"line":794,"column":8},"end":{"line":794,"column":42}},"348":{"start":{"line":795,"column":8},"end":{"line":795,"column":29}},"349":{"start":{"line":797,"column":4},"end":{"line":809,"column":5}},"350":{"start":{"line":798,"column":30},"end":{"line":798,"column":41}},"351":{"start":{"line":799,"column":8},"end":{"line":808,"column":9}},"352":{"start":{"line":800,"column":12},"end":{"line":800,"column":224}},"353":{"start":{"line":801,"column":12},"end":{"line":801,"column":34}},"354":{"start":{"line":803,"column":12},"end":{"line":803,"column":45}},"355":{"start":{"line":804,"column":12},"end":{"line":804,"column":45}},"356":{"start":{"line":805,"column":12},"end":{"line":805,"column":32}},"357":{"start":{"line":806,"column":12},"end":{"line":806,"column":20}},"358":{"start":{"line":807,"column":12},"end":{"line":807,"column":19}},"359":{"start":{"line":811,"column":4},"end":{"line":825,"column":5}},"360":{"start":{"line":812,"column":8},"end":{"line":816,"column":9}},"361":{"start":{"line":813,"column":12},"end":{"line":813,"column":45}},"362":{"start":{"line":814,"column":12},"end":{"line":814,"column":45}},"363":{"start":{"line":815,"column":12},"end":{"line":815,"column":18}},"364":{"start":{"line":817,"column":18},"end":{"line":817,"column":36}},"365":{"start":{"line":818,"column":8},"end":{"line":818,"column":32}},"366":{"start":{"line":819,"column":8},"end":{"line":823,"column":9}},"367":{"start":{"line":820,"column":12},"end":{"line":820,"column":45}},"368":{"start":{"line":821,"column":12},"end":{"line":821,"column":45}},"369":{"start":{"line":822,"column":12},"end":{"line":822,"column":18}},"370":{"start":{"line":824,"column":8},"end":{"line":824,"column":85}},"371":{"start":{"line":824,"column":29},"end":{"line":824,"column":85}},"372":{"start":{"line":824,"column":58},"end":{"line":824,"column":83}},"373":{"start":{"line":831,"column":19},"end":{"line":831,"column":39}},"374":{"start":{"line":833,"column":19},"end":{"line":833,"column":48}},"375":{"start":{"line":834,"column":21},"end":{"line":834,"column":32}},"376":{"start":{"line":835,"column":4},"end":{"line":837,"column":5}},"377":{"start":{"line":836,"column":8},"end":{"line":836,"column":15}},"378":{"start":{"line":839,"column":19},"end":{"line":839,"column":42}},"379":{"start":{"line":840,"column":21},"end":{"line":840,"column":50}},"380":{"start":{"line":843,"column":4},"end":{"line":843,"column":56}},"381":{"start":{"line":844,"column":4},"end":{"line":844,"column":56}},"382":{"start":{"line":847,"column":4},"end":{"line":847,"column":26}},"383":{"start":{"line":848,"column":4},"end":{"line":848,"column":29}},"384":{"start":{"line":849,"column":4},"end":{"line":849,"column":38}},"385":{"start":{"line":850,"column":4},"end":{"line":850,"column":38}},"386":{"start":{"line":851,"column":23},"end":{"line":851,"column":45}},"387":{"start":{"line":852,"column":4},"end":{"line":852,"column":40}},"388":{"start":{"line":853,"column":4},"end":{"line":853,"column":42}},"389":{"start":{"line":855,"column":4},"end":{"line":855,"column":50}},"390":{"start":{"line":856,"column":4},"end":{"line":856,"column":54}},"391":{"start":{"line":857,"column":4},"end":{"line":857,"column":66}},"392":{"start":{"line":858,"column":4},"end":{"line":858,"column":50}},"393":{"start":{"line":859,"column":4},"end":{"line":859,"column":62}},"394":{"start":{"line":860,"column":4},"end":{"line":860,"column":64}},"395":{"start":{"line":861,"column":4},"end":{"line":861,"column":60}},"396":{"start":{"line":864,"column":4},"end":{"line":880,"column":5}},"397":{"start":{"line":865,"column":8},"end":{"line":879,"column":11}},"398":{"start":{"line":883,"column":4},"end":{"line":889,"column":7}},"399":{"start":{"line":891,"column":4},"end":{"line":891,"column":28}},"400":{"start":{"line":897,"column":26},"end":{"line":897,"column":42}},"401":{"start":{"line":898,"column":28},"end":{"line":898,"column":57}},"402":{"start":{"line":901,"column":27},"end":{"line":901,"column":63}},"403":{"start":{"line":904,"column":4},"end":{"line":919,"column":5}},"404":{"start":{"line":904,"column":17},"end":{"line":904,"column":18}},"405":{"start":{"line":905,"column":23},"end":{"line":905,"column":48}},"406":{"start":{"line":906,"column":31},"end":{"line":906,"column":49}},"407":{"start":{"line":909,"column":8},"end":{"line":918,"column":9}},"408":{"start":{"line":910,"column":12},"end":{"line":917,"column":13}},"409":{"start":{"line":910,"column":25},"end":{"line":910,"column":26}},"410":{"start":{"line":911,"column":30},"end":{"line":911,"column":39}},"411":{"start":{"line":914,"column":16},"end":{"line":916,"column":17}},"412":{"start":{"line":915,"column":20},"end":{"line":915,"column":47}},"413":{"start":{"line":922,"column":29},"end":{"line":922,"column":31}},"414":{"start":{"line":923,"column":4},"end":{"line":927,"column":5}},"415":{"start":{"line":923,"column":17},"end":{"line":923,"column":18}},"416":{"start":{"line":924,"column":8},"end":{"line":926,"column":9}},"417":{"start":{"line":925,"column":12},"end":{"line":925,"column":50}},"418":{"start":{"line":930,"column":4},"end":{"line":943,"column":5}},"419":{"start":{"line":931,"column":34},"end":{"line":931,"column":63}},"420":{"start":{"line":933,"column":8},"end":{"line":941,"column":5}},"421":{"start":{"line":935,"column":8},"end":{"line":940,"column":27}},"422":{"start":{"line":942,"column":8},"end":{"line":942,"column":20}},"423":{"start":{"line":945,"column":4},"end":{"line":945,"column":17}},"424":{"start":{"line":950,"column":31},"end":{"line":950,"column":71}},"425":{"start":{"line":951,"column":32},"end":{"line":951,"column":73}},"426":{"start":{"line":952,"column":36},"end":{"line":952,"column":81}},"427":{"start":{"line":953,"column":35},"end":{"line":953,"column":79}},"428":{"start":{"line":954,"column":33},"end":{"line":954,"column":75}},"429":{"start":{"line":955,"column":24},"end":{"line":955,"column":62}},"430":{"start":{"line":957,"column":4},"end":{"line":957,"column":63}},"431":{"start":{"line":958,"column":4},"end":{"line":958,"column":56}},"432":{"start":{"line":959,"column":4},"end":{"line":963,"column":5}},"433":{"start":{"line":960,"column":8},"end":{"line":960,"column":82}},"434":{"start":{"line":962,"column":8},"end":{"line":962,"column":69}},"435":{"start":{"line":964,"column":4},"end":{"line":964,"column":67}},"436":{"start":{"line":965,"column":4},"end":{"line":965,"column":64}},"437":{"start":{"line":966,"column":4},"end":{"line":966,"column":53}},"438":{"start":{"line":971,"column":4},"end":{"line":971,"column":22}},"439":{"start":{"line":974,"column":0},"end":{"line":990,"column":1}},"440":{"start":{"line":975,"column":4},"end":{"line":989,"column":5}}},"fnMap":{"0":{"name":"(anonymous_0)","decl":{"start":{"line":3,"column":4},"end":{"line":3,"column":5}},"loc":{"start":{"line":3,"column":115},"end":{"line":28,"column":5}},"line":3},"1":{"name":"(anonymous_1)","decl":{"start":{"line":31,"column":4},"end":{"line":31,"column":5}},"loc":{"start":{"line":31,"column":16},"end":{"line":33,"column":5}},"line":31},"2":{"name":"(anonymous_2)","decl":{"start":{"line":36,"column":4},"end":{"line":36,"column":5}},"loc":{"start":{"line":36,"column":27},"end":{"line":82,"column":5}},"line":36},"3":{"name":"(anonymous_3)","decl":{"start":{"line":37,"column":61},"end":{"line":37,"column":62}},"loc":{"start":{"line":37,"column":67},"end":{"line":37,"column":80}},"line":37},"4":{"name":"(anonymous_4)","decl":{"start":{"line":39,"column":45},"end":{"line":39,"column":46}},"loc":{"start":{"line":39,"column":78},"end":{"line":73,"column":9}},"line":39},"5":{"name":"(anonymous_5)","decl":{"start":{"line":44,"column":31},"end":{"line":44,"column":32}},"loc":{"start":{"line":44,"column":52},"end":{"line":72,"column":13}},"line":44},"6":{"name":"(anonymous_6)","decl":{"start":{"line":76,"column":28},"end":{"line":76,"column":29}},"loc":{"start":{"line":76,"column":37},"end":{"line":79,"column":9}},"line":76},"7":{"name":"(anonymous_7)","decl":{"start":{"line":86,"column":4},"end":{"line":86,"column":5}},"loc":{"start":{"line":86,"column":32},"end":{"line":88,"column":5}},"line":86},"8":{"name":"(anonymous_8)","decl":{"start":{"line":87,"column":49},"end":{"line":87,"column":50}},"loc":{"start":{"line":87,"column":72},"end":{"line":87,"column":101}},"line":87},"9":{"name":"(anonymous_9)","decl":{"start":{"line":92,"column":4},"end":{"line":92,"column":5}},"loc":{"start":{"line":92,"column":32},"end":{"line":95,"column":5}},"line":92},"10":{"name":"(anonymous_10)","decl":{"start":{"line":93,"column":41},"end":{"line":93,"column":42}},"loc":{"start":{"line":93,"column":70},"end":{"line":93,"column":116}},"line":93},"11":{"name":"(anonymous_11)","decl":{"start":{"line":99,"column":4},"end":{"line":99,"column":5}},"loc":{"start":{"line":99,"column":12},"end":{"line":180,"column":5}},"line":99},"12":{"name":"(anonymous_12)","decl":{"start":{"line":154,"column":23},"end":{"line":154,"column":24}},"loc":{"start":{"line":154,"column":37},"end":{"line":162,"column":17}},"line":154},"13":{"name":"(anonymous_13)","decl":{"start":{"line":167,"column":23},"end":{"line":167,"column":24}},"loc":{"start":{"line":167,"column":37},"end":{"line":172,"column":17}},"line":167},"14":{"name":"(anonymous_14)","decl":{"start":{"line":183,"column":4},"end":{"line":183,"column":5}},"loc":{"start":{"line":183,"column":35},"end":{"line":220,"column":5}},"line":183},"15":{"name":"(anonymous_15)","decl":{"start":{"line":184,"column":64},"end":{"line":184,"column":65}},"loc":{"start":{"line":184,"column":83},"end":{"line":217,"column":9}},"line":184},"16":{"name":"(anonymous_16)","decl":{"start":{"line":186,"column":38},"end":{"line":186,"column":39}},"loc":{"start":{"line":187,"column":16},"end":{"line":187,"column":48}},"line":187},"17":{"name":"(anonymous_17)","decl":{"start":{"line":224,"column":4},"end":{"line":224,"column":5}},"loc":{"start":{"line":224,"column":14},"end":{"line":407,"column":5}},"line":224},"18":{"name":"(anonymous_18)","decl":{"start":{"line":278,"column":36},"end":{"line":278,"column":37}},"loc":{"start":{"line":278,"column":53},"end":{"line":278,"column":81}},"line":278},"19":{"name":"(anonymous_19)","decl":{"start":{"line":280,"column":35},"end":{"line":280,"column":36}},"loc":{"start":{"line":280,"column":53},"end":{"line":280,"column":90}},"line":280},"20":{"name":"(anonymous_20)","decl":{"start":{"line":281,"column":43},"end":{"line":281,"column":44}},"loc":{"start":{"line":281,"column":54},"end":{"line":281,"column":61}},"line":281},"21":{"name":"(anonymous_21)","decl":{"start":{"line":386,"column":23},"end":{"line":386,"column":24}},"loc":{"start":{"line":386,"column":41},"end":{"line":401,"column":9}},"line":386},"22":{"name":"(anonymous_22)","decl":{"start":{"line":392,"column":45},"end":{"line":392,"column":46}},"loc":{"start":{"line":392,"column":55},"end":{"line":392,"column":87}},"line":392},"23":{"name":"(anonymous_23)","decl":{"start":{"line":398,"column":45},"end":{"line":398,"column":46}},"loc":{"start":{"line":398,"column":55},"end":{"line":398,"column":88}},"line":398},"24":{"name":"(anonymous_24)","decl":{"start":{"line":410,"column":4},"end":{"line":410,"column":5}},"loc":{"start":{"line":410,"column":22},"end":{"line":420,"column":5}},"line":410},"25":{"name":"(anonymous_25)","decl":{"start":{"line":423,"column":4},"end":{"line":423,"column":5}},"loc":{"start":{"line":423,"column":17},"end":{"line":474,"column":5}},"line":423},"26":{"name":"extractVariablesAndCoefficients","decl":{"start":{"line":479,"column":9},"end":{"line":479,"column":40}},"loc":{"start":{"line":479,"column":73},"end":{"line":558,"column":1}},"line":479},"27":{"name":"parseCoefficient","decl":{"start":{"line":482,"column":13},"end":{"line":482,"column":29}},"loc":{"start":{"line":482,"column":46},"end":{"line":492,"column":5}},"line":482},"28":{"name":"extractFromExpression","decl":{"start":{"line":495,"column":13},"end":{"line":495,"column":34}},"loc":{"start":{"line":495,"column":47},"end":{"line":508,"column":5}},"line":495},"29":{"name":"(anonymous_29)","decl":{"start":{"line":516,"column":33},"end":{"line":516,"column":34}},"loc":{"start":{"line":516,"column":45},"end":{"line":516,"column":61}},"line":516},"30":{"name":"(anonymous_30)","decl":{"start":{"line":520,"column":43},"end":{"line":520,"column":44}},"loc":{"start":{"line":520,"column":50},"end":{"line":520,"column":84}},"line":520},"31":{"name":"(anonymous_31)","decl":{"start":{"line":528,"column":24},"end":{"line":528,"column":25}},"loc":{"start":{"line":528,"column":47},"end":{"line":548,"column":5}},"line":528},"32":{"name":"(anonymous_32)","decl":{"start":{"line":536,"column":34},"end":{"line":536,"column":35}},"loc":{"start":{"line":536,"column":46},"end":{"line":536,"column":62}},"line":536},"33":{"name":"(anonymous_33)","decl":{"start":{"line":543,"column":46},"end":{"line":543,"column":47}},"loc":{"start":{"line":543,"column":53},"end":{"line":543,"column":80}},"line":543},"34":{"name":"(anonymous_34)","decl":{"start":{"line":562,"column":46},"end":{"line":562,"column":47}},"loc":{"start":{"line":562,"column":58},"end":{"line":586,"column":1}},"line":562},"35":{"name":"(anonymous_35)","decl":{"start":{"line":580,"column":36},"end":{"line":580,"column":37}},"loc":{"start":{"line":580,"column":42},"end":{"line":585,"column":5}},"line":580},"36":{"name":"addConstraint","decl":{"start":{"line":597,"column":9},"end":{"line":597,"column":22}},"loc":{"start":{"line":597,"column":25},"end":{"line":617,"column":1}},"line":597},"37":{"name":"reset","decl":{"start":{"line":620,"column":9},"end":{"line":620,"column":14}},"loc":{"start":{"line":620,"column":17},"end":{"line":645,"column":1}},"line":620},"38":{"name":"checkInputs","decl":{"start":{"line":648,"column":9},"end":{"line":648,"column":20}},"loc":{"start":{"line":648,"column":23},"end":{"line":681,"column":1}},"line":648},"39":{"name":"isLinear","decl":{"start":{"line":683,"column":9},"end":{"line":683,"column":17}},"loc":{"start":{"line":683,"column":30}
[...]
mn":75}},"326":{"start":{"line":600,"column":12},"end":{"line":600,"column":19}},"327":{"start":{"line":602,"column":8},"end":{"line":602,"column":48}},"328":{"start":{"line":603,"column":28},"end":{"line":603,"column":70}},"329":{"start":{"line":604,"column":8},"end":{"line":604,"column":51}},"330":{"start":{"line":605,"column":8},"end":{"line":605,"column":62}},"331":{"start":{"line":606,"column":8},"end":{"line":665,"column":9}},"332":{"start":{"line":606,"column":21},"end":{"line":606,"column":22}},"333":{"start":{"line":607,"column":20},"end":{"line":607,"column":47}},"334":{"start":{"line":609,"column":20},"end":{"line":609,"column":51}},"335":{"start":{"line":610,"column":20},"end":{"line":610,"column":31}},"336":{"start":{"line":613,"column":21},"end":{"line":613,"column":55}},"337":{"start":{"line":614,"column":21},"end":{"line":614,"column":55}},"338":{"start":{"line":615,"column":21},"end":{"line":615,"column":55}},"339":{"start":{"line":618,"column":25},"end":{"line":622,"column":13}},"340":{"start":{"line":624,"column":25},"end":{"line":624,"column":37}},"341":{"start":{"line":627,"column":28},"end":{"line":627,"column":44}},"342":{"start":{"line":628,"column":25},"end":{"line":628,"column":57}},"343":{"start":{"line":629,"column":20},"end":{"line":629,"column":29}},"344":{"start":{"line":630,"column":20},"end":{"line":630,"column":29}},"345":{"start":{"line":631,"column":20},"end":{"line":631,"column":29}},"346":{"start":{"line":634,"column":12},"end":{"line":636,"column":13}},"347":{"start":{"line":635,"column":16},"end":{"line":635,"column":22}},"348":{"start":{"line":638,"column":12},"end":{"line":640,"column":13}},"349":{"start":{"line":639,"column":16},"end":{"line":639,"column":22}},"350":{"start":{"line":642,"column":12},"end":{"line":644,"column":13}},"351":{"start":{"line":643,"column":16},"end":{"line":643,"column":22}},"352":{"start":{"line":646,"column":33},"end":{"line":646,"column":88}},"353":{"start":{"line":647,"column":28},"end":{"line":647,"column":72}},"354":{"start":{"line":649,"column":12},"end":{"line":649,"column":88}},"355":{"start":{"line":650,"column":12},"end":{"line":650,"column":88}},"356":{"start":{"line":651,"column":12},"end":{"line":651,"column":83}},"357":{"start":{"line":653,"column":12},"end":{"line":653,"column":52}},"358":{"start":{"line":654,"column":12},"end":{"line":654,"column":50}},"359":{"start":{"line":655,"column":12},"end":{"line":655,"column":50}},"360":{"start":{"line":656,"column":12},"end":{"line":656,"column":50}},"361":{"start":{"line":657,"column":12},"end":{"line":657,"column":52}},"362":{"start":{"line":658,"column":12},"end":{"line":658,"column":50}},"363":{"start":{"line":659,"column":12},"end":{"line":659,"column":50}},"364":{"start":{"line":660,"column":12},"end":{"line":660,"column":50}},"365":{"start":{"line":667,"column":8},"end":{"line":667,"column":68}},"366":{"start":{"line":669,"column":4},"end":{"line":669,"column":66}},"367":{"start":{"line":670,"column":4},"end":{"line":670,"column":69}},"368":{"start":{"line":671,"column":22},"end":{"line":671,"column":63}},"369":{"start":{"line":672,"column":4},"end":{"line":672,"column":40}},"370":{"start":{"line":675,"column":0},"end":{"line":698,"column":1}},"371":{"start":{"line":676,"column":4},"end":{"line":697,"column":5}}},"fnMap":{"0":{"name":"ggbOnInit","decl":{"start":{"line":3,"column":9},"end":{"line":3,"column":18}},"loc":{"start":{"line":3,"column":21},"end":{"line":14,"column":1}},"line":3},"1":{"name":"(anonymous_1)","decl":{"start":{"line":15,"column":46},"end":{"line":15,"column":47}},"loc":{"start":{"line":15,"column":58},"end":{"line":44,"column":1}},"line":15},"2":{"name":"playPauseHandler","decl":{"start":{"line":47,"column":9},"end":{"line":47,"column":25}},"loc":{"start":{"line":47,"column":28},"end":{"line":88,"column":1}},"line":47},"3":{"name":"(anonymous_3)","decl":{"start":{"line":61,"column":9},"end":{"line":61,"column":10}},"loc":{"start":{"line":61,"column":27},"end":{"line":86,"column":9}},"line":61},"4":{"name":"(anonymous_4)","decl":{"start":{"line":82,"column":34},"end":{"line":82,"column":35}},"loc":{"start":{"line":82,"column":45},"end":{"line":82,"column":70}},"line":82},"5":{"name":"stammfunktionChangeHandler","decl":{"start":{"line":90,"column":9},"end":{"line":90,"column":35}},"loc":{"start":{"line":90,"column":38},"end":{"line":108,"column":1}},"line":90},"6":{"name":"validateInputs","decl":{"start":{"line":110,"column":9},"end":{"line":110,"column":23}},"loc":{"start":{"line":110,"column":26},"end":{"line":124,"column":1}},"line":110},"7":{"name":"stepwiseChange","decl":{"start":{"line":126,"column":9},"end":{"line":126,"column":23}},"loc":{"start":{"line":126,"column":30},"end":{"line":145,"column":1}},"line":126},"8":{"name":"trapezRegel","decl":{"start":{"line":147,"column":9},"end":{"line":147,"column":20}},"loc":{"start":{"line":147,"column":36},"end":{"line":167,"column":1}},"line":147},"9":{"name":"(anonymous_9)","decl":{"start":{"line":158,"column":20},"end":{"line":158,"column":21}},"loc":{"start":{"line":158,"column":28},"end":{"line":158,"column":51}},"line":158},"10":{"name":"simpsonRegel","decl":{"start":{"line":169,"column":9},"end":{"line":169,"column":21}},"loc":{"start":{"line":169,"column":37},"end":{"line":190,"column":1}},"line":169},"11":{"name":"berechneIntegral","decl":{"start":{"line":192,"column":9},"end":{"line":192,"column":25}},"loc":{"start":{"line":192,"column":28},"end":{"line":329,"column":1}},"line":192},"12":{"name":"(anonymous_12)","decl":{"start":{"line":270,"column":43},"end":{"line":270,"column":44}},"loc":{"start":{"line":270,"column":53},"end":{"line":270,"column":58}},"line":270},"13":{"name":"downloadImageHandler","decl":{"start":{"line":330,"column":9},"end":{"line":330,"column":29}},"loc":{"start":{"line":330,"column":34},"end":{"line":338,"column":1}},"line":330},"14":{"name":"resetAxesHandler","decl":{"start":{"line":340,"column":9},"end":{"line":340,"column":25}},"loc":{"start":{"line":340,"column":30},"end":{"line":345,"column":1}},"line":340},"15":{"name":"areFunctionsEquivalent","decl":{"start":{"line":348,"column":9},"end":{"line":348,"column":31}},"loc":{"start":{"line":348,"column":46},"end":{"line":361,"column":1}},"line":348},"16":{"name":"erstelleHistogramm","decl":{"start":{"line":364,"column":9},"end":{"line":364,"column":27}},"loc":{"start":{"line":364,"column":42},"end":{"line":388,"column":1}},"line":364},"17":{"name":"(anonymous_17)","decl":{"start":{"line":367,"column":34},"end":{"line":367,"column":35}},"loc":{"start":{"line":367,"column":48},"end":{"line":367,"column":69}},"line":367},"18":{"name":"(anonymous_18)","decl":{"start":{"line":369,"column":34},"end":{"line":369,"column":35}},"loc":{"start":{"line":369,"column":48},"end":{"line":369,"column":70}},"line":369},"19":{"name":"(anonymous_19)","decl":{"start":{"line":372,"column":34},"end":{"line":372,"column":35}},"loc":{"start":{"line":372,"column":41},"end":{"line":372,"column":54}},"line":372},"20":{"name":"berechneAbweichungen","decl":{"start":{"line":390,"column":9},"end":{"line":390,"column":29}},"loc":{"start":{"line":390,"column":60},"end":{"line":411,"column":1}},"line":390},"21":{"name":"checkInputs","decl":{"start":{"line":414,"column":9},"end":{"line":414,"column":20}},"loc":{"start":{"line":414,"column":23},"end":{"line":436,"column":1}},"line":414},"22":{"name":"berechneFehlerFürTrapeze","decl":{"start":{"line":438,"column":9},"end":{"line":438,"column":33}},"loc":{"start":{"line":438,"column":76},"end":{"line":455,"column":1}},"line":438},"23":{"name":"bewegePunkt","decl":{"start":{"line":457,"column":9},"end":{"line":457,"column":20}},"loc":{"start":{"line":457,"column":28},"end":{"line":474,"column":1}},"line":457},"24":{"name":"updateHeader","decl":{"start":{"line":476,"column":9},"end":{"line":476,"column":21}},"loc":{"start":{"line":476,"column":29},"end":{"line":517,"column":1}},"line":476},"25":{"name":"zeichneFunktion","decl":{"start":{"line":520,"column":9},"end":{"line":520,"column":24}},"loc":{"start":{"line":520,"column":27},"end":{"line":533,"column":1}},"line":520},"26":{"name":"(anonymous_26)","decl":{"start":{"line":525,"column":15},"end":{"line":525,"column":16}},"loc":{"start":{"line":525,"column":21},"end":{"line":532,"column":5}},"line":525},"27":{"name":"zeichneFunktionTrapez","decl":{"start":{"line":534,"column":9},"end":{"line":534,"column":30}},"loc":{"start":{"line":534,"column":33},"end":{"line":585,"column":1}},"line":534},"28":{"name":"zeichneFunktionSimpson","decl":{"start":{"line":587,"column":9},"end":{"line":587,"column":31}},"loc":{"start":{"line":587,"column":34},"end":{"line":673,"column":1}},"line":587}},"branchMap":{"0":{"loc":{"start":{"line":5,"column":4},"end":{"line":13,"column":5}},"type":"if","locations":[{"start":{"line":5,"column":4},"end":{"line":13,"column":5}},{"start":{"line":11,"column":11},"end":{"line":13,"column":5}}],"line":5},"1":{"loc":{"start":{"line":52,"column":4},"end":{"line":87,"column":5}},"type":"if","locations":[{"start":{"line":52,"column":4},"end":{"line":87,"column":5}},{"start":{"line":55,"column":11},"end":{"line":87,"column":5}}],"line":52},"2":{"loc":{"start":{"line":63,"column":16},"end":{"line":65,"column":17}},"type":"if","locations":[{"start":{"line":63,"column":16},"end":{"line":65,"column":17}},{"start":{},"end":{}}],"line":63},"3":{"loc":{"start":{"line":69,"column":16},"end":{"line":73,"column":17}},"type":"if","locations":[{"start":{"line":69,"column":16},"end":{"line":73,"column":17}},{"start":{"line":71,"column":23},"end":{"line":73,"column":17}}],"line":69},"4":{"loc":{"start":{"line":76,"column":16},"end":{"line":81,"column":17}},"type":"if","locations":[{"start":{"line":76,"column":16},"end":{"line":81,"column":17}},{"start":{},"end":{}}],"line":76},"5":{"loc":{"start":{"line":97,"column":4},"end":{"line":107,"column":5}},"type":"if","locations":[{"start":{"line":97,"column":4},"end":{"line":107,"column":5}},{"start":{"line":102,"column":11},"end":{"line":107,"column":5}}],"line":97},"6":{"loc":{"start":{"line":117,"column":4},"end":{"line":123,"column":5}},"type":"if","locations":[{"start":{"line":117,"column":4},"end":{"line":123,"column":5}},{"start":{"line":120,"column":11},"end":{"line":123,"column":5}}],"line":117},"7":{"loc":{"start":{"line":132,"column":4},"end":{"line":136,"column":5}},"type":"if","locations":[{"start":{"line":132,"column":4},"end":{"line":136,"column":5}},{"start":{"line":134,"column":11},"end":{"line":136,"column":5}}],"line":132},"8":{"loc":{"start":{"line":139,"column":4},"end":{"line":144,"column":5}},"type":"if","locations":[{"start":{"line":139,"column":4},"end":{"line":144,"column":5}},{"start":{},"end":{}}],"line":139},"9":{"loc":{"start":{"line":194,"column":4},"end":{"line":196,"column":5}},"type":"if","locations":[{"start":{"line":194,"column":4},"end":{"line":196,"column":5}},{"start":{},"end":{}}],"line":194},"10":{"loc":{"start":{"line":212,"column":4},"end":{"line":221,"column":5}},"type":"if","locations":[{"start":{"line":212,"column":4},"end":{"line":221,"column":5}},{"start":{"line":215,"column":9},"end":{"line":221,"column":5}}],"line":212},"11":{"loc":{"start":{"line":224,"column":4},"end":{"line":230,"column":5}},"type":"if","locations":[{"start":{"line":224,"column":4},"end":{"line":230,"column":5}},{"start":{"line":227,"column":11},"end":{"line":230,"column":5}}],"line":224},"12":{"loc":{"start":{"line":232,"column":4},"end":{"line":327,"column":5}},"type":"if","locations":[{"start":{"line":232,"column":4},"end":{"line":327,"column":5}},{"start":{"line":240,"column":11},"end":{"line":327,"column":5}}],"line":232},"13":{"loc":{"start":{"line":264,"column":8},"end":{"line":268,"column":9}},"type":"if","locations":[{"start":{"line":264,"column":8},"end":{"line":268,"column":9}},{"start":{"line":266,"column":15},"end":{"line":268,"column":9}}],"line":264},"14":{"loc":{"start":{"line":366,"column":4},"end":{"line":370,"column":5}},"type":"if","locations":[{"start":{"line":366,"column":4},"end":{"line":370,"column":5}},{"start":{"line":368,"column":11},"end":{"line":370,"column":5}}],"line":366},"15":{"loc":{"start":{"line":402,"column":8},"end":{"line":406,"column":9}},"type":"if","locations":[{"start":{"line":402,"column":8},"end":{"line":406,"column":9}},{"start":{"line":404,"column":15},"end":{"line":406,"column":9}}],"line":402},"16":{"loc":{"start":{"line":423,"column":4},"end":{"line":435,"column":5}},"type":"if","locations":[{"start":{"line":423,"column":4},"end":{"line":435,"column":5}},{"start":{"line":429,"column":11},"end":{"line":435,"column":5}}],"line":423},"17":{"loc":{"start":{"line":423,"column":8},"end":{"line":423,"column":77}},"type":"binary-expr","locations":[{"start":{"line":423,"column":8},"end":{"line":423,"column":16}},{"start":{"line":423,"column":20},"end":{"line":423,"column":32}},{"start":{"line":423,"column":36},"end":{"line":423,"column":47}},{"start":{"line":423,"column":51},"end":{"line":423,"column":77}}],"line":423},"18":{"loc":{"start":{"line":444,"column":8},"end":{"line":448,"column":9}},"type":"if","locations":[{"start":{"line":444,"column":8},"end":{"line":448,"column":9}},{"start":{"line":446,"column":15},"end":{"line":448,"column":9}}],"line":444},"19":{"loc":{"start":{"line":459,"column":4},"end":{"line":464,"column":5}},"type":"if","locations":[{"start":{"line":459,"column":4},"end":{"line":464,"column":5}},{"start":{"line":462,"column":11},"end":{"line":464,"column":5}}],"line":459},"20":{"loc":{"start":{"line":466,"column":4},"end":{"line":473,"column":5}},"type":"if","locations":[{"start":{"line":466,"column":4},"end":{"line":473,"column":5}},{"start":{"line":471,"column":11},"end":{"line":473,"column":5}}],"line":466},"21":{"loc":{"start":{"line":477,"column":4},"end":{"line":479,"column":5}},"type":"if","locations":[{"start":{"line":477,"column":4},"end":{"line":479,"column":5}},{"start":{},"end":{}}],"line":477},"22":{"loc":{"start":{"line":481,"column":4},"end":{"line":516,"column":5}},"type":"if","locations":[{"start":{"line":481,"column":4},"end":{"line":516,"column":5}},{"start":{},"end":{}}],"line":481},"23":{"loc":{"start":{"line":484,"column":8},"end":{"line":496,"column":9}},"type":"if","locations":[{"start":{"line":484,"column":8},"end":{"line":496,"column":9}},{"start":{"line":486,"column":15},"end":{"line":496,"column":9}}],"line":484},"24":{"loc":{"start":{"line":499,"column":8},"end":{"line":514,"column":9}},"type":"if","locations":[{"start":{"line":499,"column":8},"end":{"line":514,"column":9}},{"start":{"line":507,"column":15},"end":{"line":514,"column":9}}],"line":499},"25":{"loc":{"start":{"line":526,"column":8},"end":{"line":530,"column":9}},"type":"if","locations":[{"start":{"line":526,"column":8},"end":{"line":530,"column":9}},{"start":{"line":528,"column":15},"end":{"line":530,"column":9}}],"line":526},"26":{"loc":{"start":{"line":544,"column":8},"end":{"line":548,"column":9}},"type":"if","locations":[{"start":{"line":544,"column":8},"end":{"line":548,"column":9}},{"start":{},"end":{}}],"line":544},"27":{"loc":{"start":{"line":597,"column":8},"end":{"line":601,"column":9}},"type":"if","locations":[{"start":{"line":597,"column":8},"end":{"line":601,"column":9}},{"start":{},"end":{}}],"line":597},"28":{"loc":{"start":{"line":634,"column":12},"end":{"line":636,"column":13}},"type":"if","locations":[{"start":{"line":634,"column":12},"end":{"line":636,"column":13}},{"start":{},"end":{}}],"line":634},"29":{"loc":{"start":{"line":638,"column":12},"end":{"line":640,"column":13}},"type":"if","locations":[{"start":{"line":638,"column":12},"end":{"line":640,"column":13}},{"start":{},"end":{}}],"line":638},"30":{"loc":{"start":{"line":642,"column":12},"end":{"line":644,"column":13}},"type":"if","locations":[{"start":{"line":642,"column":12},"end":{"line":644,"column":13}},{"start":{},"end":{}}],"line":642},"31":{"loc":{"start":{"line":675,"column":0},"end":{"line":698,"column":1}},"type":"if","locations":[{"start":{"line":675,"column":0},"end":{"line":698,"column":1}},{"start":{},"end":{}}],"line":675},"32":{"loc":{"start":{"line":675,"column":4},"end":{"line":675,"column":51}},"type":"binary-expr","locations":[{"start":{"line":675,"column":4},"end":{"line":675,"column":33}},{"start":{"line":675,"column":37},"end":{"line":675,"column":51}}],"line":675}},"s":{"0":2,"1":2,"2":1,"3":1,"4":0,"5":1,"6":1,"7":1,"8":1,"9":1,"10":1,"11":1,"12":1,"13":1,"14":1,"15":1,"16":1,"17":1,"18":1,"19":1,"20":1,"21":2,"22":2,"23":2,"24":2,"25":2,"26":1,"27":1,"28":1,"29":1,"30":1,"31":1,"32":1,"33":1,"34":2,"35":0,"36":2,"37":2,"38":2,"39":0,"40":2,"41":2,"42":2,"43":2,"44":0,"45":0,"46":0,"47":2,"48":2,"49":0,"50":0,"51":2,"52":2,"53":2,"54":2,"55":2,"56":1,"57":1,"58":1,"59":1,"60":1,"61":1,"62":1,"63":1,"64":2,"65":2,"66":2,"67":2,"68":2,"69":0,"70":0,"71":2,"72":2,"73":1,"74":1,"75":1,"76":1,"77":1,"78":0,"79":1,"80":1,"81":1,"82":1,"83":0,"84":0,"85":0,"86":12,"87":12,"88":12,"89":12,"90":12,"91":37,"92":12,"93":37,"94":12,"95":12,"96":12,"97":13,"98":12,"99":12,"100":15,"101":15,"102":15,"103":15,"104":15,"105":75,"106":75,"107":75,"108":75,"109":75,"110":75,"111":75,"112":15,"113":5,"114":5,"115":5,"116":5,"117":5,"118":5,"119":5,"120":5,"121":5,"122":5,"123":5,"124":5,"125":5,"126":5,"127":5,"128":5,"129":5,"130":0,"131":0,"132":0,"133":0,"134":5,"135":5,"136":5,"137":1,"138":1,"139":4,"140":4,"141":5,"142":5,"143":0,"144":0,"145":0,"146":0,"147":0,"148":0,"149":0,"150":0,"151":0,"152":0,"153":0,"154":0,"155":0,"156":0,"157":0,"158":0,"159":1,"160":1,"161":7,"162":7,"163":5,"164":5,"165":0,"166":0,"167":7,"168":7,"169":2,"170":2,"171":1,"172":5,"173":1,"174":5,"175":2,"176":10,"177":2,"178":2,"179":2,"180":2,"181":2,"182":2,"183":10,"184":10,"185":10,"186":10,"187":10,"188":10,"189":10,"190":10,"191":0,"192":10,"193":10,"194":2,"195":7,"196":7,"197":7,"198":7,"199":7,"200":7,"201":7,"202":7,"203":7,"204":7,"205":7,"206":7,"207":7,"208":0,"209":0,"210":0,"211":0,"212":0,"213":2,"214":2,"215":2,"216":2,"217":10,"218":10,"219":0,"220":10,"221":10,"222":10,"223":10,"224":2,"225":4,"226":4,"227":1,"228":3,"229":4,"230":4,"231":1,"232":1,"233":1,"234":3,"235":5,"236":0,"237":5,"238":5,"239":5,"240":5,"241":5,"242":5,"243":0,"244":0,"245":0,"246":0,"247":0,"248":0,"249":0,"250":0,"251":0,"252":5,"253":5,"254":5,"255":5,"256":5,"257":5,"258":5,"259":5,"260":5,"261":0,"262":0,"263":0,"264":0,"265":0,"266":0,"267":10,"268":10,"269":2,"270":0,"271":2,"272":2,"273":5,"274":5,"275":5,"276":5,"277":5,"278":5,"279":5,"280":5,"281":5,"282":4,"283":1,"284":1,"285":1,"286":3,"287":3,"288":3,"289":3,"290":3,"291":3,"292":14,"293":14,"294":14,"295":14,"296":14,"297":14,"298":14,"299":14,"300":14,"301":14,"302":14,"303":14,"304":14,"305":14,"306":14,"307":14,"308":1,"309":4,"310":4,"311":4,"312":4,"313":4,"314":4,"315":4,"316":4,"317":4,"318":4,"319":4,"320":4,"321":4,"322":4,"323":1,"324":0,"325":0,"326":0,"327":1,"328":1,"329":1,"330":1,"331":1,"332":1,"333":10,"334":10,"335":10,"336":10,"337":10,"338":10,"339":10,"340":10,"341":10,"342":10,"343":10,"344":10,"345":10,"346":10,"347":0,"348":10,"349":0,"350":10,"351":0,"352":10,"353":10,"354":10,"355":10,"356":10,"357":10,"358":10,"359":10,"360":10,"361":10,"362":10,"363":10,"364":10,"365":3,"366":4,"367":4,"368":4,"369":4,"370":1,"371":1},"f":{"0":2,"1":1,"2":2,"3":1,"4":2,"5":2,"6":2,"7":1,"8":12,"9":37,"10":15,"11":5,"12":0,"13":1,"14":1,"15":7,"16":2,"17":5,"18":5,"19":10,"20":2,"21":7,"22":2,"23":4,"24":5,"25":10,"26":2,"27":5,"28":4},"b":{"0":[1,1],"1":[1,1],"2":[0,2],"3":[0,2],"4":[0,2],"5":[1,1],"6":[0,2],"7":[0,1],"8":[0,1],"9":[5,0],"10":[5,0],"11":[1,4],"12":[5,0],"13":[0,0],"14":[1,1],"15":[10,0],"16":[7,0],"17":[7,7,7,7],"18":[0,10],"19":[1,3],"20":[1,3],"21":[0,5],"22":[5,0],"23":[5,0],"24":[5,0],"25":[0,2],"26":[1,3],"27":[0,1],"28":[0,10],"29":[0,10],"30":[0,10],"31":[1,0],"32":[1,1]},"_coverageSchema":"1a1c01bbd47fc00a2c39e90264f33305004495a9","hash":"7d6d2f5ff1be568c666437a8767eb0373125c707"}
}
