{"C:\\Users\\I550880\\Documents\\5. Semester\\Numerik\\Numerikprojekt\\NumerischeIntegration\\script.js": {"path":"C:\\Users\\I550880\\Documents\\5. Semester\\Numerik\\Numerikprojekt\\NumerischeIntegration\\script.js","statementMap":{"0":{"start":{"line":4,"column":4},"end":{"line":4,"column":47}},"1":{"start":{"line":5,"column":20},"end":{"line":5,"column":38}},"2":{"start":{"line":6,"column":4},"end":{"line":14,"column":5}},"3":{"start":{"line":7,"column":8},"end":{"line":11,"column":9}},"4":{"start":{"line":8,"column":12},"end":{"line":8,"column":41}},"5":{"start":{"line":10,"column":12},"end":{"line":10,"column":58}},"6":{"start":{"line":13,"column":8},"end":{"line":13,"column":50}},"7":{"start":{"line":16,"column":0},"end":{"line":664,"column":3}},"8":{"start":{"line":17,"column":22},"end":{"line":17,"column":24}},"9":{"start":{"line":18,"column":17},"end":{"line":29,"column":1}},"10":{"start":{"line":30,"column":13},"end":{"line":30,"column":40}},"11":{"start":{"line":31,"column":4},"end":{"line":31,"column":33}},"12":{"start":{"line":32,"column":22},"end":{"line":32,"column":63}},"13":{"start":{"line":33,"column":4},"end":{"line":33,"column":38}},"14":{"start":{"line":35,"column":22},"end":{"line":35,"column":59}},"15":{"start":{"line":36,"column":20},"end":{"line":36,"column":59}},"16":{"start":{"line":37,"column":21},"end":{"line":37,"column":57}},"17":{"start":{"line":38,"column":15},"end":{"line":38,"column":51}},"18":{"start":{"line":39,"column":16},"end":{"line":39,"column":53}},"19":{"start":{"line":40,"column":28},"end":{"line":40,"column":65}},"20":{"start":{"line":41,"column":13},"end":{"line":41,"column":53}},"21":{"start":{"line":42,"column":15},"end":{"line":42,"column":19}},"22":{"start":{"line":43,"column":13},"end":{"line":43,"column":46}},"23":{"start":{"line":44,"column":14},"end":{"line":44,"column":48}},"24":{"start":{"line":45,"column":20},"end":{"line":45,"column":57}},"25":{"start":{"line":46,"column":25},"end":{"line":46,"column":74}},"26":{"start":{"line":48,"column":0},"end":{"line":50,"column":3}},"27":{"start":{"line":49,"column":4},"end":{"line":49,"column":22}},"28":{"start":{"line":52,"column":0},"end":{"line":54,"column":2}},"29":{"start":{"line":53,"column":4},"end":{"line":53,"column":22}},"30":{"start":{"line":56,"column":0},"end":{"line":58,"column":2}},"31":{"start":{"line":57,"column":4},"end":{"line":57,"column":30}},"32":{"start":{"line":60,"column":0},"end":{"line":62,"column":3}},"33":{"start":{"line":61,"column":4},"end":{"line":61,"column":23}},"34":{"start":{"line":65,"column":0},"end":{"line":67,"column":2}},"35":{"start":{"line":66,"column":4},"end":{"line":66,"column":25}},"36":{"start":{"line":69,"column":0},"end":{"line":71,"column":2}},"37":{"start":{"line":70,"column":4},"end":{"line":70,"column":26}},"38":{"start":{"line":73,"column":0},"end":{"line":75,"column":2}},"39":{"start":{"line":74,"column":4},"end":{"line":74,"column":21}},"40":{"start":{"line":76,"column":0},"end":{"line":78,"column":2}},"41":{"start":{"line":77,"column":4},"end":{"line":77,"column":22}},"42":{"start":{"line":80,"column":0},"end":{"line":107,"column":3}},"43":{"start":{"line":81,"column":4},"end":{"line":81,"column":25}},"44":{"start":{"line":82,"column":22},"end":{"line":82,"column":55}},"45":{"start":{"line":83,"column":4},"end":{"line":106,"column":5}},"46":{"start":{"line":84,"column":8},"end":{"line":84,"column":41}},"47":{"start":{"line":85,"column":8},"end":{"line":85,"column":41}},"48":{"start":{"line":87,"column":8},"end":{"line":87,"column":40}},"49":{"start":{"line":88,"column":8},"end":{"line":88,"column":42}},"50":{"start":{"line":89,"column":21},"end":{"line":89,"column":61}},"51":{"start":{"line":90,"column":20},"end":{"line":90,"column":40}},"52":{"start":{"line":92,"column":8},"end":{"line":103,"column":9}},"53":{"start":{"line":93,"column":12},"end":{"line":96,"column":13}},"54":{"start":{"line":94,"column":16},"end":{"line":94,"column":52}},"55":{"start":{"line":95,"column":16},"end":{"line":95,"column":22}},"56":{"start":{"line":97,"column":12},"end":{"line":97,"column":23}},"57":{"start":{"line":98,"column":12},"end":{"line":98,"column":33}},"58":{"start":{"line":99,"column":12},"end":{"line":99,"column":97}},"59":{"start":{"line":100,"column":12},"end":{"line":100,"column":30}},"60":{"start":{"line":101,"column":12},"end":{"line":101,"column":68}},"61":{"start":{"line":101,"column":41},"end":{"line":101,"column":66}},"62":{"start":{"line":102,"column":12},"end":{"line":102,"column":37}},"63":{"start":{"line":104,"column":8},"end":{"line":104,"column":41}},"64":{"start":{"line":105,"column":8},"end":{"line":105,"column":41}},"65":{"start":{"line":110,"column":4},"end":{"line":110,"column":20}},"66":{"start":{"line":111,"column":17},"end":{"line":111,"column":57}},"67":{"start":{"line":112,"column":16},"end":{"line":112,"column":42}},"68":{"start":{"line":113,"column":4},"end":{"line":113,"column":25}},"69":{"start":{"line":114,"column":4},"end":{"line":114,"column":89}},"70":{"start":{"line":115,"column":4},"end":{"line":115,"column":22}},"71":{"start":{"line":118,"column":0},"end":{"line":150,"column":2}},"72":{"start":{"line":119,"column":4},"end":{"line":122,"column":7}},"73":{"start":{"line":123,"column":4},"end":{"line":148,"column":5}},"74":{"start":{"line":124,"column":8},"end":{"line":124,"column":36}},"75":{"start":{"line":125,"column":8},"end":{"line":125,"column":51}},"76":{"start":{"line":126,"column":8},"end":{"line":126,"column":44}},"77":{"start":{"line":128,"column":35},"end":{"line":128,"column":78}},"78":{"start":{"line":129,"column":27},"end":{"line":129,"column":92}},"79":{"start":{"line":131,"column":30},"end":{"line":131,"column":99}},"80":{"start":{"line":133,"column":12},"end":{"line":139,"column":13}},"81":{"start":{"line":134,"column":16},"end":{"line":134,"column":52}},"82":{"start":{"line":135,"column":16},"end":{"line":135,"column":45}},"83":{"start":{"line":137,"column":16},"end":{"line":137,"column":52}},"84":{"start":{"line":138,"column":16},"end":{"line":138,"column":44}},"85":{"start":{"line":142,"column":8},"end":{"line":142,"column":67}},"86":{"start":{"line":144,"column":8},"end":{"line":144,"column":49}},"87":{"start":{"line":145,"column":8},"end":{"line":145,"column":44}},"88":{"start":{"line":146,"column":8},"end":{"line":146,"column":37}},"89":{"start":{"line":147,"column":8},"end":{"line":147,"column":62}},"90":{"start":{"line":153,"column":4},"end":{"line":166,"column":5}},"91":{"start":{"line":154,"column":26},"end":{"line":154,"column":43}},"92":{"start":{"line":155,"column":26},"end":{"line":155,"column":43}},"93":{"start":{"line":157,"column":30},"end":{"line":157,"column":67}},"94":{"start":{"line":158,"column":30},"end":{"line":158,"column":67}},"95":{"start":{"line":159,"column":6},"end":{"line":159,"column":34}},"96":{"start":{"line":160,"column":6},"end":{"line":160,"column":34}},"97":{"start":{"line":162,"column":6},"end":{"line":162,"column":49}},"98":{"start":{"line":164,"column":6},"end":{"line":164,"column":84}},"99":{"start":{"line":165,"column":6},"end":{"line":165,"column":19}},"100":{"start":{"line":171,"column":4},"end":{"line":173,"column":5}},"101":{"start":{"line":172,"column":8},"end":{"line":172,"column":33}},"102":{"start":{"line":174,"column":27},"end":{"line":174,"column":73}},"103":{"start":{"line":175,"column":4},"end":{"line":175,"column":58}},"104":{"start":{"line":176,"column":25},"end":{"line":176,"column":82}},"105":{"start":{"line":177,"column":24},"end":{"line":177,"column":80}},"106":{"start":{"line":178,"column":26},"end":{"line":178,"column":54}},"107":{"start":{"line":179,"column":19},"end":{"line":179,"column":87}},"108":{"start":{"line":180,"column":4},"end":{"line":180,"column":40}},"109":{"start":{"line":181,"column":24},"end":{"line":181,"column":70}},"110":{"start":{"line":182,"column":19},"end":{"line":182,"column":23}},"111":{"start":{"line":183,"column":24},"end":{"line":183,"column":66}},"112":{"start":{"line":185,"column":25},"end":{"line":185,"column":75}},"113":{"start":{"line":186,"column":24},"end":{"line":186,"column":54}},"114":{"start":{"line":188,"column":22},"end":{"line":188,"column":88}},"115":{"start":{"line":189,"column":4},"end":{"line":198,"column":5}},"116":{"start":{"line":190,"column":8},"end":{"line":190,"column":81}},"117":{"start":{"line":193,"column":20},"end":{"line":193,"column":63}},"118":{"start":{"line":194,"column":20},"end":{"line":194,"column":62}},"119":{"start":{"line":195,"column":8},"end":{"line":195,"column":29}},"120":{"start":{"line":196,"column":8},"end":{"line":196,"column":39}},"121":{"start":{"line":199,"column":16},"end":{"line":199,"column":29}},"122":{"start":{"line":200,"column":28},"end":{"line":200,"column":70}},"123":{"start":{"line":201,"column":4},"end":{"line":208,"column":5}},"124":{"start":{"line":202,"column":21},"end":{"line":202,"column":84}},"125":{"start":{"line":203,"column":8},"end":{"line":203,"column":29}},"126":{"start":{"line":205,"column":8},"end":{"line":205,"column":47}},"127":{"start":{"line":206,"column":21},"end":{"line":206,"column":85}},"128":{"start":{"line":207,"column":8},"end":{"line":207,"column":30}},"129":{"start":{"line":210,"column":4},"end":{"line":318,"column":5}},"130":{"start":{"line":211,"column":8},"end":{"line":217,"column":9}},"131":{"start":{"line":219,"column":27},"end":{"line":219,"column":54}},"132":{"start":{"line":220,"column":8},"end":{"line":235,"column":1}},"133":{"start":{"line":237,"column":27},"end":{"line":237,"column":114}},"134":{"start":{"line":239,"column":8},"end":{"line":239,"column":41}},"135":{"start":{"line":240,"column":8},"end":{"line":240,"column":106}},"136":{"start":{"line":241,"column":20},"end":{"line":241,"column":22}},"137":{"start":{"line":242,"column":8},"end":{"line":246,"column":9}},"138":{"start":{"line":243,"column":12},"end":{"line":243,"column":29}},"139":{"start":{"line":245,"column":12},"end":{"line":245,"column":30}},"140":{"start":{"line":247,"column":22},"end":{"line":253,"column":9}},"141":{"start":{"line":248,"column":52},"end":{"line":248,"column":57}},"142":{"start":{"line":255,"column":23},"end":{"line":264,"column":9}},"143":{"start":{"line":266,"column":27},"end":{"line":272,"column":9}},"144":{"start":{"line":274,"column":23},"end":{"line":313,"column":9}},"145":{"start":{"line":294,"column":20},"end":{"line":300,"column":23}},"146":{"start":{"line":307,"column":20},"end":{"line":310,"column":23}},"147":{"start":{"line":315,"column":8},"end":{"line":315,"column":72}},"148":{"start":{"line":317,"column":8},"end":{"line":317,"column":69}},"149":{"start":{"line":324,"column":4},"end":{"line":324,"column":25}},"150":{"start":{"line":326,"column":14},"end":{"line":326,"column":25}},"151":{"start":{"line":328,"column":14},"end":{"line":328,"column":16}},"152":{"start":{"line":329,"column":4},"end":{"line":331,"column":5}},"153":{"start":{"line":329,"column":17},"end":{"line":329,"column":18}},"154":{"start":{"line":330,"column":8},"end":{"line":330,"column":26}},"155":{"start":{"line":333,"column":14},"end":{"line":333,"column":52}},"156":{"start":{"line":333,"column":28},"end":{"line":333,"column":51}},"157":{"start":{"line":335,"column":12},"end":{"line":335,"column":35}},"158":{"start":{"line":336,"column":4},"end":{"line":338,"column":5}},"159":{"start":{"line":336,"column":17},"end":{"line":336,"column":18}},"160":{"start":{"line":337,"column":8},"end":{"line":337,"column":18}},"161":{"start":{"line":339,"column":4},"end":{"line":339,"column":11}},"162":{"start":{"line":341,"column":4},"end":{"line":341,"column":13}},"163":{"start":{"line":346,"column":12},"end":{"line":346,"column":30}},"164":{"start":{"line":348,"column":12},"end":{"line":348,"column":23}},"165":{"start":{"line":350,"column":12},"end":{"line":350,"column":13}},"166":{"start":{"line":352,"column":4},"end":{"line":362,"column":5}},"167":{"start":{"line":352,"column":17},"end":{"line":352,"column":18}},"168":{"start":{"line":353,"column":17},"end":{"line":353,"column":26}},"169":{"start":{"line":354,"column":17},"end":{"line":354,"column":23}},"170":{"start":{"line":355,"column":17},"end":{"line":355,"column":30}},"171":{"start":{"line":357,"column":17},"end":{"line":357,"column":38}},"172":{"start":{"line":358,"column":17},"end":{"line":358,"column":38}},"173":{"start":{"line":359,"column":17},"end":{"line":359,"column":38}},"174":{"start":{"line":361,"column":8},"end":{"line":361,"column":42}},"175":{"start":{"line":364,"column":4},"end":{"line":364,"column":13}},"176":{"start":{"line":369,"column":17},"end":{"line":369,"column":19}},"177":{"start":{"line":370,"column":4},"end":{"line":374,"column":5}},"178":{"start":{"line":371,"column":8},"end":{"line":371,"column":71}},"179":{"start":{"line":371,"column":48},"end":{"line":371,"column":69}},"180":{"start":{"line":373,"column":8},"end":{"line":373,"column":72}},"181":{"start":{"line":373,"column":48},"end":{"line":373,"column":70}},"182":{"start":{"line":376,"column":17},"end":{"line":376,"column":55}},"183":{"start":{"line":376,"column":41},"end":{"line":376,"column":54}},"184":{"start":{"line":378,"column":16},"end":{"line":378,"column":81}},"185":{"start":{"line":379,"column":4},"end":{"line":400,"column":7}},"186":{"start":{"line":404,"column":28},"end":{"line":404,"column":30}},"187":{"start":{"line":405,"column":25},"end":{"line":405,"column":27}},"188":{"start":{"line":407,"column":4},"end":{"line":424,"column":5}},"189":{"start":{"line":407,"column":17},"end":{"line":407,"column":18}},"190":{"start":{"line":408,"column":19},"end":{"line":408,"column":38}},"191":{"start":{"line":409,"column":19},"end":{"line":409,"column":44}},"192":{"start":{"line":411,"column":19},"end":{"line":411,"column":52}},"193":{"start":{"line":412,"column":19},"end":{"line":412,"column":52}},"194":{"start":{"line":413,"column":26},"end":{"line":413,"column":33}},"195":{"start":{"line":414,"column":8},"end":{"line":414,"column":42}},"196":{"start":{"line":415,"column":24},"end":{"line":415,"column":25}},"197":{"start":{"line":416,"column":8},"end":{"line":420,"column":9}},"198":{"start":{"line":417,"column":12},"end":{"line":417,"column":53}},"199":{"start":{"line":419,"column":12},"end":{"line":419,"column":54}},"200":{"start":{"line":421,"column":8},"end":{"line":421,"column":45}},"201":{"start":{"line":422,"column":8},"end":{"line":422,"column":40}},"202":{"start":{"line":423,"column":8},"end":{"line":423,"column":59}},"203":{"start":{"line":425,"column":4},"end":{"line":425,"column":48}},"204":{"start":{"line":426,"column":4},"end":{"line":426,"column":24}},"205":{"start":{"line":430,"column":21},"end":{"line":430,"column":62}},"206":{"start":{"line":431,"column":25},"end":{"line":431,"column":70}},"207":{"start":{"line":432,"column":24},"end":{"line":432,"column":68}},"208":{"start":{"line":433,"column":20},"end":{"line":433,"column":59}},"209":{"start":{"line":434,"column":21},"end":{"line":434,"column":57}},"210":{"start":{"line":435,"column":17},"end":{"line":435,"column":54}},"211":{"start":{"line":437,"column":4},"end":{"line":449,"column":5}},"212":{"start":{"line":438,"column":8},"end":{"line":438,"column":47}},"213":{"start":{"line":439,"column":8},"end":{"line":439,"column":30}},"214":{"start":{"line":440,"column":8},"end":{"line":440,"column":33}},"215":{"start":{"line":441,"column":8},"end":{"line":441,"column":34}},"216":{"start":{"line":442,"column":8},"end":{"line":442,"column":20}},"217":{"start":{"line":444,"column":8},"end":{"line":444,"column":46}},"218":{"start":{"line":445,"column":8},"end":{"line":445,"column":29}},"219":{"start":{"line":446,"column":8},"end":{"line":446,"column":32}},"220":{"start":{"line":447,"column":8},"end":{"line":447,"column":33}},"221":{"start":{"line":448,"column":8},"end":{"line":448,"column":21}},"222":{"start":{"line":451,"column":0},"end":{"line":451,"column":75}},"223":{"start":{"line":452,"column":0},"end":{"line":452,"column":79}},"224":{"start":{"line":453,"column":0},"end":{"line":453,"column":78}},"225":{"start":{"line":456,"column":26},"end":{"line":456,"column":54}},"226":{"start":{"line":457,"column":24},"end":{"line":457,"column":26}},"227":{"start":{"line":459,"column":4},"end":{"line":469,"column":5}},"228":{"start":{"line":459,"column":17},"end":{"line":459,"column":18}},"229":{"start":{"line":460,"column":29},"end":{"line":460,"column":30}},"230":{"start":{"line":461,"column":8},"end":{"line":465,"column":9}},"231":{"start":{"line":462,"column":12},"end":{"line":462,"column":56}},"232":{"start":{"line":464,"column":12},"end":{"line":464,"column":57}},"233":{"start":{"line":466,"column":29},"end":{"line":466,"column":96}},"234":{"start":{"line":467,"column":23},"end":{"line":467,"column":62}},"235":{"start":{"line":468,"column":8},"end":{"line":468,"column":33}},"236":{"start":{"line":471,"column":4},"end":{"line":471,"column":23}},"237":{"start":{"line":475,"column":4},"end":{"line":475,"column":20}},"238":{"start":{"line":476,"column":4},"end":{"line":481,"column":5}},"239":{"start":{"line":477,"column":8},"end":{"line":477,"column":86}},"240":{"start":{"line":480,"column":8},"end":{"line":480,"column":87}},"241":{"start":{"line":482,"column":21},"end":{"line":482,"column":56}},"242":{"start":{"line":483,"column":4},"end":{"line":490,"column":5}},"243":{"start":{"line":484,"column":23},"end":{"line":484,"column":40}},"244":{"start":{"line":485,"column":23},"end":{"line":485,"column":48}},"245":{"start":{"line":487,"column":8},"end":{"line":487,"column":66}},"246":{"start":{"line":489,"column":8},"end":{"line":489,"column":15}},"247":{"start":{"line":494,"column":4},"end":{"line":520,"column":5}},"248":{"start":{"line":495,"column":8},"end":{"line":495,"column":114}},"249":{"start":{"line":496,"column":8},"end":{"line":496,"column":25}},"250":{"start":{"line":497,"column":8},"end":{"line":509,"column":9}},"251":{"start":{"line":498,"column":12},"end":{"line":498,"column":29}},"252":{"start":{"line":500,"column":30},"end":{"line":500,"column":71}},"253":{"start":{"line":501,"column":12},"end":{"line":501,"column":46}},"254":{"start":{"line":502,"column":37},"end":{"line":502,"column":111}},"255":{"start":{"line":503,"column":12},"end":{"line":503,"column":66}},"256":{"start":{"line":504,"column":27},"end":{"line":504,"column":64}},"257":{"start":{"line":505,"column":12},"end":{"line":505,"column":37}},"258":{"start":{"line":506,"column":12},"end":{"line":506,"column":43}},"259":{"start":{"line":507,"column":12},"end":{"line":507,"column":75}},"260":{"start":{"line":508,"column":12},"end":{"line":508,"column":85}},"261":{"start":{"line":510,"column":32},"end":{"line":510,"column":89}},"262":{"start":{"line":511,"column":27},"end":{"line":511,"column":90}},"263":{"start":{"line":512,"column":8},"end":{"line":518,"column":9}},"264":{"start":{"line":513,"column":12},"end":{"line":513,"column":132}},"265":{"start":{"line":516,"column":12},"end":{"line":516,"column":131}},"266":{"start":{"line":525,"column":4},"end":{"line":531,"column":5}},"267":{"start":{"line":526,"column":8},"end":{"line":526,"column":29}},"268":{"start":{"line":527,"column":8},"end":{"line":527,"column":32}},"269":{"start":{"line":529,"column":8},"end":{"line":529,"column":30}},"270":{"start":{"line":530,"column":8},"end":{"line":530,"column":33}},"271":{"start":{"line":534,"column":4},"end":{"line":534,"column":21}},"272":{"start":{"line":535,"column":19},"end":{"line":535,"column":67}},"273":{"start":{"line":536,"column":23},"end":{"line":536,"column":75}},"274":{"start":{"line":537,"column":4},"end":{"line":537,"column":40}},"275":{"start":{"line":538,"column":22},"end":{"line":538,"column":73}},"276":{"start":{"line":539,"column":4},"end":{"line":539,"column":38}},"277":{"start":{"line":540,"column":24},"end":{"line":540,"column":70}},"278":{"start":{"line":541,"column":4},"end":{"line":578,"column":5}},"279":{"start":{"line":542,"column":22},"end":{"line":542,"column":72}},"280":{"start":{"line":543,"column":8},"end":{"line":547,"column":9}},"281":{"start":{"line":544,"column":12},"end":{"line":544,"column":72}},"282":{"start":{"line":545,"column":12},"end":{"line":545,"column":75}},"283":{"start":{"line":546,"column":12},"end":{"line":546,"column":19}},"284":{"start":{"line":548,"column":8},"end":{"line":548,"column":48}},"285":{"start":{"line":549,"column":28},"end":{"line":549,"column":70}},"286":{"start":{"line":550,"column":8},"end":{"line":550,"column":51}},"287":{"start":{"line":551,"column":8},"end":{"line":551,"column":62}},"288":{"start":{"line":552,"column":8},"end":{"line":575,"column":9}},"289":{"start":{"line":552,"column":21},"end":{"line":552,"column":22}},"290":{"start":{"line":553,"column":20},"end":{"line":553,"column":47}},"291":{"start":{"line":555,"column":20},"end":{"line":555,"column":51}},"292":{"start":{"line":557,"column":21},"end":{"line":557,"column":55}},"293":{"start":{"line":558,"column":21},"end":{"line":558,"column":55}},"294":{"start":{"line":561,"column":12},"end":{"line":561,"column":88}},"295":{"start":{"line":562,"column":12},"end":{"line":562,"column":88}},"296":{"start":{"line":563,"column":12},"end":{"line":563,"column":83}},"297":{"start":{"line":564,"column":12},"end":{"line":564,"column":91}},"298":{"start":{"line":566,"column":12},"end":{"line":566,"column":50}},"299":{"start":{"line":567,"column":12},"end":{"line":567,"column":50}},"300":{"start":{"line":568,"column":12},"end":{"line":568,"column":50}},"301":{"start":{"line":569,"column":12},"end":{"line":569,"column":50}},"302":{"start":{"line":570,"column":12},"end":{"line":570,"column":50}},"303":{"start":{"line":571,"column":12},"end":{"line":571,"column":50}},"304":{"start":{"line":572,"column":12},"end":{"line":572,"column":50}},"305":{"start":{"line":573,"column":12},"end":{"line":573,"column":50}},"306":{"start":{"line":577,"column":8},"end":{"line":577,"column":68}},"307":{"start":{"line":579,"column":4},"end":{"line":579,"column":66}},"308":{"start":{"line":580,"column":4},"end":{"line":580,"column":69}},"309":{"start":{"line":581,"column":22},"end":{"line":581,"column":63}},"310":{"start":{"line":582,"column":4},"end":{"line":582,"column":40}},"311":{"start":{"line":583,"column":4},"end":{"line":583,"column":81}},"312":{"start":{"line":587,"column":4},"end":{"line":587,"column":21}},"313":{"start":{"line":588,"column":19},"end":{"line":588,"column":67}},"314":{"start":{"line":589,"column":23},"end":{"line":589,"column":75}},"315":{"start":{"line":590,"column":4},"end":{"line":590,"column":40}},"316":{"start":{"line":591,"column":22},"end":{"line":591,"column":73}},"317":{"start":{"line":592,"column":4},"end":{"line":592,"column":38}},"318":{"start":{"line":593,"column":24},"end":{"line":593,"column":70}},"319":{"start":{"line":594,"column":4},"end":{"line":657,"column":5}},"320":{"start":{"line":595,"column":22},"end":{"line":595,"column":72}},"321":{"start":{"line":596,"column":8},"end":{"line":600,"column":9}},"322":{"start":{"line":597,"column":12},"end":{"line":597,"column":72}},"323":{"start":{"line":598,"column":12},"end":{"line":598,"column":75}},"324":{"start":{"line":599,"column":12},"end":{"line":599,"column":19}},"325":{"start":{"line":601,"column":8},"end":{"line":601,"column":48}},"326":{"start":{"line":602,"column":28},"end":{"line":602,"column":70}},"327":{"start":{"line":603,"column":8},"end":{"line":603,"column":51}},"328":{"start":{"line":604,"column":8},"end":{"line":604,"column":62}},"329":{"start":{"line":605,"column":8},"end":{"line":654,"column":9}},"330":{"start":{"line":605,"column":21},"end":{"line":605,"column":22}},"331":{"start":{"line":606,"column":20},"end":{"line":606,"column":47}},"332":{"start":{"line":608,"column":20},"end":{"line":608,"column":51}},"333":{"start":{"line":609,"column":20},"end":{"line":609,"column":31}},"334":{"start":{"line":612,"column":21},"end":{"line":612,"column":55}},"335":{"start":{"line":613,"column":21},"end":{"line":613,"column":55}},"336":{"start":{"line":614,"column":21},"end":{"line":614,"column":55}},"337":{"start":{"line":617,"column":25},"end":{"line":621,"column":13}},"338":{"start":{"line":623,"column":25},"end":{"line":623,"column":37}},"339":{"start":{"line":626,"column":28},"end":{"line":626,"column":44}},"340":{"start":{"line":627,"column":25},"end":{"line":627,"column":57}},"341":{"start":{"line":628,"column":20},"end":{"line":628,"column":29}},"342":{"start":{"line":629,"column":20},"end":{"line":629,"column":29}},"343":{"start":{"line":630,"column":20},"end":{"line":630,"column":29}},"344":{"start":{"line":634,"column":33},"end":{"line":634,"column":88}},"345":{"start":{"line":635,"column":28},"end":{"line":635,"column":72}},"346":{"start":{"line":637,"column":12},"end":{"line":637,"column":37}},"347":{"start":{"line":638,"column":12},"end":{"line":638,"column":88}},"348":{"start":{"line":639,"column":12},"end":{"line":639,"column":88}},"349":{"start":{"line":640,"column":12},"end":{"line":640,"column":83}},"350":{"start":{"line":642,"column":12},"end":{"line":642,"column":52}},"351":{"start":{"line":643,"column":12},"end":{"line":643,"column":50}},"352":{"start":{"line":644,"column":12},"end":{"line":644,"column":50}},"353":{"start":{"line":645,"column":12},"end":{"line":645,"column":50}},"354":{"start":{"line":646,"column":12},"end":{"line":646,"column":52}},"355":{"start":{"line":647,"column":12},"end":{"line":647,"column":50}},"356":{"start":{"line":648,"column":12},"end":{"line":648,"column":50}},"357":{"start":{"line":649,"column":12},"end":{"line":649,"column":50}},"358":{"start":{"line":656,"column":8},"end":{"line":656,"column":68}},"359":{"start":{"line":658,"column":4},"end":{"line":658,"column":66}},"360":{"start":{"line":659,"column":4},"end":{"line":659,"column":69}},"361":{"start":{"line":660,"column":22},"end":{"line":660,"column":63}},"362":{"start":{"line":661,"column":4},"end":{"line":661,"column":40}},"363":{"start":{"line":667,"column":0},"end":{"line":669,"column":2}}},"fnMap":{"0":{"name":"ggbOnInit","decl":{"start":{"line":3,"column":9},"end":{"line":3,"column":18}},"loc":{"start":{"line":3,"column":21},"end":{"line":15,"column":1}},"line":3},"1":{"name":"(anonymous_1)","decl":{"start":{"line":16,"column":46},"end":{"line":16,"column":47}},"loc":{"start":{"line":16,"column":58},"end":{"line":664,"column":1}},"line":16},"2":{"name":"(anonymous_2)","decl":{"start":{"line":48,"column":48},"end":{"line":48,"column":49}},"loc":{"start":{"line":48,"column":58},"end":{"line":50,"column":1}},"line":48},"3":{"name":"(anonymous_3)","decl":{"start":{"line":52,"column":34},"end":{"line":52,"column":35}},"loc":{"start":{"line":52,"column":44},"end":{"line":54,"column":1}},"line":52},"4":{"name":"(anonymous_4)","decl":{"start":{"line":56,"column":33},"end":{"line":56,"column":34}},"loc":{"start":{"line":56,"column":43},"end":{"line":58,"column":1}},"line":56},"5":{"name":"(anonymous_5)","decl":{"start":{"line":60,"column":38},"end":{"line":60,"column":39}},"loc":{"start":{"line":60,"column":48},"end":{"line":62,"column":1}},"line":60},"6":{"name":"(anonymous_6)","decl":{"start":{"line":65,"column":34},"end":{"line":65,"column":35}},"loc":{"start":{"line":65,"column":44},"end":{"line":67,"column":1}},"line":65},"7":{"name":"(anonymous_7)","decl":{"start":{"line":69,"column":35},"end":{"line":69,"column":36}},"loc":{"start":{"line":69,"column":45},"end":{"line":71,"column":1}},"line":69},"8":{"name":"(anonymous_8)","decl":{"start":{"line":73,"column":40},"end":{"line":73,"column":41}},"loc":{"start":{"line":73,"column":51},"end":{"line":75,"column":1}},"line":73},"9":{"name":"(anonymous_9)","decl":{"start":{"line":76,"column":41},"end":{"line":76,"column":42}},"loc":{"start":{"line":76,"column":52},"end":{"line":78,"column":1}},"line":76},"10":{"name":"(anonymous_10)","decl":{"start":{"line":80,"column":42},"end":{"line":80,"column":43}},"loc":{"start":{"line":80,"column":54},"end":{"line":107,"column":1}},"line":80},"11":{"name":"(anonymous_11)","decl":{"start":{"line":101,"column":30},"end":{"line":101,"column":31}},"loc":{"start":{"line":101,"column":41},"end":{"line":101,"column":66}},"line":101},"12":{"name":"stepwiseChange","decl":{"start":{"line":109,"column":9},"end":{"line":109,"column":23}},"loc":{"start":{"line":109,"column":30},"end":{"line":116,"column":1}},"line":109},"13":{"name":"(anonymous_13)","decl":{"start":{"line":118,"column":41},"end":{"line":118,"column":42}},"loc":{"start":{"line":118,"column":53},"end":{"line":150,"column":1}},"line":118},"14":{"name":"validateInputs","decl":{"start":{"line":127,"column":17},"end":{"line":127,"column":31}},"loc":{"start":{"line":127,"column":34},"end":{"line":140,"column":9}},"line":127},"15":{"name":"areFunctionsEquivalent","decl":{"start":{"line":152,"column":9},"end":{"line":152,"column":31}},"loc":{"start":{"line":152,"column":46},"end":{"line":167,"column":3}},"line":152},"16":{"name":"berechneIntegral","decl":{"start":{"line":170,"column":9},"end":{"line":170,"column":25}},"loc":{"start":{"line":170,"column":28},"end":{"line":320,"column":1}},"line":170},"17":{"name":"(anonymous_17)","decl":{"start":{"line":248,"column":42},"end":{"line":248,"column":43}},"loc":{"start":{"line":248,"column":52},"end":{"line":248,"column":57}},"line":248},"18":{"name":"(anonymous_18)","decl":{"start":{"line":293,"column":23},"end":{"line":293,"column":24}},"loc":{"start":{"line":293,"column":37},"end":{"line":301,"column":17}},"line":293},"19":{"name":"(anonymous_19)","decl":{"start":{"line":306,"column":23},"end":{"line":306,"column":24}},"loc":{"start":{"line":306,"column":37},"end":{"line":311,"column":17}},"line":306},"20":{"name":"trapezRegel","decl":{"start":{"line":322,"column":9},"end":{"line":322,"column":20}},"loc":{"start":{"line":322,"column":36},"end":{"line":342,"column":1}},"line":322},"21":{"name":"(anonymous_21)","decl":{"start":{"line":333,"column":20},"end":{"line":333,"column":21}},"loc":{"start":{"line":333,"column":28},"end":{"line":333,"column":51}},"line":333},"22":{"name":"simpsonRegel","decl":{"start":{"line":344,"column":9},"end":{"line":344,"column":21}},"loc":{"start":{"line":344,"column":37},"end":{"line":365,"column":1}},"line":344},"23":{"name":"erstelleHistogramm","decl":{"start":{"line":368,"column":9},"end":{"line":368,"column":27}},"loc":{"start":{"line":368,"column":42},"end":{"line":401,"column":1}},"line":368},"24":{"name":"(anonymous_24)","decl":{"start":{"line":371,"column":34},"end":{"line":371,"column":35}},"loc":{"start":{"line":371,"column":48},"end":{"line":371,"column":69}},"line":371},"25":{"name":"(anonymous_25)","decl":{"start":{"line":373,"column":34},"end":{"line":373,"column":35}},"loc":{"start":{"line":373,"column":48},"end":{"line":373,"column":70}},"line":373},"26":{"name":"(anonymous_26)","decl":{"start":{"line":376,"column":34},"end":{"line":376,"column":35}},"loc":{"start":{"line":376,"column":41},"end":{"line":376,"column":54}},"line":376},"27":{"name":"berechneAbweichungen","decl":{"start":{"line":403,"column":9},"end":{"line":403,"column":29}},"loc":{"start":{"line":403,"column":60},"end":{"line":427,"column":1}},"line":403},"28":{"name":"checkInputs","decl":{"start":{"line":429,"column":9},"end":{"line":429,"column":20}},"loc":{"start":{"line":429,"column":23},"end":{"line":450,"column":1}},"line":429},"29":{"name":"berechneFehlerFürTrapeze","decl":{"start":{"line":455,"column":9},"end":{"line":455,"column":33}},"loc":{"start":{"line":455,"column":76},"end":{"line":472,"column":1}},"line":455},"30":{"name":"bewegePunkt","decl":{"start":{"line":474,"column":9},"end":{"line":474,"column":20}},"loc":{"start":{"line":474,"column":28},"end":{"line":491,"column":1}},"line":474},"31":{"name":"updateHeader","decl":{"start":{"line":493,"column":9},"end":{"line":493,"column":21}},"loc":{"start":{"line":493,"column":29},"end":{"line":521,"column":1}},"line":493},"32":{"name":"zeichneFunktion","decl":{"start":{"line":524,"column":9},"end":{"line":524,"column":24}},"loc":{"start":{"line":524,"column":27},"end":{"line":532,"column":1}},"line":524},"33":{"name":"zeichneFunktionTrapez","decl":{"start":{"line":533,"column":9},"end":{"line":533,"column":30}},"loc":{"start":{"line":533,"column":33},"end":{"line":584,"column":1}},"line":533},"34":{"name":"zeichneFunktionSimpson","decl":{"start":{"line":586,"column":9},"end":{"line":586,"column":31}},"loc":{"start":{"line":586,"column":34},"end":{"line":662,"column":1}},"line":586}},"branchMap":{"0":{"loc":{"start":{"line":6,"column":4},"end":{"line":14,"column":5}},"type":"if","locations":[{"start":{"line":6,"column":4},"end":{"line":14,"column":5}},{"start":{"line":12,"column":11},"end":{"line":14,"column":5}}],"line":6},"1":{"loc":{"start":{"line":83,"column":4},"end":{"line":106,"column":5}},"type":"if","locations":[{"start":{"line":83,"column":4},"end":{"line":106,"column":5}},{"start":{"line":86,"column":11},"end":{"line":106,"column":5}}],"line":83},"2":{"loc":{"start":{"line":93,"column":12},"end":{"line":96,"column":13}},"type":"if","locations":[{"start":{"line":93,"column":12},"end":{"line":96,"column":13}},{"start":{},"end":{}}],"line":93},"3":{"loc":{"start":{"line":123,"column":4},"end":{"line":148,"column":5}},"type":"if","locations":[{"start":{"line":123,"column":4},"end":{"line":148,"column":5}},{"start":{"line":143,"column":11},"end":{"line":148,"column":5}}],"line":123},"4":{"loc":{"start":{"line":133,"column":12},"end":{"line":139,"column":13}},"type":"if","locations":[{"start":{"line":133,"column":12},"end":{"line":139,"column":13}},{"start":{"line":136,"column":19},"end":{"line":139,"column":13}}],"line":133},"5":{"loc":{"start":{"line":171,"column":4},"end":{"line":173,"column":5}},"type":"if","locations":[{"start":{"line":171,"column":4},"end":{"line":173,"column":5}},{"start":{},"end":{}}],"line":171},"6":{"loc":{"start":{"line":189,"column":4},"end":{"line":198,"column":5}},"type":"if","locations":[{"start":{"line":189,"column":4},"end":{"line":198,"column":5}},{"start":{"line":192,"column":9},"end":{"line":198,"column":5}}],"line":189},"7":{"loc":{"start":{"line":201,"column":4},"end":{"line":208,"column":5}},"type":"if","locations":[{"start":{"line":201,"column":4},"end":{"line":208,"column":5}},{"start":{"line":204,"column":11},"end":{"line":208,"column":5}}],"line":201},"8":{"loc":{"start":{"line":210,"column":4},"end":{"line":318,"column":5}},"type":"if","locations":[{"start":{"line":210,"column":4},"end":{"line":318,"column":5}},{"start":{"line":218,"column":11},"end":{"line":318,"column":5}}],"line":210},"9":{"loc":{"start":{"line":242,"column":8},"end":{"line":246,"column":9}},"type":"if","locations":[{"start":{"line":242,"column":8},"end":{"line":246,"column":9}},{"start":{"line":244,"column":15},"end":{"line":246,"column":9}}],"line":242},"10":{"loc":{"start":{"line":370,"column":4},"end":{"line":374,"column":5}},"type":"if","locations":[{"start":{"line":370,"column":4},"end":{"line":374,"column":5}},{"start":{"line":372,"column":11},"end":{"line":374,"column":5}}],"line":370},"11":{"loc":{"start":{"line":416,"column":8},"end":{"line":420,"column":9}},"type":"if","locations":[{"start":{"line":416,"column":8},"end":{"line":420,"column":9}},{"start":{"line":418,"column":15},"end":{"line":420,"column":9}}],"line":416},"12":{"loc":{"start":{"line":437,"column":4},"end":{"line":449,"column":5}},"type":"if","locations":[{"start":{"line":437,"column":4},"end":{"line":449,"column":5}},{"start":{"line":443,"column":11},"end":{"line":449,"column":5}}],"line":437},"13":{"loc":{"start":{"line":437,"column":8},"end":{"line":437,"column":47}},"type":"binary-expr","locations":[{"start":{"line":437,"column":8},"end":{"line":437,"column":16}},{"start":{"line":437,"column":20},"end":{"line":437,"column":32}},{"start":{"line":437,"column":36},"end":{"line":437,"column":47}}],"line":437},"14":{"loc":{"start":{"line":461,"column":8},"end":{"line":465,"column":9}},"type":"if","locations":[{"start":{"line":461,"column":8},"end":{"line":465,"column":9}},{"start":{"line":463,"column":15},"end":{"line":465,"column":9}}],"line":461},"15":{"loc":{"start":{"line":476,"column":4},"end":{"line":481,"column":5}},"type":"if","locations":[{"start":{"line":476,"column":4},"end":{"line":481,"column":5}},{"start":{"line":479,"column":11},"end":{"line":481,"column":5}}],"line":476},"16":{"loc":{"start":{"line":483,"column":4},"end":{"line":490,"column":5}},"type":"if","locations":[{"start":{"line":483,"column":4},"end":{"line":490,"column":5}},{"start":{"line":488,"column":11},"end":{"line":490,"column":5}}],"line":483},"17":{"loc":{"start":{"line":494,"column":4},"end":{"line":520,"column":5}},"type":"if","locations":[{"start":{"line":494,"column":4},"end":{"line":520,"column":5}},{"start":{},"end":{}}],"line":494},"18":{"loc":{"start":{"line":497,"column":8},"end":{"line":509,"column":9}},"type":"if","locations":[{"start":{"line":497,"column":8},"end":{"line":509,"column":9}},{"start":{"line":499,"column":15},"end":{"line":509,"column":9}}],"line":497},"19":{"loc":{"start":{"line":512,"column":8},"end":{"line":518,"column":9}},"type":"if","locations":[{"start":{"line":512,"column":8},"end":{"line":518,"column":9}},{"start":{"line":515,"column":15},"end":{"line":518,"column":9}}],"line":512},"20":{"loc":{"start":{"line":525,"column":4},"end":{"line":531,"column":5}},"type":"if","locations":[{"start":{"line":525,"column":4},"end":{"line":531,"column":5}},{"start":{"line":528,"column":11},"end":{"line":531,"column":5}}],"line":525},"21":{"loc":{"start":{"line":543,"column":8},"end":{"line":547,"column":9}},"type":"if","locations":[{"start":{"line":543,"column":8},"end":{"line":547,"column":9}},{"start":{},"end":{}}],"line":543},"22":{"loc":{"start":{"line":596,"column":8},"end":{"line":600,"column":9}},"type":"if","locations":[{"start":{"line":596,"column":8},"end":{"line":600,"column":9}},{"start":{},"end":{}}],"line":596}},"s":{"0":2,"1":2,"2":2,"3":1,"4":1,"5":0,"6":1,"7":1,"8":0,"9":0,"10":0,"11":0,"12":0,"13":0,"14":0,"15":0,"16":0,"17":0,"18":0,"19":0,"20":0,"21":0,"22":0,"23":0,"24":0,"25":0,"26":0,"27":0,"28":0,"29":0,"30":0,"31":0,"32":0,"33":0,"34":0,"35":0,"36":0,"37":0,"38":0,"39":0,"40":0,"41":0,"42":0,"43":0,"44":0,"45":0,"46":0,"47":0,"48":0,"49":0,"50":0,"51":0,"52":0,"53":0,"54":0,"55":0,"56":0,"57":0,"58":0,"59":0,"60":0,"61":0,"62":0,"63":0,"64":0,"65":0,"66":0,"67":0,"68":0,"69":0,"70":0,"71":0,"72":0,"73":0,"74":0,"75":0,"76":0,"77":0,"78":0,"79":0,"80":0,"81":0,"82":0,"83":0,"84":0,"85":0,"86":0,"87":0,"88":0,"89":0,"90":0,"91":0,"92":0,"93":0,"94":0,"95":0,"96":0,"97":0,"98":0,"99":0,"100":0,"101":0,"102":0,"103":0,"104":0,"105":0,"106":0,"107":0,"108":0,"109":0,"110":0,"111":0,"112":0,"113":0,"114":0,"115":0,"116":0,"117":0,"118":0,"119":0,"120":0,"121":0,"122":0,"123":0,"124":0,"125":0,"126":0,"127":0,"128":0,"129":0,"130":0,"131":0,"132":0,"133":0,"134":0,"135":0,"136":0,"137":0,"138":0,"139":0,"140":0,"141":0,"142":0,"143":0,"144":0,"145":0,"146":0,"147":0,"148":0,"149":0,"150":0,"151":0,"152":0,"153":0,"154":0,"155":0,"156":0,"157":0,"158":0,"159":0,"160":0,"161":0,"162":0,"163":0,"164":0,"165":0,"166":0,"167":0,"168":0,"169":0,"170":0,"171":0,"172":0,"173":0,"174":0,"175":0,"176":0,"177":0,"178":0,"179":0,"180":0,"181":0,"182":0,"183":0,"184":0,"185":0,"186":0,"187":0,"188":0,"189":0,"190":0,"191":0,"192":0,"193":0,"194":0,"195":0,"196":0,"197":0,"198":0,"199":0,"200":0,"201":0,"202":0,"203":0,"204":0,"205":0,"206":0,"207":0,"208":0,"209":0,"210":0,"211":0,"212":0,"213":0,"214":0,"215":0,"216":0,"217":0,"218":0,"219":0,"220":0,"221":0,"222":0,"223":0,"224":0,"225":0,"226":0,"227":0,"228":0,"229":0,"230":0,"231":0,"232":0,"233":0,"234":0,"235":0,"236":0,"237":0,"238":0,"239":0,"240":0,"241":0,"242":0,"243":0,"244":0,"245":0,"246":0,"247":0,"248":0,"249":0,"250":0,"251":0,"252":0,"253":0,"254":0,"255":0,"256":0,"257":0,"258":0,"259":0,"260":0,"261":0,"262":0,"263":0,"264":0,"265":0,"266":0,"267":0,"268":0,"269":0,"270":0,"271":0,"272":0,"273":0,"274":0,"275":0,"276":0,"277":0,"278":0,"279":0,"280":0,"281":0,"282":0,"283":0,"284":0,"285":0,"286":0,"287":0,"288":0,"289":0,"290":0,"291":0,"292":0,"293":0,"294":0,"295":0,"296":0,"297":0,"298":0,"299":0,"300":0,"301":0,"302":0,"303":0,"304":0,"305":0,"306":0,"307":0,"308":0,"309":0,"310":0,"311":0,"312":0,"313":0,"314":0,"315":0,"316":0,"317":0,"318":0,"319":0,"320":0,"321":0,"322":0,"323":0,"324":0,"325":0,"326":0,"327":0,"328":0,"329":0,"330":0,"331":0,"332":0,"333":0,"334":0,"335":0,"336":0,"337":0,"338":0,"339":0,"340":0,"341":0,"342":0,"343":0,"344":0,"345":0,"346":0,"347":0,"348":0,"349":0,"350":0,"351":0,"352":0,"353":0,"354":0,"355":0,"356":0,"357":0,"358":0,"359":0,"360":0,"361":0,"362":0,"363":1},"f":{"0":2,"1":0,"2":0,"3":0,"4":0,"5":0,"6":0,"7":0,"8":0,"9":0,"10":0,"11":0,"12":0,"13":0,"14":0,"15":0,"16":0,"17":0,"18":0,"19":0,"20":0,"21":0,"22":0,"23":0,"24":0,"25":0,"26":0,"27":0,"28":0,"29":0,"30":0,"31":0,"32":0,"33":0,"34":0},"b":{"0":[1,1],"1":[0,0],"2":[0,0],"3":[0,0],"4":[0,0],"5":[0,0],"6":[0,0],"7":[0,0],"8":[0,0],"9":[0,0],"10":[0,0],"11":[0,0],"12":[0,0],"13":[0,0,0],"14":[0,0],"15":[0,0],"16":[0,0],"17":[0,0],"18":[0,0],"19":[0,0],"20":[0,0],"21":[0,0],"22":[0,0]},"_coverageSchema":"1a1c01bbd47fc00a2c39e90264f33305004495a9","hash":"f405677ff17e3b29a5c9ba754f337691af008ae9"}
}
