TN:
SF:LGS\scriptLGS.js
FN:1,(anonymous_0)
FN:18,removeRow
FN:38,addRow
FN:71,calculateSolution
FN:93,(anonymous_4)
FN:101,(anonymous_5)
FN:194,invertDiagonalMatrix
FN:222,createLatexMatrix
FN:258,matVecMul
FN:270,vecSub
FN:271,(anonymous_10)
FN:275,matDiagVecMul
FN:276,(anonymous_12)
FN:290,(anonymous_13)
FN:290,(anonymous_14)
FN:310,(anonymous_15)
FN:320,createLatexString
FN:332,norm
FN:333,(anonymous_18)
FN:336,vectorDifference
FN:337,(anonymous_20)
FN:340,percentageDifference
FN:357,clearInput
FN:370,addSigns
FN:392,createStandardExample
FN:418,createInputFields
FN:437,gaussElimination
FN:502,roundToDecimalPlaces
FNF:28
FNH:27
FNDA:0,(anonymous_0)
FNDA:5,removeRow
FNDA:12,addRow
FNDA:5,calculateSolution
FNDA:30,(anonymous_4)
FNDA:10,(anonymous_5)
FNDA:5,invertDiagonalMatrix
FNDA:19,createLatexMatrix
FNDA:25,matVecMul
FNDA:25,vecSub
FNDA:50,(anonymous_10)
FNDA:25,matDiagVecMul
FNDA:50,(anonymous_12)
FNDA:50,(anonymous_13)
FNDA:100,(anonymous_14)
FNDA:25,(anonymous_15)
FNDA:8,createLatexString
FNDA:8,norm
FNDA:16,(anonymous_18)
FNDA:4,vectorDifference
FNDA:8,(anonymous_20)
FNDA:4,percentageDifference
FNDA:1,clearInput
FNDA:32,addSigns
FNDA:1,createStandardExample
FNDA:9,createInputFields
FNDA:5,gaussElimination
FNDA:30,roundToDecimalPlaces
DA:1,1
DA:2,0
DA:3,0
DA:4,0
DA:5,0
DA:6,0
DA:7,0
DA:8,0
DA:9,0
DA:10,0
DA:11,0
DA:12,0
DA:13,0
DA:15,0
DA:19,5
DA:20,5
DA:21,5
DA:22,5
DA:23,5
DA:24,5
DA:25,4
DA:26,4
DA:27,4
DA:29,5
DA:30,4
DA:31,4
DA:32,4
DA:35,5
DA:39,12
DA:40,12
DA:41,12
DA:42,12
DA:43,12
DA:44,11
DA:45,11
DA:46,61
DA:47,61
DA:48,61
DA:49,61
DA:51,11
DA:52,11
DA:53,11
DA:54,11
DA:55,11
DA:56,11
DA:57,11
DA:59,12
DA:60,10
DA:61,51
DA:62,51
DA:63,51
DA:64,51
DA:66,10
DA:72,5
DA:73,5
DA:74,5
DA:75,5
DA:76,5
DA:77,5
DA:78,5
DA:81,5
DA:82,5
DA:83,5
DA:84,5
DA:85,5
DA:86,5
DA:88,5
DA:90,5
DA:91,5
DA:93,5
DA:94,30
DA:95,0
DA:97,30
DA:101,5
DA:102,10
DA:103,0
DA:105,10
DA:108,5
DA:109,5
DA:111,5
DA:114,5
DA:115,5
DA:116,5
DA:117,10
DA:118,10
DA:119,30
DA:120,30
DA:121,20
DA:123,10
DA:126,10
DA:130,5
DA:131,5
DA:132,10
DA:133,20
DA:134,20
DA:135,20
DA:136,10
DA:138,10
DA:142,5
DA:145,5
DA:146,5
DA:147,10
DA:148,10
DA:149,10
DA:150,5
DA:153,5
DA:156,5
DA:157,5
DA:158,10
DA:159,10
DA:160,5
DA:163,5
DA:166,5
DA:169,5
DA:170,5
DA:171,5
DA:174,5
DA:175,10
DA:176,10
DA:177,10
DA:178,10
DA:179,20
DA:180,10
DA:181,10
DA:182,10
DA:183,10
DA:184,5
DA:185,5
DA:186,5
DA:188,5
DA:189,5
DA:190,5
DA:195,5
DA:196,5
DA:198,5
DA:199,9
DA:200,9
DA:201,17
DA:202,9
DA:204,8
DA:207,1
DA:208,1
DA:211,8
DA:216,4
DA:219,5
DA:223,19
DA:224,19
DA:225,38
DA:226,76
DA:227,76
DA:228,38
DA:231,38
DA:232,19
DA:235,19
DA:236,19
DA:239,5
DA:240,5
DA:241,5
DA:243,5
DA:244,5
DA:245,5
DA:246,5
DA:248,5
DA:249,5
DA:250,0
DA:253,5
DA:255,4
DA:259,25
DA:260,25
DA:261,50
DA:262,100
DA:264,50
DA:266,25
DA:271,50
DA:276,50
DA:279,4
DA:280,4
DA:281,25
DA:282,25
DA:283,50
DA:284,50
DA:285,25
DA:288,25
DA:290,100
DA:293,25
DA:296,25
DA:299,25
DA:300,25
DA:301,25
DA:302,50
DA:303,50
DA:304,25
DA:307,25
DA:308,25
DA:309,25
DA:310,25
DA:311,0
DA:312,0
DA:314,25
DA:315,25
DA:316,0
DA:317,0
DA:321,8
DA:322,8
DA:323,16
DA:325,8
DA:328,4
DA:329,4
DA:330,4
DA:331,4
DA:333,16
DA:337,8
DA:341,4
DA:342,4
DA:343,4
DA:344,4
DA:345,4
DA:348,4
DA:349,4
DA:352,5
DA:353,5
DA:354,5
DA:358,1
DA:359,1
DA:360,1
DA:361,2
DA:362,2
DA:364,1
DA:365,4
DA:367,1
DA:371,32
DA:372,32
DA:373,129
DA:374,129
DA:375,827
DA:376,827
DA:377,545
DA:379,827
DA:380,129
DA:381,129
DA:382,698
DA:383,569
DA:384,569
DA:393,1
DA:394,1
DA:395,1
DA:396,2
DA:397,2
DA:399,1
DA:400,4
DA:402,1
DA:403,1
DA:410,1
DA:412,1
DA:413,20
DA:419,9
DA:420,9
DA:421,9
DA:422,9
DA:423,45
DA:424,45
DA:425,45
DA:426,45
DA:428,9
DA:429,9
DA:430,9
DA:431,9
DA:432,9
DA:433,9
DA:439,5
DA:442,5
DA:443,10
DA:447,5
DA:449,10
DA:450,10
DA:451,10
DA:452,5
DA:453,5
DA:454,5
DA:459,10
DA:460,25
DA:461,25
DA:462,25
DA:466,10
DA:467,5
DA:468,5
DA:469,5
DA:470,15
DA:471,5
DA:473,10
DA:474,10
DA:481,5
DA:482,10
DA:483,0
DA:488,5
DA:489,5
DA:490,10
DA:491,10
DA:492,10
DA:493,5
DA:494,5
DA:498,5
DA:503,30
DA:505,1
DA:506,1
LF:305
LH:284
BRDA:24,0,0,4
BRDA:24,0,1,1
BRDA:29,1,0,4
BRDA:29,1,1,1
BRDA:43,2,0,11
BRDA:43,2,1,1
BRDA:59,3,0,10
BRDA:59,3,1,2
BRDA:77,4,0,5
BRDA:77,4,1,0
BRDA:94,5,0,0
BRDA:94,5,1,30
BRDA:102,6,0,0
BRDA:102,6,1,10
BRDA:120,7,0,20
BRDA:120,7,1,10
BRDA:135,8,0,10
BRDA:135,8,1,10
BRDA:149,9,0,5
BRDA:149,9,1,5
BRDA:159,10,0,5
BRDA:159,10,1,5
BRDA:179,11,0,10
BRDA:179,11,1,10
BRDA:183,12,0,5
BRDA:183,12,1,5
BRDA:201,13,0,9
BRDA:201,13,1,8
BRDA:202,14,0,8
BRDA:202,14,1,1
BRDA:227,15,0,38
BRDA:227,15,1,38
BRDA:231,16,0,19
BRDA:231,16,1,19
BRDA:249,17,0,0
BRDA:249,17,1,5
BRDA:253,18,0,4
BRDA:253,18,1,1
BRDA:253,19,0,5
BRDA:253,19,1,4
BRDA:284,20,0,25
BRDA:284,20,1,25
BRDA:303,21,0,25
BRDA:303,21,1,25
BRDA:310,22,0,0
BRDA:310,22,1,25
BRDA:315,23,0,0
BRDA:315,23,1,25
BRDA:376,24,0,545
BRDA:376,24,1,282
BRDA:379,25,0,129
BRDA:379,25,1,698
BRDA:382,26,0,569
BRDA:382,26,1,129
BRDA:452,27,0,5
BRDA:452,27,1,0
BRDA:470,28,0,5
BRDA:470,28,1,10
BRDA:482,29,0,0
BRDA:482,29,1,10
BRDA:482,30,0,10
BRDA:482,30,1,0
BRDA:505,31,0,1
BRDA:505,31,1,0
BRDA:505,32,0,1
BRDA:505,32,1,1
BRF:66
BRH:56
end_of_record
TN:
SF:LineareOptimierung\scriptOptimierung.js
FN:3,(anonymous_0)
FN:31,(anonymous_1)
FN:36,(anonymous_2)
FN:37,(anonymous_3)
FN:39,(anonymous_4)
FN:44,(anonymous_5)
FN:76,(anonymous_6)
FN:86,(anonymous_7)
FN:87,(anonymous_8)
FN:92,(anonymous_9)
FN:93,(anonymous_10)
FN:99,(anonymous_11)
FN:154,(anonymous_12)
FN:167,(anonymous_13)
FN:183,(anonymous_14)
FN:184,(anonymous_15)
FN:186,(anonymous_16)
FN:224,(anonymous_17)
FN:278,(anonymous_18)
FN:280,(anonymous_19)
FN:281,(anonymous_20)
FN:386,(anonymous_21)
FN:392,(anonymous_22)
FN:398,(anonymous_23)
FN:410,(anonymous_24)
FN:423,(anonymous_25)
FN:479,extractVariablesAndCoefficients
FN:482,parseCoefficient
FN:495,extractFromExpression
FN:516,(anonymous_29)
FN:520,(anonymous_30)
FN:528,(anonymous_31)
FN:536,(anonymous_32)
FN:543,(anonymous_33)
FN:562,(anonymous_34)
FN:580,(anonymous_35)
FN:597,addConstraint
FN:620,reset
FN:648,checkInputs
FN:683,isLinear
FN:688,checkNode
FN:712,getInputs
FN:737,createDiagram
FN:742,(anonymous_43)
FN:759,skipForward
FN:783,playBranchAndBound
FN:824,(anonymous_46)
FN:829,skipBackward
FN:895,checkForUnboundedSolution
FN:949,updateResults
FN:970,setBBSolver
FNF:51
FNH:46
FNDA:16,(anonymous_0)
FNDA:1,(anonymous_1)
FNDA:17,(anonymous_2)
FNDA:34,(anonymous_3)
FNDA:102,(anonymous_4)
FNDA:204,(anonymous_5)
FNDA:34,(anonymous_6)
FNDA:5,(anonymous_7)
FNDA:10,(anonymous_8)
FNDA:5,(anonymous_9)
FNDA:6,(anonymous_10)
FNDA:1,(anonymous_11)
FNDA:0,(anonymous_12)
FNDA:0,(anonymous_13)
FNDA:7,(anonymous_14)
FNDA:13,(anonymous_15)
FNDA:26,(anonymous_16)
FNDA:7,(anonymous_17)
FNDA:4,(anonymous_18)
FNDA:4,(anonymous_19)
FNDA:4,(anonymous_20)
FNDA:4,(anonymous_21)
FNDA:2,(anonymous_22)
FNDA:4,(anonymous_23)
FNDA:3,(anonymous_24)
FNDA:16,(anonymous_25)
FNDA:8,extractVariablesAndCoefficients
FNDA:21,parseCoefficient
FNDA:13,extractFromExpression
FNDA:11,(anonymous_29)
FNDA:11,(anonymous_30)
FNDA:6,(anonymous_31)
FNDA:10,(anonymous_32)
FNDA:10,(anonymous_33)
FNDA:2,(anonymous_34)
FNDA:2,(anonymous_35)
FNDA:9,addConstraint
FNDA:3,reset
FNDA:4,checkInputs
FNDA:4,isLinear
FNDA:0,checkNode
FNDA:5,getInputs
FNDA:2,createDiagram
FNDA:0,(anonymous_43)
FNDA:2,skipForward
FNDA:3,playBranchAndBound
FNDA:0,(anonymous_46)
FNDA:2,skipBackward
FNDA:2,checkForUnboundedSolution
FNDA:3,updateResults
FNDA:8,setBBSolver
DA:4,16
DA:5,16
DA:6,16
DA:7,16
DA:8,16
DA:9,16
DA:10,16
DA:11,16
DA:12,16
DA:13,16
DA:14,16
DA:15,16
DA:16,16
DA:17,16
DA:18,16
DA:19,16
DA:20,16
DA:21,16
DA:22,16
DA:23,16
DA:24,16
DA:25,16
DA:26,16
DA:27,16
DA:32,1
DA:37,34
DA:39,17
DA:40,102
DA:41,102
DA:44,102
DA:45,204
DA:46,119
DA:49,119
DA:52,85
DA:53,85
DA:55,0
DA:57,85
DA:60,34
DA:61,34
DA:63,0
DA:65,34
DA:67,0
DA:68,0
DA:69,0
DA:76,34
DA:81,17
DA:87,10
DA:93,6
DA:94,5
DA:100,1
DA:101,1
DA:102,1
DA:103,0
DA:104,0
DA:106,1
DA:107,1
DA:108,1
DA:109,1
DA:110,1
DA:111,1
DA:112,1
DA:116,1
DA:124,1
DA:135,1
DA:155,0
DA:168,0
DA:176,1
DA:178,1
DA:179,1
DA:184,7
DA:186,13
DA:187,26
DA:190,13
DA:191,13
DA:195,13
DA:197,1
DA:198,1
DA:200,9
DA:201,9
DA:203,1
DA:204,1
DA:206,1
DA:207,1
DA:209,0
DA:210,0
DA:212,1
DA:213,1
DA:216,13
DA:219,7
DA:227,7
DA:228,2
DA:235,2
DA:250,2
DA:251,2
DA:254,5
DA:255,5
DA:257,5
DA:258,5
DA:260,1
DA:261,1
DA:264,4
DA:278,4
DA:279,4
DA:280,4
DA:281,4
DA:282,4
DA:283,4
DA:285,4
DA:287,4
DA:289,1
DA:290,0
DA:308,1
DA:323,1
DA:324,3
DA:326,1
DA:327,1
DA:328,1
DA:329,1
DA:330,1
DA:345,1
DA:347,2
DA:349,1
DA:350,1
DA:351,1
DA:352,1
DA:369,1
DA:370,1
DA:371,1
DA:374,4
DA:376,4
DA:377,4
DA:386,4
DA:387,4
DA:388,4
DA:391,4
DA:392,2
DA:393,2
DA:397,4
DA:398,4
DA:399,4
DA:403,4
DA:404,4
DA:405,4
DA:406,4
DA:411,3
DA:412,1
DA:413,1
DA:414,1
DA:415,1
DA:416,1
DA:419,2
DA:424,16
DA:425,16
DA:427,16
DA:473,16
DA:484,21
DA:485,3
DA:486,3
DA:489,18
DA:490,5
DA:491,5
DA:496,13
DA:498,13
DA:501,13
DA:502,21
DA:503,21
DA:504,21
DA:505,21
DA:507,13
DA:512,8
DA:515,8
DA:516,11
DA:519,8
DA:520,11
DA:523,8
DA:524,8
DA:525,8
DA:528,8
DA:530,6
DA:531,6
DA:532,5
DA:533,5
DA:536,10
DA:539,5
DA:540,5
DA:543,10
DA:544,5
DA:546,1
DA:551,8
DA:562,1
DA:563,2
DA:564,2
DA:565,2
DA:566,2
DA:567,2
DA:568,2
DA:569,2
DA:570,2
DA:571,2
DA:572,2
DA:573,2
DA:574,2
DA:575,2
DA:576,2
DA:577,2
DA:580,2
DA:581,2
DA:582,2
DA:583,2
DA:589,1
DA:590,1
DA:591,1
DA:592,1
DA:593,1
DA:594,1
DA:598,9
DA:599,9
DA:600,7
DA:601,7
DA:602,7
DA:606,7
DA:607,2
DA:608,1
DA:609,1
DA:610,1
DA:614,1
DA:615,1
DA:622,3
DA:623,3
DA:626,3
DA:627,0
DA:628,0
DA:631,3
DA:632,30
DA:633,30
DA:635,3
DA:636,3
DA:637,3
DA:638,3
DA:639,3
DA:640,3
DA:641,3
DA:642,3
DA:643,3
DA:644,3
DA:649,4
DA:650,4
DA:651,4
DA:652,4
DA:653,4
DA:654,4
DA:655,4
DA:656,0
DA:657,0
DA:658,0
DA:659,0
DA:660,0
DA:661,0
DA:663,0
DA:664,0
DA:665,0
DA:666,0
DA:668,0
DA:671,4
DA:678,4
DA:684,4
DA:685,4
DA:689,0
DA:690,0
DA:691,0
DA:693,0
DA:694,0
DA:696,0
DA:699,0
DA:702,0
DA:705,0
DA:707,4
DA:713,5
DA:714,5
DA:715,5
DA:716,5
DA:717,5
DA:718,5
DA:719,5
DA:720,5
DA:723,5
DA:724,50
DA:725,50
DA:726,50
DA:727,0
DA:730,5
DA:731,5
DA:732,5
DA:733,5
DA:739,2
DA:742,2
DA:743,0
DA:744,0
DA:745,0
DA:746,0
DA:747,0
DA:748,0
DA:750,0
DA:754,0
DA:760,2
DA:761,2
DA:762,2
DA:763,1
DA:764,1
DA:765,1
DA:766,1
DA:767,1
DA:769,1
DA:770,1
DA:772,0
DA:773,0
DA:774,0
DA:775,0
DA:777,1
DA:785,3
DA:786,3
DA:787,3
DA:788,3
DA:789,1
DA:790,1
DA:791,1
DA:793,2
DA:794,2
DA:795,2
DA:797,3
DA:798,1
DA:799,1
DA:800,0
DA:801,0
DA:803,1
DA:804,1
DA:805,1
DA:806,1
DA:807,1
DA:811,2
DA:812,2
DA:813,1
DA:814,1
DA:815,1
DA:817,1
DA:818,1
DA:819,1
DA:820,1
DA:821,1
DA:822,1
DA:824,0
DA:831,2
DA:833,2
DA:834,2
DA:835,2
DA:836,1
DA:839,1
DA:840,1
DA:843,1
DA:844,1
DA:847,1
DA:848,1
DA:849,1
DA:850,1
DA:851,1
DA:852,1
DA:853,1
DA:855,1
DA:856,1
DA:857,1
DA:858,1
DA:859,1
DA:860,1
DA:861,1
DA:864,1
DA:865,1
DA:883,1
DA:891,1
DA:897,2
DA:898,2
DA:901,2
DA:904,2
DA:905,0
DA:906,0
DA:909,0
DA:910,0
DA:911,0
DA:914,0
DA:915,0
DA:922,2
DA:923,2
DA:924,2
DA:925,2
DA:930,2
DA:931,2
DA:933,2
DA:935,0
DA:942,2
DA:945,0
DA:950,3
DA:951,3
DA:952,3
DA:953,3
DA:954,3
DA:955,3
DA:957,3
DA:958,3
DA:959,3
DA:960,1
DA:962,2
DA:964,3
DA:965,3
DA:966,3
DA:971,8
DA:974,1
DA:975,1
LF:416
LH:357
BRDA:45,0,0,119
BRDA:45,0,1,85
BRDA:45,1,0,204
BRDA:45,1,1,119
BRDA:49,2,0,17
BRDA:49,2,1,85
BRDA:49,2,2,17
BRDA:49,2,3,34
BRDA:49,2,4,0
BRDA:52,3,0,85
BRDA:52,3,1,0
BRDA:60,4,0,34
BRDA:60,4,1,0
BRDA:102,5,0,1
BRDA:102,5,1,1
BRDA:195,6,0,1
BRDA:195,6,1,9
BRDA:195,6,2,1
BRDA:195,6,3,1
BRDA:195,6,4,0
BRDA:195,6,5,1
BRDA:227,7,0,2
BRDA:227,7,1,5
BRDA:227,8,0,7
BRDA:227,8,1,5
BRDA:258,9,0,1
BRDA:258,9,1,4
BRDA:258,10,0,5
BRDA:258,10,1,1
BRDA:258,10,2,1
BRDA:287,11,0,1
BRDA:287,11,1,3
BRDA:289,12,0,0
BRDA:289,12,1,1
BRDA:289,13,0,1
BRDA:289,13,1,0
BRDA:324,14,0,1
BRDA:324,14,1,2
BRDA:347,15,0,1
BRDA:347,15,1,1
BRDA:376,16,0,4
BRDA:376,16,1,0
BRDA:391,17,0,2
BRDA:391,17,1,2
BRDA:392,18,0,2
BRDA:392,18,1,0
BRDA:397,19,0,4
BRDA:397,19,1,0
BRDA:398,20,0,4
BRDA:398,20,1,0
BRDA:411,21,0,1
BRDA:411,21,1,2
BRDA:413,22,0,1
BRDA:413,22,1,0
BRDA:484,23,0,3
BRDA:484,23,1,18
BRDA:489,24,0,13
BRDA:489,24,1,5
BRDA:489,25,0,18
BRDA:489,25,1,5
BRDA:490,26,0,0
BRDA:490,26,1,5
BRDA:491,27,0,5
BRDA:491,27,1,0
BRDA:502,28,0,8
BRDA:502,28,1,13
BRDA:520,29,0,11
BRDA:520,29,1,0
BRDA:531,30,0,5
BRDA:531,30,1,1
BRDA:543,31,0,10
BRDA:543,31,1,0
BRDA:599,32,0,7
BRDA:599,32,1,2
BRDA:607,33,0,1
BRDA:607,33,1,1
BRDA:626,34,0,0
BRDA:626,34,1,3
BRDA:633,35,0,6
BRDA:633,35,1,24
BRDA:655,36,0,0
BRDA:655,36,1,4
BRDA:656,37,0,0
BRDA:656,37,1,0
BRDA:689,38,0,0
BRDA:689,38,1,0
BRDA:690,39,0,0
BRDA:690,39,1,0
BRDA:690,40,0,0
BRDA:690,40,1,0
BRDA:693,41,0,0
BRDA:693,41,1,0
BRDA:696,42,0,0
BRDA:696,42,1,0
BRDA:696,42,2,0
BRDA:696,42,3,0
BRDA:702,43,0,0
BRDA:702,43,1,0
BRDA:725,44,0,10
BRDA:725,44,1,40
BRDA:726,45,0,0
BRDA:726,45,1,50
BRDA:726,46,0,50
BRDA:726,46,1,10
BRDA:744,47,0,0
BRDA:744,47,1,0
BRDA:762,48,0,1
BRDA:762,48,1,1
BRDA:770,49,0,0
BRDA:770,49,1,1
BRDA:788,50,0,1
BRDA:788,50,1,2
BRDA:797,51,0,1
BRDA:797,51,1,2
BRDA:799,52,0,0
BRDA:799,52,1,1
BRDA:812,53,0,1
BRDA:812,53,1,1
BRDA:819,54,0,1
BRDA:819,54,1,0
BRDA:824,55,0,0
BRDA:824,55,1,0
BRDA:835,56,0,1
BRDA:835,56,1,1
BRDA:864,57,0,1
BRDA:864,57,1,0
BRDA:909,58,0,0
BRDA:909,58,1,0
BRDA:909,59,0,0
BRDA:909,59,1,0
BRDA:914,60,0,0
BRDA:914,60,1,0
BRDA:924,61,0,2
BRDA:924,61,1,0
BRDA:930,62,0,2
BRDA:930,62,1,0
BRDA:933,63,0,0
BRDA:933,63,1,2
BRDA:959,64,0,1
BRDA:959,64,1,2
BRDA:974,65,0,1
BRDA:974,65,1,0
BRDA:974,66,0,1
BRDA:974,66,1,1
BRF:144
BRH:92
end_of_record
TN:
SF:NumerischeIntegration\scriptIntegration.js
FN:3,ggbOnInit
FN:15,(anonymous_1)
FN:47,playPauseHandler
FN:61,(anonymous_3)
FN:82,(anonymous_4)
FN:90,stammfunktionChangeHandler
FN:110,validateInputs
FN:126,stepwiseChange
FN:147,trapezRegel
FN:158,(anonymous_9)
FN:169,simpsonRegel
FN:192,berechneIntegral
FN:270,(anonymous_12)
FN:330,downloadImageHandler
FN:340,resetAxesHandler
FN:348,areFunctionsEquivalent
FN:364,erstelleHistogramm
FN:367,(anonymous_17)
FN:369,(anonymous_18)
FN:372,(anonymous_19)
FN:390,berechneAbweichungen
FN:414,checkInputs
FN:438,berechneFehlerFürTrapeze
FN:457,bewegePunkt
FN:476,updateHeader
FN:520,zeichneFunktion
FN:525,(anonymous_26)
FN:534,zeichneFunktionTrapez
FN:587,zeichneFunktionSimpson
FNF:29
FNH:28
FNDA:2,ggbOnInit
FNDA:1,(anonymous_1)
FNDA:2,playPauseHandler
FNDA:1,(anonymous_3)
FNDA:2,(anonymous_4)
FNDA:2,stammfunktionChangeHandler
FNDA:2,validateInputs
FNDA:1,stepwiseChange
FNDA:12,trapezRegel
FNDA:37,(anonymous_9)
FNDA:15,simpsonRegel
FNDA:5,berechneIntegral
FNDA:0,(anonymous_12)
FNDA:1,downloadImageHandler
FNDA:1,resetAxesHandler
FNDA:7,areFunctionsEquivalent
FNDA:2,erstelleHistogramm
FNDA:5,(anonymous_17)
FNDA:5,(anonymous_18)
FNDA:10,(anonymous_19)
FNDA:2,berechneAbweichungen
FNDA:7,checkInputs
FNDA:2,berechneFehlerFürTrapeze
FNDA:4,bewegePunkt
FNDA:5,updateHeader
FNDA:10,zeichneFunktion
FNDA:2,(anonymous_26)
FNDA:5,zeichneFunktionTrapez
FNDA:4,zeichneFunktionSimpson
DA:4,2
DA:5,2
DA:6,1
DA:7,1
DA:9,0
DA:12,1
DA:15,1
DA:16,1
DA:17,1
DA:29,1
DA:30,1
DA:31,1
DA:32,1
DA:34,1
DA:35,1
DA:36,1
DA:37,1
DA:38,1
DA:39,1
DA:40,1
DA:45,1
DA:48,2
DA:49,2
DA:50,2
DA:51,2
DA:52,2
DA:53,1
DA:54,1
DA:56,1
DA:57,1
DA:58,1
DA:59,1
DA:61,1
DA:62,1
DA:63,2
DA:64,0
DA:66,2
DA:67,2
DA:69,2
DA:70,0
DA:72,2
DA:74,2
DA:75,2
DA:76,2
DA:77,0
DA:78,0
DA:80,0
DA:82,2
DA:84,0
DA:85,0
DA:91,2
DA:92,2
DA:93,2
DA:94,2
DA:97,2
DA:98,1
DA:99,1
DA:100,1
DA:101,1
DA:103,1
DA:104,1
DA:105,1
DA:106,1
DA:111,2
DA:112,2
DA:113,2
DA:115,2
DA:117,2
DA:118,0
DA:119,0
DA:121,2
DA:122,2
DA:127,1
DA:128,1
DA:129,1
DA:130,1
DA:132,1
DA:133,0
DA:135,1
DA:137,1
DA:138,1
DA:139,1
DA:140,0
DA:141,0
DA:143,0
DA:149,12
DA:151,12
DA:153,12
DA:154,12
DA:155,37
DA:158,37
DA:160,12
DA:161,12
DA:162,13
DA:164,12
DA:166,12
DA:171,15
DA:173,15
DA:175,15
DA:177,15
DA:178,75
DA:179,75
DA:180,75
DA:182,75
DA:183,75
DA:184,75
DA:186,75
DA:189,15
DA:194,5
DA:195,5
DA:197,5
DA:198,5
DA:199,5
DA:200,5
DA:201,5
DA:202,5
DA:203,5
DA:204,5
DA:205,5
DA:206,5
DA:208,5
DA:209,5
DA:211,5
DA:212,5
DA:213,5
DA:216,0
DA:217,0
DA:218,0
DA:219,0
DA:222,5
DA:223,5
DA:224,5
DA:225,1
DA:226,1
DA:228,4
DA:229,4
DA:232,5
DA:233,5
DA:241,0
DA:242,0
DA:259,0
DA:261,0
DA:262,0
DA:263,0
DA:264,0
DA:265,0
DA:267,0
DA:269,0
DA:270,0
DA:277,0
DA:288,0
DA:296,0
DA:324,0
DA:326,0
DA:331,1
DA:341,1
DA:349,7
DA:350,7
DA:351,5
DA:353,5
DA:354,0
DA:356,0
DA:358,7
DA:359,7
DA:365,2
DA:366,2
DA:367,5
DA:369,5
DA:372,10
DA:374,2
DA:375,2
DA:391,2
DA:392,2
DA:394,2
DA:395,10
DA:396,10
DA:398,10
DA:399,10
DA:400,10
DA:401,10
DA:402,10
DA:403,10
DA:405,0
DA:407,10
DA:408,10
DA:410,2
DA:415,7
DA:416,7
DA:417,7
DA:418,7
DA:419,7
DA:420,7
DA:421,7
DA:423,7
DA:424,7
DA:425,7
DA:426,7
DA:427,7
DA:428,7
DA:430,0
DA:431,0
DA:432,0
DA:433,0
DA:434,0
DA:439,2
DA:440,2
DA:442,2
DA:443,10
DA:444,10
DA:445,0
DA:447,10
DA:449,10
DA:450,10
DA:451,10
DA:454,2
DA:458,4
DA:459,4
DA:460,1
DA:463,3
DA:465,4
DA:466,4
DA:467,1
DA:468,1
DA:470,1
DA:472,3
DA:477,5
DA:478,0
DA:480,5
DA:481,5
DA:482,5
DA:483,5
DA:484,5
DA:485,5
DA:487,0
DA:488,0
DA:489,0
DA:490,0
DA:491,0
DA:492,0
DA:493,0
DA:494,0
DA:495,0
DA:497,5
DA:498,5
DA:499,5
DA:500,5
DA:501,5
DA:502,5
DA:503,5
DA:504,5
DA:505,5
DA:508,0
DA:509,0
DA:510,0
DA:511,0
DA:512,0
DA:513,0
DA:522,10
DA:525,10
DA:526,2
DA:527,0
DA:529,2
DA:531,2
DA:535,5
DA:536,5
DA:537,5
DA:538,5
DA:539,5
DA:540,5
DA:541,5
DA:542,5
DA:543,5
DA:544,4
DA:545,1
DA:546,1
DA:547,1
DA:549,3
DA:550,3
DA:551,3
DA:552,3
DA:553,3
DA:554,14
DA:556,14
DA:558,14
DA:559,14
DA:562,14
DA:563,14
DA:564,14
DA:565,14
DA:567,14
DA:568,14
DA:569,14
DA:570,14
DA:571,14
DA:572,14
DA:573,14
DA:574,14
DA:578,1
DA:580,4
DA:581,4
DA:582,4
DA:583,4
DA:584,4
DA:588,4
DA:589,4
DA:590,4
DA:591,4
DA:592,4
DA:593,4
DA:594,4
DA:595,4
DA:596,4
DA:597,1
DA:598,0
DA:599,0
DA:600,0
DA:602,1
DA:603,1
DA:604,1
DA:605,1
DA:606,1
DA:607,10
DA:609,10
DA:610,10
DA:613,10
DA:614,10
DA:615,10
DA:618,10
DA:624,10
DA:627,10
DA:628,10
DA:629,10
DA:630,10
DA:631,10
DA:634,10
DA:635,0
DA:638,10
DA:639,0
DA:642,10
DA:643,0
DA:646,10
DA:647,10
DA:649,10
DA:650,10
DA:651,10
DA:653,10
DA:654,10
DA:655,10
DA:656,10
DA:657,10
DA:658,10
DA:659,10
DA:660,10
DA:667,3
DA:669,4
DA:670,4
DA:671,4
DA:672,4
DA:675,1
DA:676,1
LF:360
LH:294
BRDA:5,0,0,1
BRDA:5,0,1,1
BRDA:52,1,0,1
BRDA:52,1,1,1
BRDA:63,2,0,0
BRDA:63,2,1,2
BRDA:69,3,0,0
BRDA:69,3,1,2
BRDA:76,4,0,0
BRDA:76,4,1,2
BRDA:97,5,0,1
BRDA:97,5,1,1
BRDA:117,6,0,0
BRDA:117,6,1,2
BRDA:132,7,0,0
BRDA:132,7,1,1
BRDA:139,8,0,0
BRDA:139,8,1,1
BRDA:194,9,0,5
BRDA:194,9,1,0
BRDA:212,10,0,5
BRDA:212,10,1,0
BRDA:224,11,0,1
BRDA:224,11,1,4
BRDA:232,12,0,5
BRDA:232,12,1,0
BRDA:264,13,0,0
BRDA:264,13,1,0
BRDA:366,14,0,1
BRDA:366,14,1,1
BRDA:402,15,0,10
BRDA:402,15,1,0
BRDA:423,16,0,7
BRDA:423,16,1,0
BRDA:423,17,0,7
BRDA:423,17,1,7
BRDA:423,17,2,7
BRDA:423,17,3,7
BRDA:444,18,0,0
BRDA:444,18,1,10
BRDA:459,19,0,1
BRDA:459,19,1,3
BRDA:466,20,0,1
BRDA:466,20,1,3
BRDA:477,21,0,0
BRDA:477,21,1,5
BRDA:481,22,0,5
BRDA:481,22,1,0
BRDA:484,23,0,5
BRDA:484,23,1,0
BRDA:499,24,0,5
BRDA:499,24,1,0
BRDA:526,25,0,0
BRDA:526,25,1,2
BRDA:544,26,0,1
BRDA:544,26,1,3
BRDA:597,27,0,0
BRDA:597,27,1,1
BRDA:634,28,0,0
BRDA:634,28,1,10
BRDA:638,29,0,0
BRDA:638,29,1,10
BRDA:642,30,0,0
BRDA:642,30,1,10
BRDA:675,31,0,1
BRDA:675,31,1,0
BRDA:675,32,0,1
BRDA:675,32,1,1
BRF:68
BRH:44
end_of_record
