TN:
SF:LGS\scriptLGS.js
FN:1,(anonymous_0)
FN:18,removeRow
FN:38,addRow
FN:71,calculateSolution
FN:93,(anonymous_4)
FN:101,(anonymous_5)
FN:194,invertDiagonalMatrix
FN:222,createLatexMatrix
FN:258,matVecMul
FN:270,vecSub
FN:271,(anonymous_10)
FN:275,matDiagVecMul
FN:276,(anonymous_12)
FN:290,(anonymous_13)
FN:290,(anonymous_14)
FN:310,(anonymous_15)
FN:320,createLatexString
FN:332,norm
FN:333,(anonymous_18)
FN:336,vectorDifference
FN:337,(anonymous_20)
FN:340,percentageDifference
FN:357,clearInput
FN:370,addSigns
FN:392,createStandardExample
FN:418,createInputFields
FN:437,gaussElimination
FN:502,roundToDecimalPlaces
FNF:28
FNH:27
FNDA:0,(anonymous_0)
FNDA:5,removeRow
FNDA:12,addRow
FNDA:5,calculateSolution
FNDA:30,(anonymous_4)
FNDA:10,(anonymous_5)
FNDA:5,invertDiagonalMatrix
FNDA:19,createLatexMatrix
FNDA:25,matVecMul
FNDA:25,vecSub
FNDA:50,(anonymous_10)
FNDA:25,matDiagVecMul
FNDA:50,(anonymous_12)
FNDA:50,(anonymous_13)
FNDA:100,(anonymous_14)
FNDA:25,(anonymous_15)
FNDA:8,createLatexString
FNDA:8,norm
FNDA:16,(anonymous_18)
FNDA:4,vectorDifference
FNDA:8,(anonymous_20)
FNDA:4,percentageDifference
FNDA:1,clearInput
FNDA:32,addSigns
FNDA:1,createStandardExample
FNDA:9,createInputFields
FNDA:5,gaussElimination
FNDA:30,roundToDecimalPlaces
DA:1,1
DA:2,0
DA:3,0
DA:4,0
DA:5,0
DA:6,0
DA:7,0
DA:8,0
DA:9,0
DA:10,0
DA:11,0
DA:12,0
DA:13,0
DA:15,0
DA:19,5
DA:20,5
DA:21,5
DA:22,5
DA:23,5
DA:24,5
DA:25,4
DA:26,4
DA:27,4
DA:29,5
DA:30,4
DA:31,4
DA:32,4
DA:35,5
DA:39,12
DA:40,12
DA:41,12
DA:42,12
DA:43,12
DA:44,11
DA:45,11
DA:46,61
DA:47,61
DA:48,61
DA:49,61
DA:51,11
DA:52,11
DA:53,11
DA:54,11
DA:55,11
DA:56,11
DA:57,11
DA:59,12
DA:60,10
DA:61,51
DA:62,51
DA:63,51
DA:64,51
DA:66,10
DA:72,5
DA:73,5
DA:74,5
DA:75,5
DA:76,5
DA:77,5
DA:78,5
DA:81,5
DA:82,5
DA:83,5
DA:84,5
DA:85,5
DA:86,5
DA:88,5
DA:90,5
DA:91,5
DA:93,5
DA:94,30
DA:95,0
DA:97,30
DA:101,5
DA:102,10
DA:103,0
DA:105,10
DA:108,5
DA:109,5
DA:111,5
DA:114,5
DA:115,5
DA:116,5
DA:117,10
DA:118,10
DA:119,30
DA:120,30
DA:121,20
DA:123,10
DA:126,10
DA:130,5
DA:131,5
DA:132,10
DA:133,20
DA:134,20
DA:135,20
DA:136,10
DA:138,10
DA:142,5
DA:145,5
DA:146,5
DA:147,10
DA:148,10
DA:149,10
DA:150,5
DA:153,5
DA:156,5
DA:157,5
DA:158,10
DA:159,10
DA:160,5
DA:163,5
DA:166,5
DA:169,5
DA:170,5
DA:171,5
DA:174,5
DA:175,10
DA:176,10
DA:177,10
DA:178,10
DA:179,20
DA:180,10
DA:181,10
DA:182,10
DA:183,10
DA:184,5
DA:185,5
DA:186,5
DA:188,5
DA:189,5
DA:190,5
DA:195,5
DA:196,5
DA:198,5
DA:199,9
DA:200,9
DA:201,17
DA:202,9
DA:204,8
DA:207,1
DA:208,1
DA:211,8
DA:216,4
DA:219,5
DA:223,19
DA:224,19
DA:225,38
DA:226,76
DA:227,76
DA:228,38
DA:231,38
DA:232,19
DA:235,19
DA:236,19
DA:239,5
DA:240,5
DA:241,5
DA:243,5
DA:244,5
DA:245,5
DA:246,5
DA:248,5
DA:249,5
DA:250,0
DA:253,5
DA:255,4
DA:259,25
DA:260,25
DA:261,50
DA:262,100
DA:264,50
DA:266,25
DA:271,50
DA:276,50
DA:279,4
DA:280,4
DA:281,25
DA:282,25
DA:283,50
DA:284,50
DA:285,25
DA:288,25
DA:290,100
DA:293,25
DA:296,25
DA:299,25
DA:300,25
DA:301,25
DA:302,50
DA:303,50
DA:304,25
DA:307,25
DA:308,25
DA:309,25
DA:310,25
DA:311,0
DA:312,0
DA:314,25
DA:315,25
DA:316,0
DA:317,0
DA:321,8
DA:322,8
DA:323,16
DA:325,8
DA:328,4
DA:329,4
DA:330,4
DA:331,4
DA:333,16
DA:337,8
DA:341,4
DA:342,4
DA:343,4
DA:344,4
DA:345,4
DA:348,4
DA:349,4
DA:352,5
DA:353,5
DA:354,5
DA:358,1
DA:359,1
DA:360,1
DA:361,2
DA:362,2
DA:364,1
DA:365,4
DA:367,1
DA:371,32
DA:372,32
DA:373,129
DA:374,129
DA:375,827
DA:376,827
DA:377,545
DA:379,827
DA:380,129
DA:381,129
DA:382,698
DA:383,569
DA:384,569
DA:393,1
DA:394,1
DA:395,1
DA:396,2
DA:397,2
DA:399,1
DA:400,4
DA:402,1
DA:403,1
DA:410,1
DA:412,1
DA:413,20
DA:419,9
DA:420,9
DA:421,9
DA:422,9
DA:423,45
DA:424,45
DA:425,45
DA:426,45
DA:428,9
DA:429,9
DA:430,9
DA:431,9
DA:432,9
DA:433,9
DA:439,5
DA:442,5
DA:443,10
DA:447,5
DA:449,10
DA:450,10
DA:451,10
DA:452,5
DA:453,5
DA:454,5
DA:459,10
DA:460,25
DA:461,25
DA:462,25
DA:466,10
DA:467,5
DA:468,5
DA:469,5
DA:470,15
DA:471,5
DA:473,10
DA:474,10
DA:481,5
DA:482,10
DA:483,0
DA:488,5
DA:489,5
DA:490,10
DA:491,10
DA:492,10
DA:493,5
DA:494,5
DA:498,5
DA:503,30
DA:505,1
DA:506,1
LF:305
LH:284
BRDA:24,0,0,4
BRDA:24,0,1,1
BRDA:29,1,0,4
BRDA:29,1,1,1
BRDA:43,2,0,11
BRDA:43,2,1,1
BRDA:59,3,0,10
BRDA:59,3,1,2
BRDA:77,4,0,5
BRDA:77,4,1,0
BRDA:94,5,0,0
BRDA:94,5,1,30
BRDA:102,6,0,0
BRDA:102,6,1,10
BRDA:120,7,0,20
BRDA:120,7,1,10
BRDA:135,8,0,10
BRDA:135,8,1,10
BRDA:149,9,0,5
BRDA:149,9,1,5
BRDA:159,10,0,5
BRDA:159,10,1,5
BRDA:179,11,0,10
BRDA:179,11,1,10
BRDA:183,12,0,5
BRDA:183,12,1,5
BRDA:201,13,0,9
BRDA:201,13,1,8
BRDA:202,14,0,8
BRDA:202,14,1,1
BRDA:227,15,0,38
BRDA:227,15,1,38
BRDA:231,16,0,19
BRDA:231,16,1,19
BRDA:249,17,0,0
BRDA:249,17,1,5
BRDA:253,18,0,4
BRDA:253,18,1,1
BRDA:253,19,0,5
BRDA:253,19,1,4
BRDA:284,20,0,25
BRDA:284,20,1,25
BRDA:303,21,0,25
BRDA:303,21,1,25
BRDA:310,22,0,0
BRDA:310,22,1,25
BRDA:315,23,0,0
BRDA:315,23,1,25
BRDA:376,24,0,545
BRDA:376,24,1,282
BRDA:379,25,0,129
BRDA:379,25,1,698
BRDA:382,26,0,569
BRDA:382,26,1,129
BRDA:452,27,0,5
BRDA:452,27,1,0
BRDA:470,28,0,5
BRDA:470,28,1,10
BRDA:482,29,0,0
BRDA:482,29,1,10
BRDA:482,30,0,10
BRDA:482,30,1,0
BRDA:505,31,0,1
BRDA:505,31,1,0
BRDA:505,32,0,1
BRDA:505,32,1,1
BRF:66
BRH:56
end_of_record
TN:
SF:LineareOptimierung\scriptOptimierung.js
FN:2,(anonymous_0)
FN:29,(anonymous_1)
FN:33,(anonymous_2)
FN:34,(anonymous_3)
FN:36,(anonymous_4)
FN:40,(anonymous_5)
FN:70,(anonymous_6)
FN:77,(anonymous_7)
FN:78,(anonymous_8)
FN:82,(anonymous_9)
FN:83,(anonymous_10)
FN:88,(anonymous_11)
FN:143,(anonymous_12)
FN:156,(anonymous_13)
FN:171,(anonymous_14)
FN:173,(anonymous_15)
FN:175,(anonymous_16)
FN:214,(anonymous_17)
FN:263,(anonymous_18)
FN:265,(anonymous_19)
FN:266,(anonymous_20)
FN:366,(anonymous_21)
FN:371,(anonymous_22)
FN:376,(anonymous_23)
FN:388,(anonymous_24)
FN:400,(anonymous_25)
FN:456,extractVariablesAndCoefficients
FN:459,parseCoefficient
FN:471,extractFromExpression
FN:492,(anonymous_29)
FN:496,(anonymous_30)
FN:504,(anonymous_31)
FN:512,(anonymous_32)
FN:519,(anonymous_33)
FN:538,(anonymous_34)
FN:555,(anonymous_35)
FN:570,addConstraint
FN:592,reset
FN:618,checkInputs
FN:628,getInputs
FN:651,createDiagram
FN:664,skipForward
FN:688,playBranchAndBound
FN:726,(anonymous_43)
FN:730,skipBackward
FN:793,checkForUnboundedSolution
FN:846,updateResults
FN:866,setBBSolver
FNF:48
FNH:45
FNDA:16,(anonymous_0)
FNDA:1,(anonymous_1)
FNDA:17,(anonymous_2)
FNDA:34,(anonymous_3)
FNDA:102,(anonymous_4)
FNDA:204,(anonymous_5)
FNDA:34,(anonymous_6)
FNDA:5,(anonymous_7)
FNDA:10,(anonymous_8)
FNDA:5,(anonymous_9)
FNDA:6,(anonymous_10)
FNDA:1,(anonymous_11)
FNDA:0,(anonymous_12)
FNDA:0,(anonymous_13)
FNDA:7,(anonymous_14)
FNDA:13,(anonymous_15)
FNDA:26,(anonymous_16)
FNDA:7,(anonymous_17)
FNDA:4,(anonymous_18)
FNDA:4,(anonymous_19)
FNDA:4,(anonymous_20)
FNDA:4,(anonymous_21)
FNDA:2,(anonymous_22)
FNDA:4,(anonymous_23)
FNDA:3,(anonymous_24)
FNDA:16,(anonymous_25)
FNDA:10,extractVariablesAndCoefficients
FNDA:23,parseCoefficient
FNDA:15,extractFromExpression
FNDA:13,(anonymous_29)
FNDA:13,(anonymous_30)
FNDA:6,(anonymous_31)
FNDA:10,(anonymous_32)
FNDA:10,(anonymous_33)
FNDA:2,(anonymous_34)
FNDA:2,(anonymous_35)
FNDA:9,addConstraint
FNDA:5,reset
FNDA:2,checkInputs
FNDA:7,getInputs
FNDA:2,createDiagram
FNDA:2,skipForward
FNDA:3,playBranchAndBound
FNDA:0,(anonymous_43)
FNDA:2,skipBackward
FNDA:4,checkForUnboundedSolution
FNDA:3,updateResults
FNDA:8,setBBSolver
DA:3,16
DA:4,16
DA:5,16
DA:6,16
DA:7,16
DA:8,16
DA:9,16
DA:10,16
DA:11,16
DA:12,16
DA:13,16
DA:14,16
DA:15,16
DA:16,16
DA:17,16
DA:18,16
DA:19,16
DA:20,16
DA:21,16
DA:22,16
DA:23,16
DA:24,16
DA:25,16
DA:26,16
DA:30,1
DA:34,34
DA:36,17
DA:37,102
DA:38,102
DA:40,102
DA:41,204
DA:42,119
DA:44,119
DA:47,85
DA:48,85
DA:50,0
DA:52,85
DA:55,34
DA:56,34
DA:58,0
DA:60,34
DA:62,0
DA:63,0
DA:64,0
DA:70,34
DA:78,10
DA:83,6
DA:84,5
DA:89,1
DA:90,1
DA:91,1
DA:92,0
DA:93,0
DA:95,1
DA:96,1
DA:97,1
DA:98,1
DA:99,1
DA:100,1
DA:101,1
DA:103,1
DA:105,1
DA:113,1
DA:124,1
DA:144,0
DA:157,0
DA:165,1
DA:167,1
DA:168,1
DA:172,7
DA:173,7
DA:175,13
DA:176,26
DA:179,13
DA:180,13
DA:184,13
DA:186,1
DA:187,1
DA:189,9
DA:190,9
DA:192,1
DA:193,1
DA:195,1
DA:196,1
DA:198,0
DA:199,0
DA:201,1
DA:202,1
DA:205,13
DA:206,13
DA:209,7
DA:210,7
DA:216,7
DA:217,2
DA:223,2
DA:238,2
DA:241,5
DA:242,5
DA:244,5
DA:245,5
DA:246,5
DA:247,1
DA:249,1
DA:250,1
DA:252,4
DA:263,4
DA:264,4
DA:265,4
DA:266,4
DA:267,4
DA:268,4
DA:270,4
DA:271,4
DA:272,1
DA:274,1
DA:275,0
DA:293,1
DA:308,1
DA:309,3
DA:310,1
DA:311,1
DA:312,1
DA:313,1
DA:314,1
DA:329,1
DA:331,2
DA:332,1
DA:333,1
DA:334,1
DA:335,1
DA:351,1
DA:352,1
DA:353,1
DA:356,4
DA:357,4
DA:358,4
DA:366,4
DA:367,4
DA:368,4
DA:370,4
DA:371,2
DA:372,2
DA:375,4
DA:376,4
DA:377,4
DA:381,4
DA:382,4
DA:383,4
DA:385,4
DA:389,3
DA:390,1
DA:391,1
DA:392,1
DA:393,1
DA:394,1
DA:397,2
DA:401,16
DA:402,16
DA:404,16
DA:452,16
DA:457,10
DA:461,23
DA:462,3
DA:463,3
DA:466,20
DA:467,7
DA:468,5
DA:474,15
DA:476,15
DA:478,15
DA:479,23
DA:480,23
DA:481,23
DA:484,15
DA:488,10
DA:491,10
DA:492,13
DA:495,10
DA:496,13
DA:497,10
DA:500,10
DA:501,10
DA:502,10
DA:504,10
DA:506,6
DA:507,6
DA:508,5
DA:509,5
DA:512,10
DA:515,5
DA:516,5
DA:519,10
DA:520,5
DA:522,1
DA:525,10
DA:528,10
DA:538,1
DA:539,2
DA:540,2
DA:541,2
DA:542,2
DA:543,2
DA:544,2
DA:545,2
DA:546,2
DA:547,2
DA:548,2
DA:549,2
DA:550,2
DA:551,2
DA:552,2
DA:553,2
DA:555,2
DA:556,2
DA:557,2
DA:558,2
DA:563,1
DA:564,1
DA:565,1
DA:566,1
DA:567,1
DA:568,1
DA:571,9
DA:572,9
DA:573,7
DA:574,7
DA:575,7
DA:579,7
DA:580,2
DA:581,1
DA:582,1
DA:583,1
DA:587,1
DA:588,1
DA:594,5
DA:595,5
DA:598,5
DA:599,0
DA:600,0
DA:602,5
DA:603,50
DA:604,50
DA:606,5
DA:607,5
DA:608,5
DA:609,5
DA:610,5
DA:611,5
DA:612,5
DA:613,5
DA:614,5
DA:615,5
DA:619,2
DA:620,2
DA:621,1
DA:623,1
DA:629,7
DA:630,7
DA:631,7
DA:632,7
DA:633,7
DA:634,7
DA:635,7
DA:636,7
DA:638,7
DA:639,70
DA:640,70
DA:641,70
DA:642,0
DA:645,7
DA:646,7
DA:647,7
DA:648,7
DA:653,2
DA:654,2
DA:655,0
DA:656,0
DA:657,0
DA:658,0
DA:660,2
DA:665,2
DA:666,2
DA:667,2
DA:668,1
DA:669,1
DA:670,1
DA:671,1
DA:672,1
DA:674,1
DA:675,1
DA:676,1
DA:678,0
DA:679,0
DA:680,0
DA:681,0
DA:683,1
DA:690,3
DA:691,3
DA:692,3
DA:693,3
DA:694,1
DA:695,1
DA:696,1
DA:698,2
DA:699,2
DA:700,2
DA:702,3
DA:703,1
DA:704,1
DA:705,0
DA:706,0
DA:708,1
DA:709,1
DA:713,2
DA:714,2
DA:715,1
DA:716,1
DA:717,1
DA:719,1
DA:720,1
DA:721,1
DA:722,1
DA:723,1
DA:724,1
DA:726,0
DA:732,2
DA:733,2
DA:735,2
DA:736,2
DA:737,2
DA:738,2
DA:739,1
DA:742,1
DA:743,1
DA:746,1
DA:747,1
DA:750,1
DA:751,1
DA:752,1
DA:753,1
DA:754,1
DA:755,1
DA:756,1
DA:758,1
DA:759,1
DA:760,1
DA:761,1
DA:762,1
DA:764,1
DA:765,0
DA:782,1
DA:790,1
DA:795,4
DA:796,4
DA:799,4
DA:802,4
DA:803,0
DA:804,0
DA:807,0
DA:808,0
DA:809,0
DA:812,0
DA:813,0
DA:820,4
DA:821,4
DA:822,4
DA:823,4
DA:828,4
DA:829,4
DA:832,4
DA:839,4
DA:842,0
DA:847,3
DA:848,3
DA:849,3
DA:850,3
DA:851,3
DA:852,3
DA:854,3
DA:855,3
DA:856,3
DA:857,1
DA:859,2
DA:861,3
DA:862,3
DA:863,3
DA:867,8
DA:869,1
DA:870,1
LF:389
LH:354
BRDA:41,0,0,119
BRDA:41,0,1,85
BRDA:41,1,0,204
BRDA:41,1,1,119
BRDA:44,2,0,17
BRDA:44,2,1,85
BRDA:44,2,2,17
BRDA:44,2,3,34
BRDA:44,2,4,0
BRDA:47,3,0,85
BRDA:47,3,1,0
BRDA:55,4,0,34
BRDA:55,4,1,0
BRDA:71,5,0,34
BRDA:71,5,1,0
BRDA:72,6,0,34
BRDA:72,6,1,0
BRDA:91,7,0,1
BRDA:91,7,1,1
BRDA:184,8,0,1
BRDA:184,8,1,9
BRDA:184,8,2,1
BRDA:184,8,3,1
BRDA:184,8,4,0
BRDA:184,8,5,1
BRDA:216,9,0,2
BRDA:216,9,1,5
BRDA:216,10,0,7
BRDA:216,10,1,5
BRDA:246,11,0,1
BRDA:246,11,1,4
BRDA:246,12,0,5
BRDA:246,12,1,1
BRDA:246,12,2,1
BRDA:271,13,0,1
BRDA:271,13,1,3
BRDA:274,14,0,0
BRDA:274,14,1,1
BRDA:274,15,0,1
BRDA:274,15,1,0
BRDA:309,16,0,1
BRDA:309,16,1,2
BRDA:331,17,0,1
BRDA:331,17,1,1
BRDA:357,18,0,4
BRDA:357,18,1,0
BRDA:370,19,0,2
BRDA:370,19,1,2
BRDA:371,20,0,2
BRDA:371,20,1,0
BRDA:375,21,0,4
BRDA:375,21,1,0
BRDA:376,22,0,4
BRDA:376,22,1,0
BRDA:389,23,0,1
BRDA:389,23,1,2
BRDA:391,24,0,1
BRDA:391,24,1,0
BRDA:461,25,0,3
BRDA:461,25,1,20
BRDA:466,26,0,13
BRDA:466,26,1,7
BRDA:466,27,0,20
BRDA:466,27,1,10
BRDA:467,28,0,2
BRDA:467,28,1,5
BRDA:468,29,0,5
BRDA:468,29,1,0
BRDA:496,30,0,13
BRDA:496,30,1,0
BRDA:507,31,0,5
BRDA:507,31,1,1
BRDA:519,32,0,10
BRDA:519,32,1,0
BRDA:572,33,0,7
BRDA:572,33,1,2
BRDA:580,34,0,1
BRDA:580,34,1,1
BRDA:598,35,0,0
BRDA:598,35,1,5
BRDA:604,36,0,10
BRDA:604,36,1,40
BRDA:620,37,0,1
BRDA:620,37,1,1
BRDA:640,38,0,14
BRDA:640,38,1,56
BRDA:641,39,0,0
BRDA:641,39,1,70
BRDA:641,40,0,70
BRDA:641,40,1,14
BRDA:654,41,0,0
BRDA:654,41,1,2
BRDA:667,42,0,1
BRDA:667,42,1,1
BRDA:676,43,0,0
BRDA:676,43,1,1
BRDA:693,44,0,1
BRDA:693,44,1,2
BRDA:702,45,0,1
BRDA:702,45,1,2
BRDA:704,46,0,0
BRDA:704,46,1,1
BRDA:714,47,0,1
BRDA:714,47,1,1
BRDA:721,48,0,1
BRDA:721,48,1,0
BRDA:726,49,0,0
BRDA:726,49,1,0
BRDA:738,50,0,1
BRDA:738,50,1,1
BRDA:764,51,0,0
BRDA:764,51,1,1
BRDA:807,52,0,0
BRDA:807,52,1,0
BRDA:807,53,0,0
BRDA:807,53,1,0
BRDA:812,54,0,0
BRDA:812,54,1,0
BRDA:822,55,0,4
BRDA:822,55,1,0
BRDA:828,56,0,4
BRDA:828,56,1,0
BRDA:856,57,0,1
BRDA:856,57,1,2
BRDA:869,58,0,1
BRDA:869,58,1,0
BRDA:869,59,0,1
BRDA:869,59,1,1
BRF:128
BRH:94
end_of_record
TN:
SF:NumerischeIntegration\scriptIntegration.js
FN:3,ggbOnInit
FN:16,(anonymous_1)
FN:48,playPauseHandler
FN:62,(anonymous_3)
FN:84,(anonymous_4)
FN:93,stammfunktionChangeHandler
FN:113,validateInputs
FN:129,stepwiseChange
FN:150,trapezRegel
FN:161,(anonymous_9)
FN:172,simpsonRegel
FN:197,berechneIntegral
FN:276,(anonymous_12)
FN:337,downloadImageHandler
FN:347,resetAxesHandler
FN:355,areFunctionsEquivalent
FN:373,erstelleHistogramm
FN:376,(anonymous_17)
FN:378,(anonymous_18)
FN:381,(anonymous_19)
FN:408,berechneAbweichungen
FN:435,checkInputs
FN:459,berechneFehlerFürTrapeze
FN:478,bewegePunkt
FN:497,updateHeader
FN:541,zeichneFunktion
FN:550,zeichneFunktionTrapez
FN:603,zeichneFunktionSimpson
FNF:28
FNH:27
FNDA:2,ggbOnInit
FNDA:1,(anonymous_1)
FNDA:2,playPauseHandler
FNDA:1,(anonymous_3)
FNDA:2,(anonymous_4)
FNDA:2,stammfunktionChangeHandler
FNDA:2,validateInputs
FNDA:1,stepwiseChange
FNDA:12,trapezRegel
FNDA:37,(anonymous_9)
FNDA:15,simpsonRegel
FNDA:5,berechneIntegral
FNDA:0,(anonymous_12)
FNDA:1,downloadImageHandler
FNDA:1,resetAxesHandler
FNDA:7,areFunctionsEquivalent
FNDA:2,erstelleHistogramm
FNDA:5,(anonymous_17)
FNDA:5,(anonymous_18)
FNDA:10,(anonymous_19)
FNDA:2,berechneAbweichungen
FNDA:7,checkInputs
FNDA:2,berechneFehlerFürTrapeze
FNDA:4,bewegePunkt
FNDA:5,updateHeader
FNDA:15,zeichneFunktion
FNDA:1,zeichneFunktionTrapez
FNDA:16,zeichneFunktionSimpson
DA:4,2
DA:5,2
DA:6,2
DA:7,1
DA:8,1
DA:10,0
DA:13,1
DA:16,1
DA:17,1
DA:18,1
DA:30,1
DA:31,1
DA:32,1
DA:33,1
DA:35,1
DA:36,1
DA:37,1
DA:38,1
DA:39,1
DA:40,1
DA:41,1
DA:46,1
DA:49,2
DA:50,2
DA:51,2
DA:52,2
DA:53,2
DA:54,1
DA:55,1
DA:57,1
DA:58,1
DA:59,1
DA:60,1
DA:62,1
DA:63,1
DA:64,2
DA:65,0
DA:66,0
DA:68,2
DA:69,2
DA:71,2
DA:72,0
DA:74,2
DA:76,2
DA:77,2
DA:78,2
DA:79,0
DA:80,0
DA:82,0
DA:84,2
DA:85,1
DA:87,0
DA:88,0
DA:94,2
DA:95,2
DA:96,2
DA:97,2
DA:100,2
DA:101,1
DA:102,1
DA:103,1
DA:104,1
DA:106,1
DA:107,1
DA:108,1
DA:109,1
DA:114,2
DA:115,2
DA:116,2
DA:118,2
DA:120,2
DA:121,0
DA:122,0
DA:124,2
DA:125,2
DA:130,1
DA:131,1
DA:132,1
DA:133,1
DA:135,1
DA:136,0
DA:138,1
DA:140,1
DA:141,1
DA:142,1
DA:143,0
DA:144,0
DA:146,0
DA:152,12
DA:154,12
DA:156,12
DA:157,12
DA:158,37
DA:161,37
DA:163,12
DA:164,12
DA:165,13
DA:167,12
DA:169,12
DA:174,15
DA:176,15
DA:178,15
DA:180,15
DA:181,75
DA:182,75
DA:183,75
DA:185,75
DA:186,75
DA:187,75
DA:189,75
DA:190,75
DA:193,15
DA:198,5
DA:199,5
DA:200,5
DA:202,5
DA:203,5
DA:204,5
DA:205,5
DA:206,5
DA:207,5
DA:208,5
DA:209,5
DA:210,5
DA:211,5
DA:213,5
DA:214,5
DA:216,5
DA:217,5
DA:218,5
DA:221,0
DA:222,0
DA:223,0
DA:224,0
DA:227,5
DA:228,5
DA:229,5
DA:230,1
DA:231,1
DA:233,4
DA:234,4
DA:235,4
DA:238,5
DA:239,5
DA:247,0
DA:248,0
DA:265,0
DA:267,0
DA:268,0
DA:269,0
DA:270,0
DA:271,0
DA:273,0
DA:275,0
DA:276,0
DA:283,0
DA:294,0
DA:302,0
DA:330,0
DA:332,0
DA:338,1
DA:348,1
DA:356,7
DA:357,7
DA:358,5
DA:360,5
DA:361,0
DA:362,0
DA:363,0
DA:365,0
DA:367,7
DA:368,7
DA:374,2
DA:375,2
DA:376,5
DA:378,5
DA:381,10
DA:383,2
DA:384,2
DA:409,2
DA:410,2
DA:412,2
DA:413,10
DA:414,10
DA:416,10
DA:417,10
DA:418,10
DA:419,10
DA:420,10
DA:421,10
DA:422,10
DA:424,0
DA:426,10
DA:427,10
DA:428,10
DA:430,2
DA:431,2
DA:436,7
DA:437,7
DA:438,7
DA:439,7
DA:440,7
DA:441,7
DA:442,7
DA:444,7
DA:445,7
DA:446,7
DA:447,7
DA:448,7
DA:449,7
DA:451,0
DA:452,0
DA:453,0
DA:454,0
DA:455,0
DA:460,2
DA:461,2
DA:463,2
DA:464,10
DA:465,10
DA:466,0
DA:468,10
DA:470,10
DA:471,10
DA:472,10
DA:475,2
DA:479,4
DA:480,4
DA:481,1
DA:484,3
DA:486,4
DA:487,4
DA:488,1
DA:489,1
DA:491,1
DA:493,3
DA:498,5
DA:499,0
DA:501,5
DA:502,5
DA:503,5
DA:504,5
DA:505,5
DA:506,5
DA:508,0
DA:509,0
DA:510,0
DA:511,0
DA:512,0
DA:513,0
DA:514,0
DA:515,0
DA:516,0
DA:518,5
DA:519,5
DA:520,5
DA:521,5
DA:522,5
DA:523,5
DA:524,5
DA:525,5
DA:526,5
DA:529,0
DA:530,0
DA:531,0
DA:532,0
DA:533,0
DA:534,0
DA:542,15
DA:543,1
DA:544,1
DA:546,14
DA:547,14
DA:551,1
DA:552,1
DA:553,1
DA:554,1
DA:555,1
DA:556,1
DA:557,1
DA:558,1
DA:559,1
DA:560,1
DA:561,0
DA:562,0
DA:563,0
DA:565,1
DA:566,1
DA:567,1
DA:568,1
DA:569,1
DA:570,10
DA:572,10
DA:574,10
DA:575,10
DA:578,10
DA:579,10
DA:580,10
DA:581,10
DA:583,10
DA:584,10
DA:585,10
DA:586,10
DA:587,10
DA:588,10
DA:589,10
DA:590,10
DA:594,0
DA:596,1
DA:597,1
DA:598,1
DA:599,1
DA:600,1
DA:604,16
DA:605,16
DA:606,16
DA:607,16
DA:608,16
DA:609,16
DA:610,16
DA:611,16
DA:612,16
DA:613,2
DA:614,0
DA:615,0
DA:616,0
DA:618,2
DA:619,2
DA:620,2
DA:621,2
DA:622,2
DA:623,11
DA:625,11
DA:626,11
DA:629,11
DA:630,11
DA:631,11
DA:636,11
DA:642,11
DA:645,11
DA:646,10
DA:647,10
DA:648,10
DA:649,10
DA:650,10
DA:651,0
DA:655,10
DA:656,10
DA:658,10
DA:659,10
DA:660,10
DA:661,10
DA:663,10
DA:664,10
DA:665,10
DA:666,10
DA:667,10
DA:668,10
DA:669,10
DA:670,10
DA:677,15
DA:679,16
DA:680,16
DA:681,16
DA:682,16
DA:685,1
DA:686,1
LF:367
LH:297
BRDA:6,0,0,1
BRDA:6,0,1,1
BRDA:53,1,0,1
BRDA:53,1,1,1
BRDA:64,2,0,0
BRDA:64,2,1,2
BRDA:71,3,0,0
BRDA:71,3,1,2
BRDA:78,4,0,0
BRDA:78,4,1,2
BRDA:100,5,0,1
BRDA:100,5,1,1
BRDA:120,6,0,0
BRDA:120,6,1,2
BRDA:135,7,0,0
BRDA:135,7,1,1
BRDA:142,8,0,0
BRDA:142,8,1,1
BRDA:199,9,0,5
BRDA:199,9,1,0
BRDA:217,10,0,5
BRDA:217,10,1,0
BRDA:229,11,0,1
BRDA:229,11,1,4
BRDA:238,12,0,5
BRDA:238,12,1,0
BRDA:270,13,0,0
BRDA:270,13,1,0
BRDA:375,14,0,1
BRDA:375,14,1,1
BRDA:421,15,0,10
BRDA:421,15,1,0
BRDA:444,16,0,7
BRDA:444,16,1,0
BRDA:444,17,0,7
BRDA:444,17,1,7
BRDA:444,17,2,7
BRDA:444,17,3,7
BRDA:465,18,0,0
BRDA:465,18,1,10
BRDA:480,19,0,1
BRDA:480,19,1,3
BRDA:487,20,0,1
BRDA:487,20,1,3
BRDA:498,21,0,0
BRDA:498,21,1,5
BRDA:502,22,0,5
BRDA:502,22,1,0
BRDA:505,23,0,5
BRDA:505,23,1,0
BRDA:520,24,0,5
BRDA:520,24,1,0
BRDA:542,25,0,1
BRDA:542,25,1,14
BRDA:560,26,0,0
BRDA:560,26,1,1
BRDA:613,27,0,0
BRDA:613,27,1,2
BRDA:650,28,0,0
BRDA:650,28,1,10
BRDA:685,29,0,1
BRDA:685,29,1,0
BRDA:685,30,0,1
BRDA:685,30,1,1
BRF:64
BRH:42
end_of_record
